to. 06. mai 10:50:31 +0200 2021
     rx_packets: 7771400
     rx_errors: 0
     tx_errors: 0
     rx_dropped: 0
     rx_length_errors: 0
     rx_crc_errors: 0
     veb.tx_errors: 0
     veb.tc_0_rx_packets: 0
     veb.tc_1_rx_packets: 0
     veb.tc_2_rx_packets: 0
     veb.tc_3_rx_packets: 0
     veb.tc_4_rx_packets: 0
     veb.tc_5_rx_packets: 0
     veb.tc_6_rx_packets: 0
     veb.tc_7_rx_packets: 0
     port.tx_errors: 0
     port.rx_dropped: 0
     port.rx_crc_errors: 0
     port.rx_length_errors: 0

to. 06. mai 10:50:41 +0200 2021
     rx_packets: 27125050
     rx_errors: 0
     tx_errors: 0
     rx_dropped: 17716
     rx_length_errors: 0
     rx_crc_errors: 0
     veb.tx_errors: 0
     veb.tc_0_rx_packets: 0
     veb.tc_1_rx_packets: 0
     veb.tc_2_rx_packets: 0
     veb.tc_3_rx_packets: 0
     veb.tc_4_rx_packets: 0
     veb.tc_5_rx_packets: 0
     veb.tc_6_rx_packets: 0
     veb.tc_7_rx_packets: 0
     port.tx_errors: 0
     port.rx_dropped: 0
     port.rx_crc_errors: 0
     port.rx_length_errors: 0

to. 06. mai 10:50:51 +0200 2021
     rx_packets: 46495188
     rx_errors: 0
     tx_errors: 0
     rx_dropped: 17716
     rx_length_errors: 0
     rx_crc_errors: 0
     veb.tx_errors: 0
     veb.tc_0_rx_packets: 0
     veb.tc_1_rx_packets: 0
     veb.tc_2_rx_packets: 0
     veb.tc_3_rx_packets: 0
     veb.tc_4_rx_packets: 0
     veb.tc_5_rx_packets: 0
     veb.tc_6_rx_packets: 0
     veb.tc_7_rx_packets: 0
     port.tx_errors: 0
     port.rx_dropped: 0
     port.rx_crc_errors: 0
     port.rx_length_errors: 0

to. 06. mai 10:51:01 +0200 2021
     rx_packets: 65865330
     rx_errors: 0
     tx_errors: 0
     rx_dropped: 17716
     rx_length_errors: 0
     rx_crc_errors: 0
     veb.tx_errors: 0
     veb.tc_0_rx_packets: 0
     veb.tc_1_rx_packets: 0
     veb.tc_2_rx_packets: 0
     veb.tc_3_rx_packets: 0
     veb.tc_4_rx_packets: 0
     veb.tc_5_rx_packets: 0
     veb.tc_6_rx_packets: 0
     veb.tc_7_rx_packets: 0
     port.tx_errors: 0
     port.rx_dropped: 0
     port.rx_crc_errors: 0
     port.rx_length_errors: 0

to. 06. mai 10:51:11 +0200 2021
     rx_packets: 85235979
     rx_errors: 0
     tx_errors: 0
     rx_dropped: 17716
     rx_length_errors: 0
     rx_crc_errors: 0
     veb.tx_errors: 0
     veb.tc_0_rx_packets: 0
     veb.tc_1_rx_packets: 0
     veb.tc_2_rx_packets: 0
     veb.tc_3_rx_packets: 0
     veb.tc_4_rx_packets: 0
     veb.tc_5_rx_packets: 0
     veb.tc_6_rx_packets: 0
     veb.tc_7_rx_packets: 0
     port.tx_errors: 0
     port.rx_dropped: 0
     port.rx_crc_errors: 0
     port.rx_length_errors: 0

to. 06. mai 10:51:21 +0200 2021
     rx_packets: 104606404
     rx_errors: 0
     tx_errors: 0
     rx_dropped: 17716
     rx_length_errors: 0
     rx_crc_errors: 0
     veb.tx_errors: 0
     veb.tc_0_rx_packets: 0
     veb.tc_1_rx_packets: 0
     veb.tc_2_rx_packets: 0
     veb.tc_3_rx_packets: 0
     veb.tc_4_rx_packets: 0
     veb.tc_5_rx_packets: 0
     veb.tc_6_rx_packets: 0
     veb.tc_7_rx_packets: 0
     port.tx_errors: 0
     port.rx_dropped: 0
     port.rx_crc_errors: 0
     port.rx_length_errors: 0

to. 06. mai 10:51:31 +0200 2021
     rx_packets: 123954462
     rx_errors: 0
     tx_errors: 0
     rx_dropped: 40868
     rx_length_errors: 0
     rx_crc_errors: 0
     veb.tx_errors: 0
     veb.tc_0_rx_packets: 0
     veb.tc_1_rx_packets: 0
     veb.tc_2_rx_packets: 0
     veb.tc_3_rx_packets: 0
     veb.tc_4_rx_packets: 0
     veb.tc_5_rx_packets: 0
     veb.tc_6_rx_packets: 0
     veb.tc_7_rx_packets: 0
     port.tx_errors: 0
     port.rx_dropped: 0
     port.rx_crc_errors: 0
     port.rx_length_errors: 0

to. 06. mai 10:51:41 +0200 2021
     rx_packets: 143325753
     rx_errors: 0
     tx_errors: 0
     rx_dropped: 40868
     rx_length_errors: 0
     rx_crc_errors: 0
     veb.tx_errors: 0
     veb.tc_0_rx_packets: 0
     veb.tc_1_rx_packets: 0
     veb.tc_2_rx_packets: 0
     veb.tc_3_rx_packets: 0
     veb.tc_4_rx_packets: 0
     veb.tc_5_rx_packets: 0
     veb.tc_6_rx_packets: 0
     veb.tc_7_rx_packets: 0
     port.tx_errors: 0
     port.rx_dropped: 0
     port.rx_crc_errors: 0
     port.rx_length_errors: 0

to. 06. mai 10:51:51 +0200 2021
     rx_packets: 162696264
     rx_errors: 0
     tx_errors: 0
     rx_dropped: 40868
     rx_length_errors: 0
     rx_crc_errors: 0
     veb.tx_errors: 0
     veb.tc_0_rx_packets: 0
     veb.tc_1_rx_packets: 0
     veb.tc_2_rx_packets: 0
     veb.tc_3_rx_packets: 0
     veb.tc_4_rx_packets: 0
     veb.tc_5_rx_packets: 0
     veb.tc_6_rx_packets: 0
     veb.tc_7_rx_packets: 0
     port.tx_errors: 0
     port.rx_dropped: 0
     port.rx_crc_errors: 0
     port.rx_length_errors: 0

to. 06. mai 10:52:01 +0200 2021
     rx_packets: 182067492
     rx_errors: 0
     tx_errors: 0
     rx_dropped: 40868
     rx_length_errors: 0
     rx_crc_errors: 0
     veb.tx_errors: 0
     veb.tc_0_rx_packets: 0
     veb.tc_1_rx_packets: 0
     veb.tc_2_rx_packets: 0
     veb.tc_3_rx_packets: 0
     veb.tc_4_rx_packets: 0
     veb.tc_5_rx_packets: 0
     veb.tc_6_rx_packets: 0
     veb.tc_7_rx_packets: 0
     port.tx_errors: 0
     port.rx_dropped: 0
     port.rx_crc_errors: 0
     port.rx_length_errors: 0

to. 06. mai 10:52:11 +0200 2021
     rx_packets: 201415907
     rx_errors: 0
     tx_errors: 0
     rx_dropped: 65151
     rx_length_errors: 0
     rx_crc_errors: 0
     veb.tx_errors: 0
     veb.tc_0_rx_packets: 0
     veb.tc_1_rx_packets: 0
     veb.tc_2_rx_packets: 0
     veb.tc_3_rx_packets: 0
     veb.tc_4_rx_packets: 0
     veb.tc_5_rx_packets: 0
     veb.tc_6_rx_packets: 0
     veb.tc_7_rx_packets: 0
     port.tx_errors: 0
     port.rx_dropped: 0
     port.rx_crc_errors: 0
     port.rx_length_errors: 0

to. 06. mai 10:52:21 +0200 2021
     rx_packets: 220785214
     rx_errors: 0
     tx_errors: 0
     rx_dropped: 65151
     rx_length_errors: 0
     rx_crc_errors: 0
     veb.tx_errors: 0
     veb.tc_0_rx_packets: 0
     veb.tc_1_rx_packets: 0
     veb.tc_2_rx_packets: 0
     veb.tc_3_rx_packets: 0
     veb.tc_4_rx_packets: 0
     veb.tc_5_rx_packets: 0
     veb.tc_6_rx_packets: 0
     veb.tc_7_rx_packets: 0
     port.tx_errors: 0
     port.rx_dropped: 0
     port.rx_crc_errors: 0
     port.rx_length_errors: 0

to. 06. mai 10:52:31 +0200 2021
     rx_packets: 240155777
     rx_errors: 0
     tx_errors: 0
     rx_dropped: 65151
     rx_length_errors: 0
     rx_crc_errors: 0
     veb.tx_errors: 0
     veb.tc_0_rx_packets: 0
     veb.tc_1_rx_packets: 0
     veb.tc_2_rx_packets: 0
     veb.tc_3_rx_packets: 0
     veb.tc_4_rx_packets: 0
     veb.tc_5_rx_packets: 0
     veb.tc_6_rx_packets: 0
     veb.tc_7_rx_packets: 0
     port.tx_errors: 0
     port.rx_dropped: 0
     port.rx_crc_errors: 0
     port.rx_length_errors: 0

to. 06. mai 10:52:41 +0200 2021
     rx_packets: 259526960
     rx_errors: 0
     tx_errors: 0
     rx_dropped: 65151
     rx_length_errors: 0
     rx_crc_errors: 0
     veb.tx_errors: 0
     veb.tc_0_rx_packets: 0
     veb.tc_1_rx_packets: 0
     veb.tc_2_rx_packets: 0
     veb.tc_3_rx_packets: 0
     veb.tc_4_rx_packets: 0
     veb.tc_5_rx_packets: 0
     veb.tc_6_rx_packets: 0
     veb.tc_7_rx_packets: 0
     port.tx_errors: 0
     port.rx_dropped: 0
     port.rx_crc_errors: 0
     port.rx_length_errors: 0

to. 06. mai 10:52:51 +0200 2021
     rx_packets: 278897274
     rx_errors: 0
     tx_errors: 0
     rx_dropped: 65212
     rx_length_errors: 0
     rx_crc_errors: 0
     veb.tx_errors: 0
     veb.tc_0_rx_packets: 0
     veb.tc_1_rx_packets: 0
     veb.tc_2_rx_packets: 0
     veb.tc_3_rx_packets: 0
     veb.tc_4_rx_packets: 0
     veb.tc_5_rx_packets: 0
     veb.tc_6_rx_packets: 0
     veb.tc_7_rx_packets: 0
     port.tx_errors: 0
     port.rx_dropped: 0
     port.rx_crc_errors: 0
     port.rx_length_errors: 0

to. 06. mai 10:53:01 +0200 2021
     rx_packets: 298207565
     rx_errors: 0
     tx_errors: 0
     rx_dropped: 126709
     rx_length_errors: 0
     rx_crc_errors: 0
     veb.tx_errors: 0
     veb.tc_0_rx_packets: 0
     veb.tc_1_rx_packets: 0
     veb.tc_2_rx_packets: 0
     veb.tc_3_rx_packets: 0
     veb.tc_4_rx_packets: 0
     veb.tc_5_rx_packets: 0
     veb.tc_6_rx_packets: 0
     veb.tc_7_rx_packets: 0
     port.tx_errors: 0
     port.rx_dropped: 0
     port.rx_crc_errors: 0
     port.rx_length_errors: 0

to. 06. mai 10:53:11 +0200 2021
     rx_packets: 317578995
     rx_errors: 0
     tx_errors: 0
     rx_dropped: 126709
     rx_length_errors: 0
     rx_crc_errors: 0
     veb.tx_errors: 0
     veb.tc_0_rx_packets: 0
     veb.tc_1_rx_packets: 0
     veb.tc_2_rx_packets: 0
     veb.tc_3_rx_packets: 0
     veb.tc_4_rx_packets: 0
     veb.tc_5_rx_packets: 0
     veb.tc_6_rx_packets: 0
     veb.tc_7_rx_packets: 0
     port.tx_errors: 0
     port.rx_dropped: 0
     port.rx_crc_errors: 0
     port.rx_length_errors: 0

to. 06. mai 10:53:21 +0200 2021
     rx_packets: 336948750
     rx_errors: 0
     tx_errors: 0
     rx_dropped: 126709
     rx_length_errors: 0
     rx_crc_errors: 0
     veb.tx_errors: 0
     veb.tc_0_rx_packets: 0
     veb.tc_1_rx_packets: 0
     veb.tc_2_rx_packets: 0
     veb.tc_3_rx_packets: 0
     veb.tc_4_rx_packets: 0
     veb.tc_5_rx_packets: 0
     veb.tc_6_rx_packets: 0
     veb.tc_7_rx_packets: 0
     port.tx_errors: 0
     port.rx_dropped: 0
     port.rx_crc_errors: 0
     port.rx_length_errors: 0

to. 06. mai 10:53:31 +0200 2021
     rx_packets: 356320249
     rx_errors: 0
     tx_errors: 0
     rx_dropped: 126709
     rx_length_errors: 0
     rx_crc_errors: 0
     veb.tx_errors: 0
     veb.tc_0_rx_packets: 0
     veb.tc_1_rx_packets: 0
     veb.tc_2_rx_packets: 0
     veb.tc_3_rx_packets: 0
     veb.tc_4_rx_packets: 0
     veb.tc_5_rx_packets: 0
     veb.tc_6_rx_packets: 0
     veb.tc_7_rx_packets: 0
     port.tx_errors: 0
     port.rx_dropped: 0
     port.rx_crc_errors: 0
     port.rx_length_errors: 0

to. 06. mai 10:53:41 +0200 2021
     rx_packets: 375691069
     rx_errors: 0
     tx_errors: 0
     rx_dropped: 126709
     rx_length_errors: 0
     rx_crc_errors: 0
     veb.tx_errors: 0
     veb.tc_0_rx_packets: 0
     veb.tc_1_rx_packets: 0
     veb.tc_2_rx_packets: 0
     veb.tc_3_rx_packets: 0
     veb.tc_4_rx_packets: 0
     veb.tc_5_rx_packets: 0
     veb.tc_6_rx_packets: 0
     veb.tc_7_rx_packets: 0
     port.tx_errors: 0
     port.rx_dropped: 0
     port.rx_crc_errors: 0
     port.rx_length_errors: 0

to. 06. mai 10:53:51 +0200 2021
     rx_packets: 395060204
     rx_errors: 0
     tx_errors: 0
     rx_dropped: 126709
     rx_length_errors: 0
     rx_crc_errors: 0
     veb.tx_errors: 0
     veb.tc_0_rx_packets: 0
     veb.tc_1_rx_packets: 0
     veb.tc_2_rx_packets: 0
     veb.tc_3_rx_packets: 0
     veb.tc_4_rx_packets: 0
     veb.tc_5_rx_packets: 0
     veb.tc_6_rx_packets: 0
     veb.tc_7_rx_packets: 0
     port.tx_errors: 0
     port.rx_dropped: 0
     port.rx_crc_errors: 0
     port.rx_length_errors: 0

to. 06. mai 10:54:01 +0200 2021
     rx_packets: 414430997
     rx_errors: 0
     tx_errors: 0
     rx_dropped: 126709
     rx_length_errors: 0
     rx_crc_errors: 0
     veb.tx_errors: 0
     veb.tc_0_rx_packets: 0
     veb.tc_1_rx_packets: 0
     veb.tc_2_rx_packets: 0
     veb.tc_3_rx_packets: 0
     veb.tc_4_rx_packets: 0
     veb.tc_5_rx_packets: 0
     veb.tc_6_rx_packets: 0
     veb.tc_7_rx_packets: 0
     port.tx_errors: 0
     port.rx_dropped: 0
     port.rx_crc_errors: 0
     port.rx_length_errors: 0

to. 06. mai 10:54:11 +0200 2021
     rx_packets: 433802235
     rx_errors: 0
     tx_errors: 0
     rx_dropped: 126709
     rx_length_errors: 0
     rx_crc_errors: 0
     veb.tx_errors: 0
     veb.tc_0_rx_packets: 0
     veb.tc_1_rx_packets: 0
     veb.tc_2_rx_packets: 0
     veb.tc_3_rx_packets: 0
     veb.tc_4_rx_packets: 0
     veb.tc_5_rx_packets: 0
     veb.tc_6_rx_packets: 0
     veb.tc_7_rx_packets: 0
     port.tx_errors: 0
     port.rx_dropped: 0
     port.rx_crc_errors: 0
     port.rx_length_errors: 0

to. 06. mai 10:54:21 +0200 2021
     rx_packets: 453173501
     rx_errors: 0
     tx_errors: 0
     rx_dropped: 126709
     rx_length_errors: 0
     rx_crc_errors: 0
     veb.tx_errors: 0
     veb.tc_0_rx_packets: 0
     veb.tc_1_rx_packets: 0
     veb.tc_2_rx_packets: 0
     veb.tc_3_rx_packets: 0
     veb.tc_4_rx_packets: 0
     veb.tc_5_rx_packets: 0
     veb.tc_6_rx_packets: 0
     veb.tc_7_rx_packets: 0
     port.tx_errors: 0
     port.rx_dropped: 0
     port.rx_crc_errors: 0
     port.rx_length_errors: 0

to. 06. mai 10:54:31 +0200 2021
     rx_packets: 472543551
     rx_errors: 0
     tx_errors: 0
     rx_dropped: 126709
     rx_length_errors: 0
     rx_crc_errors: 0
     veb.tx_errors: 0
     veb.tc_0_rx_packets: 0
     veb.tc_1_rx_packets: 0
     veb.tc_2_rx_packets: 0
     veb.tc_3_rx_packets: 0
     veb.tc_4_rx_packets: 0
     veb.tc_5_rx_packets: 0
     veb.tc_6_rx_packets: 0
     veb.tc_7_rx_packets: 0
     port.tx_errors: 0
     port.rx_dropped: 0
     port.rx_crc_errors: 0
     port.rx_length_errors: 0

to. 06. mai 10:54:41 +0200 2021
     rx_packets: 491914726
     rx_errors: 0
     tx_errors: 0
     rx_dropped: 126709
     rx_length_errors: 0
     rx_crc_errors: 0
     veb.tx_errors: 0
     veb.tc_0_rx_packets: 0
     veb.tc_1_rx_packets: 0
     veb.tc_2_rx_packets: 0
     veb.tc_3_rx_packets: 0
     veb.tc_4_rx_packets: 0
     veb.tc_5_rx_packets: 0
     veb.tc_6_rx_packets: 0
     veb.tc_7_rx_packets: 0
     port.tx_errors: 0
     port.rx_dropped: 0
     port.rx_crc_errors: 0
     port.rx_length_errors: 0

to. 06. mai 10:54:51 +0200 2021
     rx_packets: 511285674
     rx_errors: 0
     tx_errors: 0
     rx_dropped: 126709
     rx_length_errors: 0
     rx_crc_errors: 0
     veb.tx_errors: 0
     veb.tc_0_rx_packets: 0
     veb.tc_1_rx_packets: 0
     veb.tc_2_rx_packets: 0
     veb.tc_3_rx_packets: 0
     veb.tc_4_rx_packets: 0
     veb.tc_5_rx_packets: 0
     veb.tc_6_rx_packets: 0
     veb.tc_7_rx_packets: 0
     port.tx_errors: 0
     port.rx_dropped: 0
     port.rx_crc_errors: 0
     port.rx_length_errors: 0

to. 06. mai 10:55:01 +0200 2021
     rx_packets: 530656796
     rx_errors: 0
     tx_errors: 0
     rx_dropped: 126709
     rx_length_errors: 0
     rx_crc_errors: 0
     veb.tx_errors: 0
     veb.tc_0_rx_packets: 0
     veb.tc_1_rx_packets: 0
     veb.tc_2_rx_packets: 0
     veb.tc_3_rx_packets: 0
     veb.tc_4_rx_packets: 0
     veb.tc_5_rx_packets: 0
     veb.tc_6_rx_packets: 0
     veb.tc_7_rx_packets: 0
     port.tx_errors: 0
     port.rx_dropped: 0
     port.rx_crc_errors: 0
     port.rx_length_errors: 0

to. 06. mai 10:55:11 +0200 2021
     rx_packets: 550027516
     rx_errors: 0
     tx_errors: 0
     rx_dropped: 126709
     rx_length_errors: 0
     rx_crc_errors: 0
     veb.tx_errors: 0
     veb.tc_0_rx_packets: 0
     veb.tc_1_rx_packets: 0
     veb.tc_2_rx_packets: 0
     veb.tc_3_rx_packets: 0
     veb.tc_4_rx_packets: 0
     veb.tc_5_rx_packets: 0
     veb.tc_6_rx_packets: 0
     veb.tc_7_rx_packets: 0
     port.tx_errors: 0
     port.rx_dropped: 0
     port.rx_crc_errors: 0
     port.rx_length_errors: 0

to. 06. mai 10:55:21 +0200 2021
     rx_packets: 569395786
     rx_errors: 0
     tx_errors: 0
     rx_dropped: 126709
     rx_length_errors: 0
     rx_crc_errors: 0
     veb.tx_errors: 0
     veb.tc_0_rx_packets: 0
     veb.tc_1_rx_packets: 0
     veb.tc_2_rx_packets: 0
     veb.tc_3_rx_packets: 0
     veb.tc_4_rx_packets: 0
     veb.tc_5_rx_packets: 0
     veb.tc_6_rx_packets: 0
     veb.tc_7_rx_packets: 0
     port.tx_errors: 0
     port.rx_dropped: 0
     port.rx_crc_errors: 0
     port.rx_length_errors: 0