#           time             counts unit events
    10.011241821      1 882 794 415      LLC-loads                                                     (75,01%)
    10.011241821        451 614 469      LLC-load-misses           #   23,99% of all LL-cache hits     (75,01%)
    10.011241821        758 354 473      LLC-stores                                                    (50,01%)
    10.011241821    <not supported>      LLC-prefetches                                              
    20.012056633      3 266 223 133      LLC-loads                                                     (75,00%)
    20.012056633        757 466 782      LLC-load-misses           #   29,42% of all LL-cache hits     (75,00%)
    20.012056633      1 256 759 239      LLC-stores                                                    (50,00%)
    20.012056633    <not supported>      LLC-prefetches                                              
    30.012791922      3 352 920 032      LLC-loads                                                     (75,00%)
    30.012791922        781 531 582      LLC-load-misses           #   27,58% of all LL-cache hits     (75,00%)
    30.012791922      1 266 307 633      LLC-stores                                                    (50,00%)
    30.012791922    <not supported>      LLC-prefetches                                              
    40.013585463      3 500 871 936      LLC-loads                                                     (75,00%)
    40.013585463        811 501 770      LLC-load-misses           #   27,04% of all LL-cache hits     (75,00%)
    40.013585463      1 332 315 227      LLC-stores                                                    (50,00%)
    40.013585463    <not supported>      LLC-prefetches                                              
    50.014427653      3 553 147 287      LLC-loads                                                     (75,00%)
    50.014427653        816 962 265      LLC-load-misses           #   26,26% of all LL-cache hits     (75,00%)
    50.014427653      1 336 220 276      LLC-stores                                                    (50,00%)
    50.014427653    <not supported>      LLC-prefetches                                              
    60.015312487      3 559 614 500      LLC-loads                                                     (75,00%)
    60.015312487        818 244 082      LLC-load-misses           #   25,68% of all LL-cache hits     (75,00%)
    60.015312487      1 330 768 111      LLC-stores                                                    (50,00%)
    60.015312487    <not supported>      LLC-prefetches                                              
    70.016067317      3 552 140 708      LLC-loads                                                     (75,00%)
    70.016067317        815 501 187      LLC-load-misses           #   25,18% of all LL-cache hits     (75,00%)
    70.016067317      1 331 158 305      LLC-stores                                                    (50,00%)
    70.016067317    <not supported>      LLC-prefetches                                              
    80.016838930      3 562 635 089      LLC-loads                                                     (75,00%)
    80.016838930        819 676 812      LLC-load-misses           #   25,00% of all LL-cache hits     (75,00%)
    80.016838930      1 330 072 432      LLC-stores                                                    (50,00%)
    80.016838930    <not supported>      LLC-prefetches                                              
    90.017647240      3 560 651 131      LLC-loads                                                     (75,00%)
    90.017647240        823 525 052      LLC-load-misses           #   24,88% of all LL-cache hits     (75,00%)
    90.017647240      1 326 567 759      LLC-stores                                                    (50,00%)
    90.017647240    <not supported>      LLC-prefetches                                              
   100.018509551      3 558 294 400      LLC-loads                                                     (75,00%)
   100.018509551        818 900 027      LLC-load-misses           #   24,56% of all LL-cache hits     (75,00%)
   100.018509551      1 334 547 324      LLC-stores                                                    (50,01%)
   100.018509551    <not supported>      LLC-prefetches                                              
   110.019292300      3 560 284 997      LLC-loads                                                     (75,00%)
   110.019292300        826 284 472      LLC-load-misses           #   24,63% of all LL-cache hits     (75,00%)
   110.019292300      1 319 989 953      LLC-stores                                                    (50,01%)
   110.019292300    <not supported>      LLC-prefetches                                              
   120.020102098      3 565 376 998      LLC-loads                                                     (75,00%)
   120.020102098        829 540 191      LLC-load-misses           #   24,59% of all LL-cache hits     (75,00%)
   120.020102098      1 321 929 755      LLC-stores                                                    (50,01%)
   120.020102098    <not supported>      LLC-prefetches                                              
   130.020874772      3 565 519 297      LLC-loads                                                     (75,00%)
   130.020874772        826 678 764      LLC-load-misses           #   24,40% of all LL-cache hits     (75,00%)
   130.020874772      1 325 379 572      LLC-stores                                                    (50,01%)
   130.020874772    <not supported>      LLC-prefetches                                              
   140.021741324      3 572 052 851      LLC-loads                                                     (75,00%)
   140.021741324        829 479 401      LLC-load-misses           #   24,39% of all LL-cache hits     (75,00%)
   140.021741324      1 323 350 649      LLC-stores                                                    (50,00%)
   140.021741324    <not supported>      LLC-prefetches                                              
   150.022577720      3 568 009 122      LLC-loads                                                     (75,00%)
   150.022577720        825 400 124      LLC-load-misses           #   24,19% of all LL-cache hits     (75,00%)
   150.022577720      1 325 026 147      LLC-stores                                                    (50,00%)
   150.022577720    <not supported>      LLC-prefetches                                              
   160.023416428      3 533 762 672      LLC-loads                                                     (70,06%)
   160.023416428        824 079 704      LLC-load-misses           #   24,10% of all LL-cache hits     (70,06%)
   160.023416428      1 343 818 624      LLC-stores                                                    (59,89%)
   160.023416428    <not supported>      LLC-prefetches                                              
   170.024244188      3 512 885 612      LLC-loads                                                     (66,67%)
   170.024244188        814 714 197      LLC-load-misses           #   23,79% of all LL-cache hits     (66,66%)
   170.024244188      1 367 781 041      LLC-stores                                                    (66,67%)
   170.024244188    <not supported>      LLC-prefetches                                              
   180.025063969      3 518 499 962      LLC-loads                                                     (66,67%)
   180.025063969        819 452 688      LLC-load-misses           #   23,89% of all LL-cache hits     (66,67%)
   180.025063969      1 365 911 361      LLC-stores                                                    (66,65%)
   180.025063969    <not supported>      LLC-prefetches                                              
   190.025855380      3 516 233 685      LLC-loads                                                     (66,65%)
   190.025855380        814 386 995      LLC-load-misses           #   23,71% of all LL-cache hits     (66,67%)
   190.025855380      1 368 751 723      LLC-stores                                                    (66,68%)
   190.025855380    <not supported>      LLC-prefetches                                              
   200.026686215      3 522 893 651      LLC-loads                                                     (66,68%)
   200.026686215        819 961 062      LLC-load-misses           #   23,84% of all LL-cache hits     (66,66%)
   200.026686215      1 364 013 385      LLC-stores                                                    (66,66%)
   200.026686215    <not supported>      LLC-prefetches                                              
   210.027498324      3 512 377 420      LLC-loads                                                     (66,66%)
   210.027498324        815 169 347      LLC-load-misses           #   23,68% of all LL-cache hits     (66,68%)
   210.027498324      1 364 661 117      LLC-stores                                                    (66,67%)
   210.027498324    <not supported>      LLC-prefetches                                              
   220.028333403      3 515 809 056      LLC-loads                                                     (66,67%)
   220.028333403        820 583 769      LLC-load-misses           #   23,81% of all LL-cache hits     (66,66%)
   220.028333403      1 360 458 403      LLC-stores                                                    (66,67%)
   220.028333403    <not supported>      LLC-prefetches                                              
   230.029131133      3 513 615 676      LLC-loads                                                     (66,67%)
   230.029131133        820 133 252      LLC-load-misses           #   23,78% of all LL-cache hits     (66,68%)
   230.029131133      1 362 288 780      LLC-stores                                                    (66,65%)
   230.029131133    <not supported>      LLC-prefetches                                              
   240.030029434      3 512 204 356      LLC-loads                                                     (66,66%)
   240.030029434        817 921 470      LLC-load-misses           #   23,70% of all LL-cache hits     (66,66%)
   240.030029434      1 365 782 944      LLC-stores                                                    (66,68%)
   240.030029434    <not supported>      LLC-prefetches                                              
   250.030856443      3 517 089 902      LLC-loads                                                     (66,68%)
   250.030856443        820 853 469      LLC-load-misses           #   23,76% of all LL-cache hits     (66,66%)
   250.030856443      1 363 093 820      LLC-stores                                                    (66,66%)
   250.030856443    <not supported>      LLC-prefetches                                              
#           time             counts unit events
   260.031707958      3 516 809 090      LLC-loads                                                     (66,66%)
   260.031707958        817 189 384      LLC-load-misses           #   23,64% of all LL-cache hits     (66,67%)
   260.031707958      1 365 892 685      LLC-stores                                                    (66,67%)
   260.031707958    <not supported>      LLC-prefetches                                              
   270.032555613      3 509 629 918      LLC-loads                                                     (66,67%)
   270.032555613        814 167 585      LLC-load-misses           #   23,54% of all LL-cache hits     (66,66%)
   270.032555613      1 365 601 637      LLC-stores                                                    (66,67%)
   270.032555613    <not supported>      LLC-prefetches                                              
   280.033367167      3 508 167 975      LLC-loads                                                     (66,67%)
   280.033367167        813 793 944      LLC-load-misses           #   23,52% of all LL-cache hits     (66,68%)
   280.033367167      1 363 713 060      LLC-stores                                                    (66,66%)
   280.033367167    <not supported>      LLC-prefetches                                              
   290.034352566      3 517 971 302      LLC-loads                                                     (66,66%)
   290.034352566        819 874 666      LLC-load-misses           #   23,68% of all LL-cache hits     (66,66%)
   290.034352566      1 362 546 639      LLC-stores                                                    (66,68%)
   290.034352566    <not supported>      LLC-prefetches                                              
   300.001071808      3 504 752 505      LLC-loads                                                     (66,68%)
   300.001071808        816 367 191      LLC-load-misses           #   23,57% of all LL-cache hits     (66,67%)
   300.001071808      1 359 494 951      LLC-stores                                                    (66,65%)
   300.001071808    <not supported>      LLC-prefetches                                              