6/5/2021 -- 10:50:10 - <Notice> - This is Suricata version 6.0.2 RELEASE running in SYSTEM mode
6/5/2021 -- 10:50:10 - <Info> - CPUs/cores online: 64
6/5/2021 -- 10:50:10 - <Config> - Adding interface ens2f0 from config file
6/5/2021 -- 10:50:10 - <Config> - luajit states preallocated: 128
6/5/2021 -- 10:50:10 - <Config> - 'default' server has 'request-body-minimal-inspect-size' set to 34083 and 'request-body-inspect-window' set to 3896 after randomization.
6/5/2021 -- 10:50:10 - <Config> - 'default' server has 'response-body-minimal-inspect-size' set to 41631 and 'response-body-inspect-window' set to 16294 after randomization.
6/5/2021 -- 10:50:10 - <Config> - SMB stream depth: 0
6/5/2021 -- 10:50:10 - <Config> - Protocol detection and parser disabled for modbus protocol.
6/5/2021 -- 10:50:10 - <Config> - Protocol detection and parser disabled for enip protocol.
6/5/2021 -- 10:50:10 - <Config> - Protocol detection and parser disabled for DNP3.
6/5/2021 -- 10:50:10 - <Info> - Found an MTU of 1500 for 'ens2f0'
6/5/2021 -- 10:50:10 - <Info> - Found an MTU of 1500 for 'ens2f0'
6/5/2021 -- 10:50:10 - <Config> - allocated 262144 bytes of memory for the host hash... 4096 buckets of size 64
6/5/2021 -- 10:50:10 - <Config> - preallocated 1000 hosts of size 136
6/5/2021 -- 10:50:10 - <Config> - host memory usage: 398144 bytes, maximum: 33554432
6/5/2021 -- 10:50:10 - <Config> - Core dump size set to unlimited.
6/5/2021 -- 10:50:10 - <Config> - allocated 3670016 bytes of memory for the defrag hash... 65536 buckets of size 56
6/5/2021 -- 10:50:10 - <Config> - preallocated 65535 defrag trackers of size 160
6/5/2021 -- 10:50:10 - <Config> - defrag memory usage: 14155616 bytes, maximum: 33554432
6/5/2021 -- 10:50:10 - <Config> - flow size 320, memcap allows for 419430 flows. Per hash row in perfect conditions 6
6/5/2021 -- 10:50:10 - <Config> - stream "prealloc-sessions": 2048 (per thread)
6/5/2021 -- 10:50:10 - <Config> - stream "memcap": 67108864
6/5/2021 -- 10:50:10 - <Config> - stream "midstream" session pickups: disabled
6/5/2021 -- 10:50:10 - <Config> - stream "async-oneside": disabled
6/5/2021 -- 10:50:10 - <Config> - stream "checksum-validation": enabled
6/5/2021 -- 10:50:10 - <Config> - stream."inline": disabled
6/5/2021 -- 10:50:10 - <Config> - stream "bypass": disabled
6/5/2021 -- 10:50:10 - <Config> - stream "max-synack-queued": 5
6/5/2021 -- 10:50:10 - <Config> - stream.reassembly "memcap": 268435456
6/5/2021 -- 10:50:10 - <Config> - stream.reassembly "depth": 1048576
6/5/2021 -- 10:50:10 - <Config> - stream.reassembly "toserver-chunk-size": 2533
6/5/2021 -- 10:50:10 - <Config> - stream.reassembly "toclient-chunk-size": 2629
6/5/2021 -- 10:50:10 - <Config> - stream.reassembly.raw: enabled
6/5/2021 -- 10:50:10 - <Config> - stream.reassembly "segment-prealloc": 2048
6/5/2021 -- 10:50:10 - <Info> - fast output device (regular) initialized: fast.log
6/5/2021 -- 10:50:10 - <Info> - eve-log output device (regular) initialized: eve.json
6/5/2021 -- 10:50:10 - <Config> - enabling 'eve-log' module 'alert'
6/5/2021 -- 10:50:10 - <Config> - enabling 'eve-log' module 'anomaly'
6/5/2021 -- 10:50:10 - <Config> - enabling 'eve-log' module 'http'
6/5/2021 -- 10:50:10 - <Config> - enabling 'eve-log' module 'dns'
6/5/2021 -- 10:50:10 - <Config> - eve-log dns version not set, defaulting to version 2
6/5/2021 -- 10:50:10 - <Config> - eve-log dns version not set, defaulting to version 2
6/5/2021 -- 10:50:10 - <Config> - enabling 'eve-log' module 'tls'
6/5/2021 -- 10:50:10 - <Config> - enabling 'eve-log' module 'files'
6/5/2021 -- 10:50:10 - <Config> - enabling 'eve-log' module 'smtp'
6/5/2021 -- 10:50:10 - <Config> - enabling 'eve-log' module 'ftp'
6/5/2021 -- 10:50:10 - <Config> - enabling 'eve-log' module 'rdp'
6/5/2021 -- 10:50:10 - <Config> - enabling 'eve-log' module 'nfs'
6/5/2021 -- 10:50:10 - <Config> - enabling 'eve-log' module 'smb'
6/5/2021 -- 10:50:10 - <Config> - enabling 'eve-log' module 'tftp'
6/5/2021 -- 10:50:10 - <Config> - enabling 'eve-log' module 'ikev2'
6/5/2021 -- 10:50:10 - <Config> - enabling 'eve-log' module 'dcerpc'
6/5/2021 -- 10:50:10 - <Config> - enabling 'eve-log' module 'krb5'
6/5/2021 -- 10:50:10 - <Config> - enabling 'eve-log' module 'snmp'
6/5/2021 -- 10:50:10 - <Config> - enabling 'eve-log' module 'rfb'
6/5/2021 -- 10:50:10 - <Config> - enabling 'eve-log' module 'sip'
6/5/2021 -- 10:50:10 - <Config> - enabling 'eve-log' module 'dhcp'
6/5/2021 -- 10:50:10 - <Config> - enabling 'eve-log' module 'ssh'
6/5/2021 -- 10:50:10 - <Config> - enabling 'eve-log' module 'mqtt'
6/5/2021 -- 10:50:10 - <Config> - enabling 'eve-log' module 'stats'
6/5/2021 -- 10:50:10 - <Config> - enabling 'eve-log' module 'flow'
6/5/2021 -- 10:50:10 - <Info> - stats output device (regular) initialized: stats.log
6/5/2021 -- 10:50:10 - <Config> - Delayed detect disabled
6/5/2021 -- 10:50:10 - <Info> - Running in live mode, activating unix socket
6/5/2021 -- 10:50:10 - <Config> - pattern matchers: MPM: hs, SPM: hs
6/5/2021 -- 10:50:10 - <Config> - grouping: tcp-whitelist (default) 53, 80, 139, 443, 445, 1433, 3306, 3389, 6666, 6667, 8080
6/5/2021 -- 10:50:10 - <Config> - grouping: udp-whitelist (default) 53, 135, 5060
6/5/2021 -- 10:50:10 - <Config> - prefilter engines: MPM
6/5/2021 -- 10:50:10 - <Perf> - using shared mpm ctx' for http_uri
6/5/2021 -- 10:50:10 - <Perf> - using shared mpm ctx' for http_raw_uri
6/5/2021 -- 10:50:10 - <Perf> - using shared mpm ctx' for http_request_line
6/5/2021 -- 10:50:10 - <Perf> - using shared mpm ctx' for http_client_body
6/5/2021 -- 10:50:10 - <Perf> - using shared mpm ctx' for http_response_line
6/5/2021 -- 10:50:10 - <Perf> - using shared mpm ctx' for http_header
6/5/2021 -- 10:50:10 - <Perf> - using shared mpm ctx' for http_header
6/5/2021 -- 10:50:10 - <Perf> - using shared mpm ctx' for http_header_names
6/5/2021 -- 10:50:10 - <Perf> - using shared mpm ctx' for http_header_names
6/5/2021 -- 10:50:10 - <Perf> - using shared mpm ctx' for http_accept
6/5/2021 -- 10:50:10 - <Perf> - using shared mpm ctx' for http_accept_enc
6/5/2021 -- 10:50:10 - <Perf> - using shared mpm ctx' for http_accept_lang
6/5/2021 -- 10:50:10 - <Perf> - using shared mpm ctx' for http_referer
6/5/2021 -- 10:50:10 - <Perf> - using shared mpm ctx' for http_connection
6/5/2021 -- 10:50:10 - <Perf> - using shared mpm ctx' for http_content_len
6/5/2021 -- 10:50:10 - <Perf> - using shared mpm ctx' for http_content_len
6/5/2021 -- 10:50:10 - <Perf> - using shared mpm ctx' for http_content_type
6/5/2021 -- 10:50:10 - <Perf> - using shared mpm ctx' for http_content_type
6/5/2021 -- 10:50:10 - <Perf> - using shared mpm ctx' for http.server
6/5/2021 -- 10:50:10 - <Perf> - using shared mpm ctx' for http.location
6/5/2021 -- 10:50:10 - <Perf> - using shared mpm ctx' for http_protocol
6/5/2021 -- 10:50:10 - <Perf> - using shared mpm ctx' for http_protocol
6/5/2021 -- 10:50:10 - <Perf> - using shared mpm ctx' for http_start
6/5/2021 -- 10:50:10 - <Perf> - using shared mpm ctx' for http_start
6/5/2021 -- 10:50:10 - <Perf> - using shared mpm ctx' for http_raw_header
6/5/2021 -- 10:50:10 - <Perf> - using shared mpm ctx' for http_raw_header
6/5/2021 -- 10:50:10 - <Perf> - using shared mpm ctx' for http_method
6/5/2021 -- 10:50:10 - <Perf> - using shared mpm ctx' for http_cookie
6/5/2021 -- 10:50:10 - <Perf> - using shared mpm ctx' for http_cookie
6/5/2021 -- 10:50:10 - <Perf> - using shared mpm ctx' for file.name
6/5/2021 -- 10:50:10 - <Perf> - using shared mpm ctx' for file.name
6/5/2021 -- 10:50:10 - <Perf> - using shared mpm ctx' for file.name
6/5/2021 -- 10:50:10 - <Perf> - using shared mpm ctx' for file.name
6/5/2021 -- 10:50:10 - <Perf> - using shared mpm ctx' for file.name
6/5/2021 -- 10:50:10 - <Perf> - using shared mpm ctx' for file.name
6/5/2021 -- 10:50:10 - <Perf> - using shared mpm ctx' for file.name
6/5/2021 -- 10:50:10 - <Perf> - using shared mpm ctx' for file.name
6/5/2021 -- 10:50:10 - <Perf> - using shared mpm ctx' for file.name
6/5/2021 -- 10:50:10 - <Perf> - using shared mpm ctx' for file.name
6/5/2021 -- 10:50:10 - <Perf> - using shared mpm ctx' for file.name
6/5/2021 -- 10:50:10 - <Perf> - using shared mpm ctx' for file.magic
6/5/2021 -- 10:50:10 - <Perf> - using shared mpm ctx' for file.magic
6/5/2021 -- 10:50:10 - <Perf> - using shared mpm ctx' for file.magic
6/5/2021 -- 10:50:10 - <Perf> - using shared mpm ctx' for file.magic
6/5/2021 -- 10:50:10 - <Perf> - using shared mpm ctx' for file.magic
6/5/2021 -- 10:50:10 - <Perf> - using shared mpm ctx' for file.magic
6/5/2021 -- 10:50:10 - <Perf> - using shared mpm ctx' for file.magic
6/5/2021 -- 10:50:10 - <Perf> - using shared mpm ctx' for file.magic
6/5/2021 -- 10:50:10 - <Perf> - using shared mpm ctx' for file.magic
6/5/2021 -- 10:50:10 - <Perf> - using shared mpm ctx' for file.magic
6/5/2021 -- 10:50:10 - <Perf> - using shared mpm ctx' for file.magic
6/5/2021 -- 10:50:10 - <Perf> - using shared mpm ctx' for http_user_agent
6/5/2021 -- 10:50:10 - <Perf> - using shared mpm ctx' for http_host
6/5/2021 -- 10:50:10 - <Perf> - using shared mpm ctx' for http_raw_host
6/5/2021 -- 10:50:10 - <Perf> - using shared mpm ctx' for http_stat_msg
6/5/2021 -- 10:50:10 - <Perf> - using shared mpm ctx' for http_stat_code
6/5/2021 -- 10:50:10 - <Perf> - using shared mpm ctx' for http2_header_name
6/5/2021 -- 10:50:10 - <Perf> - using shared mpm ctx' for http2_header_name
6/5/2021 -- 10:50:10 - <Perf> - using shared mpm ctx' for http2_header
6/5/2021 -- 10:50:10 - <Perf> - using shared mpm ctx' for http2_header
6/5/2021 -- 10:50:10 - <Perf> - using shared mpm ctx' for dns_query
6/5/2021 -- 10:50:10 - <Perf> - using shared mpm ctx' for dnp3_data
6/5/2021 -- 10:50:10 - <Perf> - using shared mpm ctx' for dnp3_data
6/5/2021 -- 10:50:10 - <Perf> - using shared mpm ctx' for tls.sni
6/5/2021 -- 10:50:10 - <Perf> - using shared mpm ctx' for tls.cert_issuer
6/5/2021 -- 10:50:10 - <Perf> - using shared mpm ctx' for tls.cert_subject
6/5/2021 -- 10:50:10 - <Perf> - using shared mpm ctx' for tls.cert_serial
6/5/2021 -- 10:50:10 - <Perf> - using shared mpm ctx' for tls.cert_fingerprint
6/5/2021 -- 10:50:10 - <Perf> - using shared mpm ctx' for tls.certs
6/5/2021 -- 10:50:10 - <Perf> - using shared mpm ctx' for ja3.hash
6/5/2021 -- 10:50:10 - <Perf> - using shared mpm ctx' for ja3.string
6/5/2021 -- 10:50:10 - <Perf> - using shared mpm ctx' for ja3s.hash
6/5/2021 -- 10:50:10 - <Perf> - using shared mpm ctx' for ja3s.string
6/5/2021 -- 10:50:10 - <Perf> - using shared mpm ctx' for dce_stub_data
6/5/2021 -- 10:50:10 - <Perf> - using shared mpm ctx' for dce_stub_data
6/5/2021 -- 10:50:10 - <Perf> - using shared mpm ctx' for dce_stub_data
6/5/2021 -- 10:50:10 - <Perf> - using shared mpm ctx' for dce_stub_data
6/5/2021 -- 10:50:10 - <Perf> - using shared mpm ctx' for smb_named_pipe
6/5/2021 -- 10:50:10 - <Perf> - using shared mpm ctx' for smb_share
6/5/2021 -- 10:50:10 - <Perf> - using shared mpm ctx' for ssh.proto
6/5/2021 -- 10:50:10 - <Perf> - using shared mpm ctx' for ssh.proto
6/5/2021 -- 10:50:10 - <Perf> - using shared mpm ctx' for ssh_software
6/5/2021 -- 10:50:10 - <Perf> - using shared mpm ctx' for ssh_software
6/5/2021 -- 10:50:10 - <Perf> - using shared mpm ctx' for ssh.hassh
6/5/2021 -- 10:50:10 - <Perf> - using shared mpm ctx' for ssh.hassh.server
6/5/2021 -- 10:50:10 - <Perf> - using shared mpm ctx' for ssh.hassh.string
6/5/2021 -- 10:50:10 - <Perf> - using shared mpm ctx' for ssh.hassh.server.string
6/5/2021 -- 10:50:10 - <Perf> - using shared mpm ctx' for file_data
6/5/2021 -- 10:50:10 - <Perf> - using shared mpm ctx' for file_data
6/5/2021 -- 10:50:10 - <Perf> - using shared mpm ctx' for file_data
6/5/2021 -- 10:50:10 - <Perf> - using shared mpm ctx' for file_data
6/5/2021 -- 10:50:10 - <Perf> - using shared mpm ctx' for file_data
6/5/2021 -- 10:50:10 - <Perf> - using shared mpm ctx' for file_data
6/5/2021 -- 10:50:10 - <Perf> - using shared mpm ctx' for krb5_cname
6/5/2021 -- 10:50:10 - <Perf> - using shared mpm ctx' for krb5_sname
6/5/2021 -- 10:50:10 - <Perf> - using shared mpm ctx' for sip.method
6/5/2021 -- 10:50:10 - <Perf> - using shared mpm ctx' for sip.uri
6/5/2021 -- 10:50:10 - <Perf> - using shared mpm ctx' for sip.protocol
6/5/2021 -- 10:50:10 - <Perf> - using shared mpm ctx' for sip.protocol
6/5/2021 -- 10:50:10 - <Perf> - using shared mpm ctx' for sip.method
6/5/2021 -- 10:50:10 - <Perf> - using shared mpm ctx' for sip.stat_msg
6/5/2021 -- 10:50:10 - <Perf> - using shared mpm ctx' for sip.request_line
6/5/2021 -- 10:50:10 - <Perf> - using shared mpm ctx' for sip.response_line
6/5/2021 -- 10:50:10 - <Perf> - using shared mpm ctx' for rfb.name
6/5/2021 -- 10:50:10 - <Perf> - using shared mpm ctx' for snmp.community
6/5/2021 -- 10:50:10 - <Perf> - using shared mpm ctx' for snmp.community
6/5/2021 -- 10:50:10 - <Perf> - using shared mpm ctx' for mqtt.connect.clientid
6/5/2021 -- 10:50:10 - <Perf> - using shared mpm ctx' for mqtt.connect.username
6/5/2021 -- 10:50:10 - <Perf> - using shared mpm ctx' for mqtt.connect.password
6/5/2021 -- 10:50:10 - <Perf> - using shared mpm ctx' for mqtt.connect.willtopic
6/5/2021 -- 10:50:10 - <Perf> - using shared mpm ctx' for mqtt.connect.willmessage
6/5/2021 -- 10:50:10 - <Perf> - using shared mpm ctx' for mqtt.publish.topic
6/5/2021 -- 10:50:10 - <Perf> - using shared mpm ctx' for mqtt.publish.message
6/5/2021 -- 10:50:10 - <Perf> - using shared mpm ctx' for mqtt.subscribe.topic
6/5/2021 -- 10:50:10 - <Perf> - using shared mpm ctx' for mqtt.unsubscribe.topic
6/5/2021 -- 10:50:10 - <Perf> - using shared mpm ctx' for icmpv4.hdr
6/5/2021 -- 10:50:10 - <Perf> - using shared mpm ctx' for tcp.hdr
6/5/2021 -- 10:50:10 - <Perf> - using shared mpm ctx' for udp.hdr
6/5/2021 -- 10:50:10 - <Perf> - using shared mpm ctx' for icmpv6.hdr
6/5/2021 -- 10:50:10 - <Perf> - using shared mpm ctx' for ipv4.hdr
6/5/2021 -- 10:50:10 - <Perf> - using shared mpm ctx' for ipv6.hdr
6/5/2021 -- 10:50:10 - <Config> - IP reputation disabled
6/5/2021 -- 10:50:10 - <Config> - Loading rule file: /var/lib/suricata/rules/suricata.rules
6/5/2021 -- 10:50:14 - <Info> - 1 rule files processed. 22556 rules successfully loaded, 0 rules failed
6/5/2021 -- 10:50:14 - <Info> - Threshold config parsed: 0 rule(s) found
6/5/2021 -- 10:50:14 - <Perf> - using shared mpm ctx' for tcp-packet
6/5/2021 -- 10:50:14 - <Perf> - using shared mpm ctx' for tcp-stream
6/5/2021 -- 10:50:14 - <Perf> - using shared mpm ctx' for udp-packet
6/5/2021 -- 10:50:14 - <Perf> - using shared mpm ctx' for other-ip
6/5/2021 -- 10:50:14 - <Info> - 22559 signatures processed. 1280 are IP-only rules, 3868 are inspecting packet payload, 17193 inspect application layer, 105 are decoder event only
6/5/2021 -- 10:50:14 - <Config> - building signature grouping structure, stage 1: preprocessing rules... complete
6/5/2021 -- 10:50:14 - <Perf> - TCP toserver: 41 port groups, 35 unique SGH's, 6 copies
6/5/2021 -- 10:50:14 - <Perf> - TCP toclient: 21 port groups, 21 unique SGH's, 0 copies
6/5/2021 -- 10:50:14 - <Perf> - UDP toserver: 41 port groups, 37 unique SGH's, 4 copies
6/5/2021 -- 10:50:14 - <Perf> - UDP toclient: 21 port groups, 17 unique SGH's, 4 copies
6/5/2021 -- 10:50:14 - <Perf> - OTHER toserver: 254 proto groups, 3 unique SGH's, 251 copies
6/5/2021 -- 10:50:14 - <Perf> - OTHER toclient: 254 proto groups, 0 unique SGH's, 254 copies
6/5/2021 -- 10:50:19 - <Perf> - Unique rule groups: 113
6/5/2021 -- 10:50:19 - <Perf> - Builtin MPM "toserver TCP packet": 26
6/5/2021 -- 10:50:19 - <Perf> - Builtin MPM "toclient TCP packet": 20
6/5/2021 -- 10:50:19 - <Perf> - Builtin MPM "toserver TCP stream": 23
6/5/2021 -- 10:50:19 - <Perf> - Builtin MPM "toclient TCP stream": 21
6/5/2021 -- 10:50:19 - <Perf> - Builtin MPM "toserver UDP packet": 37
6/5/2021 -- 10:50:19 - <Perf> - Builtin MPM "toclient UDP packet": 16
6/5/2021 -- 10:50:19 - <Perf> - Builtin MPM "other IP packet": 2
6/5/2021 -- 10:50:19 - <Perf> - AppLayer MPM "toserver http_uri (http)": 13
6/5/2021 -- 10:50:19 - <Perf> - AppLayer MPM "toserver http_raw_uri (http)": 1
6/5/2021 -- 10:50:19 - <Perf> - AppLayer MPM "toserver http_request_line (http)": 2
6/5/2021 -- 10:50:19 - <Perf> - AppLayer MPM "toserver http_client_body (http)": 5
6/5/2021 -- 10:50:19 - <Perf> - AppLayer MPM "toclient http_response_line (http)": 1
6/5/2021 -- 10:50:19 - <Perf> - AppLayer MPM "toserver http_header (http)": 6
6/5/2021 -- 10:50:19 - <Perf> - AppLayer MPM "toclient http_header (http)": 6
6/5/2021 -- 10:50:19 - <Perf> - AppLayer MPM "toserver http_header_names (http)": 3
6/5/2021 -- 10:50:19 - <Perf> - AppLayer MPM "toclient http_header_names (http)": 3
6/5/2021 -- 10:50:19 - <Perf> - AppLayer MPM "toserver http_accept (http)": 2
6/5/2021 -- 10:50:19 - <Perf> - AppLayer MPM "toserver http_accept_enc (http)": 1
6/5/2021 -- 10:50:19 - <Perf> - AppLayer MPM "toserver http_accept_lang (http)": 1
6/5/2021 -- 10:50:19 - <Perf> - AppLayer MPM "toserver http_referer (http)": 1
6/5/2021 -- 10:50:19 - <Perf> - AppLayer MPM "toserver http_connection (http)": 1
6/5/2021 -- 10:50:19 - <Perf> - AppLayer MPM "toserver http_content_len (http)": 1
6/5/2021 -- 10:50:19 - <Perf> - AppLayer MPM "toclient http_content_len (http)": 1
6/5/2021 -- 10:50:19 - <Perf> - AppLayer MPM "toserver http_content_type (http)": 2
6/5/2021 -- 10:50:19 - <Perf> - AppLayer MPM "toclient http_content_type (http)": 2
6/5/2021 -- 10:50:19 - <Perf> - AppLayer MPM "toclient http.server (http)": 2
6/5/2021 -- 10:50:19 - <Perf> - AppLayer MPM "toclient http.location (http)": 1
6/5/2021 -- 10:50:19 - <Perf> - AppLayer MPM "toserver http_protocol (http)": 1
6/5/2021 -- 10:50:19 - <Perf> - AppLayer MPM "toclient http_protocol (http)": 1
6/5/2021 -- 10:50:19 - <Perf> - AppLayer MPM "toserver http_start (http)": 4
6/5/2021 -- 10:50:19 - <Perf> - AppLayer MPM "toclient http_start (http)": 4
6/5/2021 -- 10:50:19 - <Perf> - AppLayer MPM "toserver http_raw_header (http)": 2
6/5/2021 -- 10:50:19 - <Perf> - AppLayer MPM "toclient http_raw_header (http)": 2
6/5/2021 -- 10:50:19 - <Perf> - AppLayer MPM "toserver http_method (http)": 2
6/5/2021 -- 10:50:19 - <Perf> - AppLayer MPM "toserver http_cookie (http)": 2
6/5/2021 -- 10:50:19 - <Perf> - AppLayer MPM "toclient http_cookie (http)": 2
6/5/2021 -- 10:50:19 - <Perf> - AppLayer MPM "toserver http_user_agent (http)": 5
6/5/2021 -- 10:50:19 - <Perf> - AppLayer MPM "toserver http_host (http)": 1
6/5/2021 -- 10:50:19 - <Perf> - AppLayer MPM "toserver http_host (http)": 1
6/5/2021 -- 10:50:19 - <Perf> - AppLayer MPM "toclient http_stat_code (http)": 1
6/5/2021 -- 10:50:19 - <Perf> - AppLayer MPM "toserver dns_query (dns)": 2
6/5/2021 -- 10:50:19 - <Perf> - AppLayer MPM "toserver dns_query (dns)": 1
6/5/2021 -- 10:50:19 - <Perf> - AppLayer MPM "toserver tls.sni (tls)": 2
6/5/2021 -- 10:50:19 - <Perf> - AppLayer MPM "toserver tls.sni (tls)": 1
6/5/2021 -- 10:50:19 - <Perf> - AppLayer MPM "toclient tls.cert_issuer (tls)": 2
6/5/2021 -- 10:50:19 - <Perf> - AppLayer MPM "toclient tls.cert_subject (tls)": 2
6/5/2021 -- 10:50:19 - <Perf> - AppLayer MPM "toclient tls.cert_serial (tls)": 1
6/5/2021 -- 10:50:19 - <Perf> - AppLayer MPM "toserver ja3.hash (tls)": 1
6/5/2021 -- 10:50:19 - <Perf> - AppLayer MPM "toclient ja3s.hash (tls)": 1
6/5/2021 -- 10:50:19 - <Perf> - AppLayer MPM "toserver ssh.proto (ssh)": 1
6/5/2021 -- 10:50:19 - <Perf> - AppLayer MPM "toclient ssh.proto (ssh)": 1
6/5/2021 -- 10:50:19 - <Perf> - AppLayer MPM "toserver file_data (smtp)": 6
6/5/2021 -- 10:50:19 - <Perf> - AppLayer MPM "toclient file_data (http)": 6
6/5/2021 -- 10:50:19 - <Perf> - AppLayer MPM "toserver file_data (smb)": 6
6/5/2021 -- 10:50:19 - <Perf> - AppLayer MPM "toclient file_data (smb)": 6
6/5/2021 -- 10:50:19 - <Perf> - AppLayer MPM "toserver file_data (http2)": 6
6/5/2021 -- 10:50:19 - <Perf> - AppLayer MPM "toclient file_data (http2)": 6
6/5/2021 -- 10:50:25 - <Config> - AutoFP mode using "Hash" flow load balancer
6/5/2021 -- 10:50:25 - <Info> - Using 1 live device(s).
6/5/2021 -- 10:50:25 - <Config> - Disabling mmaped capture on iface ens2f0
6/5/2021 -- 10:50:25 - <Config> - Using flow cluster mode for AF_PACKET (iface ens2f0)
6/5/2021 -- 10:50:25 - <Config> - Using defrag kernel functionality for AF_PACKET (iface ens2f0)
6/5/2021 -- 10:50:25 - <Perf> - 64 cores, so using 64 threads
6/5/2021 -- 10:50:25 - <Perf> - Using 64 AF_PACKET threads for interface ens2f0
6/5/2021 -- 10:50:25 - <Perf> - ens2f0: disabling gro offloading
6/5/2021 -- 10:50:25 - <Perf> - ens2f0: disabling tso offloading
6/5/2021 -- 10:50:25 - <Perf> - ens2f0: disabling gso offloading
6/5/2021 -- 10:50:25 - <Perf> - ens2f0: disabling sg offloading
6/5/2021 -- 10:50:26 - <Config> - using 1 flow manager threads
6/5/2021 -- 10:50:26 - <Config> - using 1 flow recycler threads
6/5/2021 -- 10:50:26 - <Info> - Running in live mode, activating unix socket
6/5/2021 -- 10:50:26 - <Info> - Using unix socket file '/var/run/suricata/suricata-command.socket'
6/5/2021 -- 10:50:26 - <Notice> - all 128 packet processing threads, 4 management threads initialized, engine started.
6/5/2021 -- 10:50:28 - <Info> - All AFP capture threads are running.
6/5/2021 -- 10:50:49 - <Notice> - Flow emergency mode entered...
6/5/2021 -- 10:50:58 - <Notice> - Flow emergency mode over, back to normal... unsetting FLOW_EMERGENCY bit (ts.tv_sec: 1620291058, ts.tv_usec:669212) flow_spare_q status(): 155% flows at the queue
6/5/2021 -- 10:50:59 - <Notice> - Flow emergency mode entered...
6/5/2021 -- 10:55:37 - <Notice> - Signal Received.  Stopping engine.
6/5/2021 -- 10:55:37 - <Perf> - 0 new flows, 0 established flows were timed out, 0 flows in closed state
6/5/2021 -- 10:55:38 - <Info> - time elapsed 312.827s
6/5/2021 -- 10:55:42 - <Perf> - 1590758 flows processed
6/5/2021 -- 10:55:42 - <Perf> - (RX#01-ens2f0) Kernel: Packets 9488830, dropped 184641
6/5/2021 -- 10:55:42 - <Perf> - AutoFP - Total flow handler queues - 64
6/5/2021 -- 10:55:42 - <Perf> - (RX#02-ens2f0) Kernel: Packets 9653684, dropped 187359
6/5/2021 -- 10:55:42 - <Perf> - AutoFP - Total flow handler queues - 64
6/5/2021 -- 10:55:42 - <Perf> - (RX#03-ens2f0) Kernel: Packets 9500835, dropped 182391
6/5/2021 -- 10:55:42 - <Perf> - AutoFP - Total flow handler queues - 64
6/5/2021 -- 10:55:42 - <Perf> - (RX#04-ens2f0) Kernel: Packets 9608693, dropped 188970
6/5/2021 -- 10:55:42 - <Perf> - AutoFP - Total flow handler queues - 64
6/5/2021 -- 10:55:42 - <Perf> - (RX#05-ens2f0) Kernel: Packets 9613313, dropped 198228
6/5/2021 -- 10:55:42 - <Perf> - AutoFP - Total flow handler queues - 64
6/5/2021 -- 10:55:42 - <Perf> - (RX#06-ens2f0) Kernel: Packets 9471434, dropped 191744
6/5/2021 -- 10:55:42 - <Perf> - AutoFP - Total flow handler queues - 64
6/5/2021 -- 10:55:42 - <Perf> - (RX#07-ens2f0) Kernel: Packets 9291683, dropped 183125
6/5/2021 -- 10:55:42 - <Perf> - AutoFP - Total flow handler queues - 64
6/5/2021 -- 10:55:42 - <Perf> - (RX#08-ens2f0) Kernel: Packets 9475339, dropped 195186
6/5/2021 -- 10:55:42 - <Perf> - AutoFP - Total flow handler queues - 64
6/5/2021 -- 10:55:42 - <Perf> - (RX#09-ens2f0) Kernel: Packets 9452538, dropped 193550
6/5/2021 -- 10:55:42 - <Perf> - AutoFP - Total flow handler queues - 64
6/5/2021 -- 10:55:42 - <Perf> - (RX#10-ens2f0) Kernel: Packets 9475618, dropped 194209
6/5/2021 -- 10:55:42 - <Perf> - AutoFP - Total flow handler queues - 64
6/5/2021 -- 10:55:42 - <Perf> - (RX#11-ens2f0) Kernel: Packets 9479630, dropped 187415
6/5/2021 -- 10:55:42 - <Perf> - AutoFP - Total flow handler queues - 64
6/5/2021 -- 10:55:42 - <Perf> - (RX#12-ens2f0) Kernel: Packets 9691061, dropped 199883
6/5/2021 -- 10:55:42 - <Perf> - AutoFP - Total flow handler queues - 64
6/5/2021 -- 10:55:42 - <Perf> - (RX#13-ens2f0) Kernel: Packets 9398703, dropped 208169
6/5/2021 -- 10:55:42 - <Perf> - AutoFP - Total flow handler queues - 64
6/5/2021 -- 10:55:42 - <Perf> - (RX#14-ens2f0) Kernel: Packets 9451520, dropped 184451
6/5/2021 -- 10:55:42 - <Perf> - AutoFP - Total flow handler queues - 64
6/5/2021 -- 10:55:42 - <Perf> - (RX#15-ens2f0) Kernel: Packets 9602054, dropped 208712
6/5/2021 -- 10:55:42 - <Perf> - AutoFP - Total flow handler queues - 64
6/5/2021 -- 10:55:42 - <Perf> - (RX#16-ens2f0) Kernel: Packets 9575242, dropped 210250
6/5/2021 -- 10:55:42 - <Perf> - AutoFP - Total flow handler queues - 64
6/5/2021 -- 10:55:42 - <Perf> - (RX#17-ens2f0) Kernel: Packets 9726803, dropped 214389
6/5/2021 -- 10:55:42 - <Perf> - AutoFP - Total flow handler queues - 64
6/5/2021 -- 10:55:42 - <Perf> - (RX#18-ens2f0) Kernel: Packets 9446743, dropped 210589
6/5/2021 -- 10:55:42 - <Perf> - AutoFP - Total flow handler queues - 64
6/5/2021 -- 10:55:42 - <Perf> - (RX#19-ens2f0) Kernel: Packets 9567665, dropped 219943
6/5/2021 -- 10:55:42 - <Perf> - AutoFP - Total flow handler queues - 64
6/5/2021 -- 10:55:42 - <Perf> - (RX#20-ens2f0) Kernel: Packets 9652157, dropped 230316
6/5/2021 -- 10:55:42 - <Perf> - AutoFP - Total flow handler queues - 64
6/5/2021 -- 10:55:42 - <Perf> - (RX#21-ens2f0) Kernel: Packets 9625696, dropped 210451
6/5/2021 -- 10:55:42 - <Perf> - AutoFP - Total flow handler queues - 64
6/5/2021 -- 10:55:42 - <Perf> - (RX#22-ens2f0) Kernel: Packets 9767915, dropped 221099
6/5/2021 -- 10:55:42 - <Perf> - AutoFP - Total flow handler queues - 64
6/5/2021 -- 10:55:42 - <Perf> - (RX#23-ens2f0) Kernel: Packets 9444465, dropped 213767
6/5/2021 -- 10:55:42 - <Perf> - AutoFP - Total flow handler queues - 64
6/5/2021 -- 10:55:42 - <Perf> - (RX#24-ens2f0) Kernel: Packets 9344890, dropped 221991
6/5/2021 -- 10:55:43 - <Perf> - AutoFP - Total flow handler queues - 64
6/5/2021 -- 10:55:43 - <Perf> - (RX#25-ens2f0) Kernel: Packets 9469507, dropped 217237
6/5/2021 -- 10:55:43 - <Perf> - AutoFP - Total flow handler queues - 64
6/5/2021 -- 10:55:43 - <Perf> - (RX#26-ens2f0) Kernel: Packets 9730438, dropped 242398
6/5/2021 -- 10:55:43 - <Perf> - AutoFP - Total flow handler queues - 64
6/5/2021 -- 10:55:43 - <Perf> - (RX#27-ens2f0) Kernel: Packets 9815308, dropped 228247
6/5/2021 -- 10:55:43 - <Perf> - AutoFP - Total flow handler queues - 64
6/5/2021 -- 10:55:43 - <Perf> - (RX#28-ens2f0) Kernel: Packets 9597905, dropped 224133
6/5/2021 -- 10:55:43 - <Perf> - AutoFP - Total flow handler queues - 64
6/5/2021 -- 10:55:43 - <Perf> - (RX#29-ens2f0) Kernel: Packets 9638753, dropped 232551
6/5/2021 -- 10:55:43 - <Perf> - AutoFP - Total flow handler queues - 64
6/5/2021 -- 10:55:43 - <Perf> - (RX#30-ens2f0) Kernel: Packets 9411322, dropped 229090
6/5/2021 -- 10:55:43 - <Perf> - AutoFP - Total flow handler queues - 64
6/5/2021 -- 10:55:43 - <Perf> - (RX#31-ens2f0) Kernel: Packets 9502142, dropped 234210
6/5/2021 -- 10:55:43 - <Perf> - AutoFP - Total flow handler queues - 64
6/5/2021 -- 10:55:43 - <Perf> - (RX#32-ens2f0) Kernel: Packets 9649953, dropped 242894
6/5/2021 -- 10:55:43 - <Perf> - AutoFP - Total flow handler queues - 64
6/5/2021 -- 10:55:43 - <Perf> - (RX#33-ens2f0) Kernel: Packets 9482534, dropped 237985
6/5/2021 -- 10:55:43 - <Perf> - AutoFP - Total flow handler queues - 64
6/5/2021 -- 10:55:43 - <Perf> - (RX#34-ens2f0) Kernel: Packets 9396630, dropped 238065
6/5/2021 -- 10:55:43 - <Perf> - AutoFP - Total flow handler queues - 64
6/5/2021 -- 10:55:43 - <Perf> - (RX#35-ens2f0) Kernel: Packets 9556348, dropped 235306
6/5/2021 -- 10:55:43 - <Perf> - AutoFP - Total flow handler queues - 64
6/5/2021 -- 10:55:43 - <Perf> - (RX#36-ens2f0) Kernel: Packets 9789480, dropped 261587
6/5/2021 -- 10:55:43 - <Perf> - AutoFP - Total flow handler queues - 64
6/5/2021 -- 10:55:43 - <Perf> - (RX#37-ens2f0) Kernel: Packets 9599306, dropped 255346
6/5/2021 -- 10:55:43 - <Perf> - AutoFP - Total flow handler queues - 64
6/5/2021 -- 10:55:43 - <Perf> - (RX#38-ens2f0) Kernel: Packets 9689166, dropped 249694
6/5/2021 -- 10:55:43 - <Perf> - AutoFP - Total flow handler queues - 64
6/5/2021 -- 10:55:43 - <Perf> - (RX#39-ens2f0) Kernel: Packets 9443301, dropped 250134
6/5/2021 -- 10:55:43 - <Perf> - AutoFP - Total flow handler queues - 64
6/5/2021 -- 10:55:43 - <Perf> - (RX#40-ens2f0) Kernel: Packets 9473038, dropped 261504
6/5/2021 -- 10:55:43 - <Perf> - AutoFP - Total flow handler queues - 64
6/5/2021 -- 10:55:43 - <Perf> - (RX#41-ens2f0) Kernel: Packets 9457057, dropped 239724
6/5/2021 -- 10:55:43 - <Perf> - AutoFP - Total flow handler queues - 64
6/5/2021 -- 10:55:43 - <Perf> - (RX#42-ens2f0) Kernel: Packets 9601589, dropped 274616
6/5/2021 -- 10:55:43 - <Perf> - AutoFP - Total flow handler queues - 64
6/5/2021 -- 10:55:43 - <Perf> - (RX#43-ens2f0) Kernel: Packets 9566990, dropped 264670
6/5/2021 -- 10:55:43 - <Perf> - AutoFP - Total flow handler queues - 64
6/5/2021 -- 10:55:43 - <Perf> - (RX#44-ens2f0) Kernel: Packets 9450605, dropped 270961
6/5/2021 -- 10:55:43 - <Perf> - AutoFP - Total flow handler queues - 64
6/5/2021 -- 10:55:43 - <Perf> - (RX#45-ens2f0) Kernel: Packets 9388013, dropped 266779
6/5/2021 -- 10:55:43 - <Perf> - AutoFP - Total flow handler queues - 64
6/5/2021 -- 10:55:43 - <Perf> - (RX#46-ens2f0) Kernel: Packets 9787867, dropped 270919
6/5/2021 -- 10:55:43 - <Perf> - AutoFP - Total flow handler queues - 64
6/5/2021 -- 10:55:43 - <Perf> - (RX#47-ens2f0) Kernel: Packets 9711460, dropped 270214
6/5/2021 -- 10:55:43 - <Perf> - AutoFP - Total flow handler queues - 64
6/5/2021 -- 10:55:43 - <Perf> - (RX#48-ens2f0) Kernel: Packets 10039769, dropped 303503
6/5/2021 -- 10:55:43 - <Perf> - AutoFP - Total flow handler queues - 64
6/5/2021 -- 10:55:43 - <Perf> - (RX#49-ens2f0) Kernel: Packets 9602875, dropped 288411
6/5/2021 -- 10:55:43 - <Perf> - AutoFP - Total flow handler queues - 64
6/5/2021 -- 10:55:43 - <Perf> - (RX#50-ens2f0) Kernel: Packets 9575247, dropped 287646
6/5/2021 -- 10:55:43 - <Perf> - AutoFP - Total flow handler queues - 64
6/5/2021 -- 10:55:43 - <Perf> - (RX#51-ens2f0) Kernel: Packets 9643467, dropped 295759
6/5/2021 -- 10:55:43 - <Perf> - AutoFP - Total flow handler queues - 64
6/5/2021 -- 10:55:43 - <Perf> - (RX#52-ens2f0) Kernel: Packets 9686298, dropped 311804
6/5/2021 -- 10:55:44 - <Perf> - AutoFP - Total flow handler queues - 64
6/5/2021 -- 10:55:44 - <Perf> - (RX#53-ens2f0) Kernel: Packets 9632125, dropped 310807
6/5/2021 -- 10:55:44 - <Perf> - AutoFP - Total flow handler queues - 64
6/5/2021 -- 10:55:44 - <Perf> - (RX#54-ens2f0) Kernel: Packets 9521898, dropped 303467
6/5/2021 -- 10:55:44 - <Perf> - AutoFP - Total flow handler queues - 64
6/5/2021 -- 10:55:44 - <Perf> - (RX#55-ens2f0) Kernel: Packets 9781288, dropped 328454
6/5/2021 -- 10:55:44 - <Perf> - AutoFP - Total flow handler queues - 64
6/5/2021 -- 10:55:44 - <Perf> - (RX#56-ens2f0) Kernel: Packets 9612040, dropped 325188
6/5/2021 -- 10:55:44 - <Perf> - AutoFP - Total flow handler queues - 64
6/5/2021 -- 10:55:44 - <Perf> - (RX#57-ens2f0) Kernel: Packets 9733565, dropped 339665
6/5/2021 -- 10:55:44 - <Perf> - AutoFP - Total flow handler queues - 64
6/5/2021 -- 10:55:44 - <Perf> - (RX#58-ens2f0) Kernel: Packets 9628393, dropped 337573
6/5/2021 -- 10:55:44 - <Perf> - AutoFP - Total flow handler queues - 64
6/5/2021 -- 10:55:44 - <Perf> - (RX#59-ens2f0) Kernel: Packets 9526858, dropped 345167
6/5/2021 -- 10:55:44 - <Perf> - AutoFP - Total flow handler queues - 64
6/5/2021 -- 10:55:44 - <Perf> - (RX#60-ens2f0) Kernel: Packets 9781381, dropped 395200
6/5/2021 -- 10:55:44 - <Perf> - AutoFP - Total flow handler queues - 64
6/5/2021 -- 10:55:44 - <Perf> - (RX#61-ens2f0) Kernel: Packets 9751192, dropped 380307
6/5/2021 -- 10:55:44 - <Perf> - AutoFP - Total flow handler queues - 64
6/5/2021 -- 10:55:44 - <Perf> - (RX#62-ens2f0) Kernel: Packets 9743237, dropped 416291
6/5/2021 -- 10:55:44 - <Perf> - AutoFP - Total flow handler queues - 64
6/5/2021 -- 10:55:44 - <Perf> - (RX#63-ens2f0) Kernel: Packets 9844587, dropped 458853
6/5/2021 -- 10:55:44 - <Perf> - AutoFP - Total flow handler queues - 64
6/5/2021 -- 10:55:44 - <Perf> - (RX#64-ens2f0) Kernel: Packets 9841599, dropped 481837
6/5/2021 -- 10:55:44 - <Perf> - AutoFP - Total flow handler queues - 64
6/5/2021 -- 10:55:44 - <Info> - Alerts: 259765
6/5/2021 -- 10:55:44 - <Perf> - ippair memory usage: 414144 bytes, maximum: 16777216
6/5/2021 -- 10:55:45 - <Perf> - host memory usage: 398144 bytes, maximum: 33554432
6/5/2021 -- 10:55:45 - <Info> - cleaning up signature grouping structure... complete
6/5/2021 -- 10:55:45 - <Notice> - Stats for 'ens2f0':  pkts: 613961042, drop: 16449024 (2.68%), invalid chksum: 0
6/5/2021 -- 10:55:45 - <Perf> - ens2f0: restoring gro offloading
6/5/2021 -- 10:55:45 - <Perf> - ens2f0: restoring tso offloading
6/5/2021 -- 10:55:45 - <Perf> - ens2f0: restoring gso offloading
6/5/2021 -- 10:55:45 - <Perf> - ens2f0: restoring sg offloading
6/5/2021 -- 10:55:45 - <Perf> - Cleaning up Hyperscan global scratch
6/5/2021 -- 10:55:45 - <Perf> - Clearing Hyperscan database cache
