to. 06. mai 09:34:52 +0200 2021
     rx_packets: 61557945
     rx_errors: 0
     tx_errors: 0
     rx_dropped: 355736
     rx_length_errors: 0
     rx_crc_errors: 0
     veb.tx_errors: 0
     veb.tc_0_rx_packets: 0
     veb.tc_1_rx_packets: 0
     veb.tc_2_rx_packets: 0
     veb.tc_3_rx_packets: 0
     veb.tc_4_rx_packets: 0
     veb.tc_5_rx_packets: 0
     veb.tc_6_rx_packets: 0
     veb.tc_7_rx_packets: 0
     port.tx_errors: 0
     port.rx_dropped: 0
     port.rx_crc_errors: 0
     port.rx_length_errors: 0

to. 06. mai 09:35:02 +0200 2021
     rx_packets: 61557949
     rx_errors: 0
     tx_errors: 0
     rx_dropped: 355736
     rx_length_errors: 0
     rx_crc_errors: 0
     veb.tx_errors: 0
     veb.tc_0_rx_packets: 0
     veb.tc_1_rx_packets: 0
     veb.tc_2_rx_packets: 0
     veb.tc_3_rx_packets: 0
     veb.tc_4_rx_packets: 0
     veb.tc_5_rx_packets: 0
     veb.tc_6_rx_packets: 0
     veb.tc_7_rx_packets: 0
     port.tx_errors: 0
     port.rx_dropped: 0
     port.rx_crc_errors: 0
     port.rx_length_errors: 0

to. 06. mai 09:35:12 +0200 2021
     rx_packets: 77426770
     rx_errors: 0
     tx_errors: 0
     rx_dropped: 355736
     rx_length_errors: 0
     rx_crc_errors: 0
     veb.tx_errors: 0
     veb.tc_0_rx_packets: 0
     veb.tc_1_rx_packets: 0
     veb.tc_2_rx_packets: 0
     veb.tc_3_rx_packets: 0
     veb.tc_4_rx_packets: 0
     veb.tc_5_rx_packets: 0
     veb.tc_6_rx_packets: 0
     veb.tc_7_rx_packets: 0
     port.tx_errors: 0
     port.rx_dropped: 0
     port.rx_crc_errors: 0
     port.rx_length_errors: 0

to. 06. mai 09:35:22 +0200 2021
     rx_packets: 96800424
     rx_errors: 0
     tx_errors: 0
     rx_dropped: 355736
     rx_length_errors: 0
     rx_crc_errors: 0
     veb.tx_errors: 0
     veb.tc_0_rx_packets: 0
     veb.tc_1_rx_packets: 0
     veb.tc_2_rx_packets: 0
     veb.tc_3_rx_packets: 0
     veb.tc_4_rx_packets: 0
     veb.tc_5_rx_packets: 0
     veb.tc_6_rx_packets: 0
     veb.tc_7_rx_packets: 0
     port.tx_errors: 0
     port.rx_dropped: 0
     port.rx_crc_errors: 0
     port.rx_length_errors: 0

to. 06. mai 09:35:32 +0200 2021
     rx_packets: 116173125
     rx_errors: 0
     tx_errors: 0
     rx_dropped: 355886
     rx_length_errors: 0
     rx_crc_errors: 0
     veb.tx_errors: 0
     veb.tc_0_rx_packets: 0
     veb.tc_1_rx_packets: 0
     veb.tc_2_rx_packets: 0
     veb.tc_3_rx_packets: 0
     veb.tc_4_rx_packets: 0
     veb.tc_5_rx_packets: 0
     veb.tc_6_rx_packets: 0
     veb.tc_7_rx_packets: 0
     port.tx_errors: 0
     port.rx_dropped: 0
     port.rx_crc_errors: 0
     port.rx_length_errors: 0

to. 06. mai 09:35:42 +0200 2021
     rx_packets: 135546341
     rx_errors: 0
     tx_errors: 0
     rx_dropped: 355886
     rx_length_errors: 0
     rx_crc_errors: 0
     veb.tx_errors: 0
     veb.tc_0_rx_packets: 0
     veb.tc_1_rx_packets: 0
     veb.tc_2_rx_packets: 0
     veb.tc_3_rx_packets: 0
     veb.tc_4_rx_packets: 0
     veb.tc_5_rx_packets: 0
     veb.tc_6_rx_packets: 0
     veb.tc_7_rx_packets: 0
     port.tx_errors: 0
     port.rx_dropped: 0
     port.rx_crc_errors: 0
     port.rx_length_errors: 0

to. 06. mai 09:35:52 +0200 2021
     rx_packets: 154917854
     rx_errors: 0
     tx_errors: 0
     rx_dropped: 355886
     rx_length_errors: 0
     rx_crc_errors: 0
     veb.tx_errors: 0
     veb.tc_0_rx_packets: 0
     veb.tc_1_rx_packets: 0
     veb.tc_2_rx_packets: 0
     veb.tc_3_rx_packets: 0
     veb.tc_4_rx_packets: 0
     veb.tc_5_rx_packets: 0
     veb.tc_6_rx_packets: 0
     veb.tc_7_rx_packets: 0
     port.tx_errors: 0
     port.rx_dropped: 0
     port.rx_crc_errors: 0
     port.rx_length_errors: 0

to. 06. mai 09:36:02 +0200 2021
     rx_packets: 174283096
     rx_errors: 0
     tx_errors: 0
     rx_dropped: 362914
     rx_length_errors: 0
     rx_crc_errors: 0
     veb.tx_errors: 0
     veb.tc_0_rx_packets: 0
     veb.tc_1_rx_packets: 0
     veb.tc_2_rx_packets: 0
     veb.tc_3_rx_packets: 0
     veb.tc_4_rx_packets: 0
     veb.tc_5_rx_packets: 0
     veb.tc_6_rx_packets: 0
     veb.tc_7_rx_packets: 0
     port.tx_errors: 0
     port.rx_dropped: 0
     port.rx_crc_errors: 0
     port.rx_length_errors: 0

to. 06. mai 09:36:12 +0200 2021
     rx_packets: 193655370
     rx_errors: 0
     tx_errors: 0
     rx_dropped: 362914
     rx_length_errors: 0
     rx_crc_errors: 0
     veb.tx_errors: 0
     veb.tc_0_rx_packets: 0
     veb.tc_1_rx_packets: 0
     veb.tc_2_rx_packets: 0
     veb.tc_3_rx_packets: 0
     veb.tc_4_rx_packets: 0
     veb.tc_5_rx_packets: 0
     veb.tc_6_rx_packets: 0
     veb.tc_7_rx_packets: 0
     port.tx_errors: 0
     port.rx_dropped: 0
     port.rx_crc_errors: 0
     port.rx_length_errors: 0

to. 06. mai 09:36:22 +0200 2021
     rx_packets: 213007220
     rx_errors: 0
     tx_errors: 0
     rx_dropped: 382936
     rx_length_errors: 0
     rx_crc_errors: 0
     veb.tx_errors: 0
     veb.tc_0_rx_packets: 0
     veb.tc_1_rx_packets: 0
     veb.tc_2_rx_packets: 0
     veb.tc_3_rx_packets: 0
     veb.tc_4_rx_packets: 0
     veb.tc_5_rx_packets: 0
     veb.tc_6_rx_packets: 0
     veb.tc_7_rx_packets: 0
     port.tx_errors: 0
     port.rx_dropped: 0
     port.rx_crc_errors: 0
     port.rx_length_errors: 0

to. 06. mai 09:36:32 +0200 2021
     rx_packets: 232379296
     rx_errors: 0
     tx_errors: 0
     rx_dropped: 382982
     rx_length_errors: 0
     rx_crc_errors: 0
     veb.tx_errors: 0
     veb.tc_0_rx_packets: 0
     veb.tc_1_rx_packets: 0
     veb.tc_2_rx_packets: 0
     veb.tc_3_rx_packets: 0
     veb.tc_4_rx_packets: 0
     veb.tc_5_rx_packets: 0
     veb.tc_6_rx_packets: 0
     veb.tc_7_rx_packets: 0
     port.tx_errors: 0
     port.rx_dropped: 0
     port.rx_crc_errors: 0
     port.rx_length_errors: 0

to. 06. mai 09:36:42 +0200 2021
     rx_packets: 251751164
     rx_errors: 0
     tx_errors: 0
     rx_dropped: 382982
     rx_length_errors: 0
     rx_crc_errors: 0
     veb.tx_errors: 0
     veb.tc_0_rx_packets: 0
     veb.tc_1_rx_packets: 0
     veb.tc_2_rx_packets: 0
     veb.tc_3_rx_packets: 0
     veb.tc_4_rx_packets: 0
     veb.tc_5_rx_packets: 0
     veb.tc_6_rx_packets: 0
     veb.tc_7_rx_packets: 0
     port.tx_errors: 0
     port.rx_dropped: 0
     port.rx_crc_errors: 0
     port.rx_length_errors: 0

to. 06. mai 09:36:52 +0200 2021
     rx_packets: 271123533
     rx_errors: 0
     tx_errors: 0
     rx_dropped: 382982
     rx_length_errors: 0
     rx_crc_errors: 0
     veb.tx_errors: 0
     veb.tc_0_rx_packets: 0
     veb.tc_1_rx_packets: 0
     veb.tc_2_rx_packets: 0
     veb.tc_3_rx_packets: 0
     veb.tc_4_rx_packets: 0
     veb.tc_5_rx_packets: 0
     veb.tc_6_rx_packets: 0
     veb.tc_7_rx_packets: 0
     port.tx_errors: 0
     port.rx_dropped: 0
     port.rx_crc_errors: 0
     port.rx_length_errors: 0

to. 06. mai 09:37:02 +0200 2021
     rx_packets: 290475033
     rx_errors: 0
     tx_errors: 0
     rx_dropped: 403064
     rx_length_errors: 0
     rx_crc_errors: 0
     veb.tx_errors: 0
     veb.tc_0_rx_packets: 0
     veb.tc_1_rx_packets: 0
     veb.tc_2_rx_packets: 0
     veb.tc_3_rx_packets: 0
     veb.tc_4_rx_packets: 0
     veb.tc_5_rx_packets: 0
     veb.tc_6_rx_packets: 0
     veb.tc_7_rx_packets: 0
     port.tx_errors: 0
     port.rx_dropped: 0
     port.rx_crc_errors: 0
     port.rx_length_errors: 0

to. 06. mai 09:37:12 +0200 2021
     rx_packets: 309847249
     rx_errors: 0
     tx_errors: 0
     rx_dropped: 403064
     rx_length_errors: 0
     rx_crc_errors: 0
     veb.tx_errors: 0
     veb.tc_0_rx_packets: 0
     veb.tc_1_rx_packets: 0
     veb.tc_2_rx_packets: 0
     veb.tc_3_rx_packets: 0
     veb.tc_4_rx_packets: 0
     veb.tc_5_rx_packets: 0
     veb.tc_6_rx_packets: 0
     veb.tc_7_rx_packets: 0
     port.tx_errors: 0
     port.rx_dropped: 0
     port.rx_crc_errors: 0
     port.rx_length_errors: 0

to. 06. mai 09:37:22 +0200 2021
     rx_packets: 329217327
     rx_errors: 0
     tx_errors: 0
     rx_dropped: 403064
     rx_length_errors: 0
     rx_crc_errors: 0
     veb.tx_errors: 0
     veb.tc_0_rx_packets: 0
     veb.tc_1_rx_packets: 0
     veb.tc_2_rx_packets: 0
     veb.tc_3_rx_packets: 0
     veb.tc_4_rx_packets: 0
     veb.tc_5_rx_packets: 0
     veb.tc_6_rx_packets: 0
     veb.tc_7_rx_packets: 0
     port.tx_errors: 0
     port.rx_dropped: 0
     port.rx_crc_errors: 0
     port.rx_length_errors: 0

to. 06. mai 09:37:32 +0200 2021
     rx_packets: 348588908
     rx_errors: 0
     tx_errors: 0
     rx_dropped: 403064
     rx_length_errors: 0
     rx_crc_errors: 0
     veb.tx_errors: 0
     veb.tc_0_rx_packets: 0
     veb.tc_1_rx_packets: 0
     veb.tc_2_rx_packets: 0
     veb.tc_3_rx_packets: 0
     veb.tc_4_rx_packets: 0
     veb.tc_5_rx_packets: 0
     veb.tc_6_rx_packets: 0
     veb.tc_7_rx_packets: 0
     port.tx_errors: 0
     port.rx_dropped: 0
     port.rx_crc_errors: 0
     port.rx_length_errors: 0

to. 06. mai 09:37:42 +0200 2021
     rx_packets: 367960381
     rx_errors: 0
     tx_errors: 0
     rx_dropped: 403064
     rx_length_errors: 0
     rx_crc_errors: 0
     veb.tx_errors: 0
     veb.tc_0_rx_packets: 0
     veb.tc_1_rx_packets: 0
     veb.tc_2_rx_packets: 0
     veb.tc_3_rx_packets: 0
     veb.tc_4_rx_packets: 0
     veb.tc_5_rx_packets: 0
     veb.tc_6_rx_packets: 0
     veb.tc_7_rx_packets: 0
     port.tx_errors: 0
     port.rx_dropped: 0
     port.rx_crc_errors: 0
     port.rx_length_errors: 0

to. 06. mai 09:37:52 +0200 2021
     rx_packets: 387332342
     rx_errors: 0
     tx_errors: 0
     rx_dropped: 403064
     rx_length_errors: 0
     rx_crc_errors: 0
     veb.tx_errors: 0
     veb.tc_0_rx_packets: 0
     veb.tc_1_rx_packets: 0
     veb.tc_2_rx_packets: 0
     veb.tc_3_rx_packets: 0
     veb.tc_4_rx_packets: 0
     veb.tc_5_rx_packets: 0
     veb.tc_6_rx_packets: 0
     veb.tc_7_rx_packets: 0
     port.tx_errors: 0
     port.rx_dropped: 0
     port.rx_crc_errors: 0
     port.rx_length_errors: 0

to. 06. mai 09:38:02 +0200 2021
     rx_packets: 406704242
     rx_errors: 0
     tx_errors: 0
     rx_dropped: 403064
     rx_length_errors: 0
     rx_crc_errors: 0
     veb.tx_errors: 0
     veb.tc_0_rx_packets: 0
     veb.tc_1_rx_packets: 0
     veb.tc_2_rx_packets: 0
     veb.tc_3_rx_packets: 0
     veb.tc_4_rx_packets: 0
     veb.tc_5_rx_packets: 0
     veb.tc_6_rx_packets: 0
     veb.tc_7_rx_packets: 0
     port.tx_errors: 0
     port.rx_dropped: 0
     port.rx_crc_errors: 0
     port.rx_length_errors: 0

to. 06. mai 09:38:12 +0200 2021
     rx_packets: 426074048
     rx_errors: 0
     tx_errors: 0
     rx_dropped: 403064
     rx_length_errors: 0
     rx_crc_errors: 0
     veb.tx_errors: 0
     veb.tc_0_rx_packets: 0
     veb.tc_1_rx_packets: 0
     veb.tc_2_rx_packets: 0
     veb.tc_3_rx_packets: 0
     veb.tc_4_rx_packets: 0
     veb.tc_5_rx_packets: 0
     veb.tc_6_rx_packets: 0
     veb.tc_7_rx_packets: 0
     port.tx_errors: 0
     port.rx_dropped: 0
     port.rx_crc_errors: 0
     port.rx_length_errors: 0

to. 06. mai 09:38:22 +0200 2021
     rx_packets: 445445912
     rx_errors: 0
     tx_errors: 0
     rx_dropped: 403064
     rx_length_errors: 0
     rx_crc_errors: 0
     veb.tx_errors: 0
     veb.tc_0_rx_packets: 0
     veb.tc_1_rx_packets: 0
     veb.tc_2_rx_packets: 0
     veb.tc_3_rx_packets: 0
     veb.tc_4_rx_packets: 0
     veb.tc_5_rx_packets: 0
     veb.tc_6_rx_packets: 0
     veb.tc_7_rx_packets: 0
     port.tx_errors: 0
     port.rx_dropped: 0
     port.rx_crc_errors: 0
     port.rx_length_errors: 0

to. 06. mai 09:38:32 +0200 2021
     rx_packets: 464817141
     rx_errors: 0
     tx_errors: 0
     rx_dropped: 403064
     rx_length_errors: 0
     rx_crc_errors: 0
     veb.tx_errors: 0
     veb.tc_0_rx_packets: 0
     veb.tc_1_rx_packets: 0
     veb.tc_2_rx_packets: 0
     veb.tc_3_rx_packets: 0
     veb.tc_4_rx_packets: 0
     veb.tc_5_rx_packets: 0
     veb.tc_6_rx_packets: 0
     veb.tc_7_rx_packets: 0
     port.tx_errors: 0
     port.rx_dropped: 0
     port.rx_crc_errors: 0
     port.rx_length_errors: 0

to. 06. mai 09:38:42 +0200 2021
     rx_packets: 484048749
     rx_errors: 0
     tx_errors: 0
     rx_dropped: 543282
     rx_length_errors: 0
     rx_crc_errors: 0
     veb.tx_errors: 0
     veb.tc_0_rx_packets: 0
     veb.tc_1_rx_packets: 0
     veb.tc_2_rx_packets: 0
     veb.tc_3_rx_packets: 0
     veb.tc_4_rx_packets: 0
     veb.tc_5_rx_packets: 0
     veb.tc_6_rx_packets: 0
     veb.tc_7_rx_packets: 0
     port.tx_errors: 0
     port.rx_dropped: 0
     port.rx_crc_errors: 0
     port.rx_length_errors: 0

to. 06. mai 09:38:52 +0200 2021
     rx_packets: 503343906
     rx_errors: 0
     tx_errors: 0
     rx_dropped: 619649
     rx_length_errors: 0
     rx_crc_errors: 0
     veb.tx_errors: 0
     veb.tc_0_rx_packets: 0
     veb.tc_1_rx_packets: 0
     veb.tc_2_rx_packets: 0
     veb.tc_3_rx_packets: 0
     veb.tc_4_rx_packets: 0
     veb.tc_5_rx_packets: 0
     veb.tc_6_rx_packets: 0
     veb.tc_7_rx_packets: 0
     port.tx_errors: 0
     port.rx_dropped: 0
     port.rx_crc_errors: 0
     port.rx_length_errors: 0

to. 06. mai 09:39:02 +0200 2021
     rx_packets: 522714564
     rx_errors: 0
     tx_errors: 0
     rx_dropped: 619649
     rx_length_errors: 0
     rx_crc_errors: 0
     veb.tx_errors: 0
     veb.tc_0_rx_packets: 0
     veb.tc_1_rx_packets: 0
     veb.tc_2_rx_packets: 0
     veb.tc_3_rx_packets: 0
     veb.tc_4_rx_packets: 0
     veb.tc_5_rx_packets: 0
     veb.tc_6_rx_packets: 0
     veb.tc_7_rx_packets: 0
     port.tx_errors: 0
     port.rx_dropped: 0
     port.rx_crc_errors: 0
     port.rx_length_errors: 0

to. 06. mai 09:39:12 +0200 2021
     rx_packets: 542085807
     rx_errors: 0
     tx_errors: 0
     rx_dropped: 619649
     rx_length_errors: 0
     rx_crc_errors: 0
     veb.tx_errors: 0
     veb.tc_0_rx_packets: 0
     veb.tc_1_rx_packets: 0
     veb.tc_2_rx_packets: 0
     veb.tc_3_rx_packets: 0
     veb.tc_4_rx_packets: 0
     veb.tc_5_rx_packets: 0
     veb.tc_6_rx_packets: 0
     veb.tc_7_rx_packets: 0
     port.tx_errors: 0
     port.rx_dropped: 0
     port.rx_crc_errors: 0
     port.rx_length_errors: 0

to. 06. mai 09:39:22 +0200 2021
     rx_packets: 561457517
     rx_errors: 0
     tx_errors: 0
     rx_dropped: 619649
     rx_length_errors: 0
     rx_crc_errors: 0
     veb.tx_errors: 0
     veb.tc_0_rx_packets: 0
     veb.tc_1_rx_packets: 0
     veb.tc_2_rx_packets: 0
     veb.tc_3_rx_packets: 0
     veb.tc_4_rx_packets: 0
     veb.tc_5_rx_packets: 0
     veb.tc_6_rx_packets: 0
     veb.tc_7_rx_packets: 0
     port.tx_errors: 0
     port.rx_dropped: 0
     port.rx_crc_errors: 0
     port.rx_length_errors: 0

to. 06. mai 09:39:32 +0200 2021
     rx_packets: 580828922
     rx_errors: 0
     tx_errors: 0
     rx_dropped: 619649
     rx_length_errors: 0
     rx_crc_errors: 0
     veb.tx_errors: 0
     veb.tc_0_rx_packets: 0
     veb.tc_1_rx_packets: 0
     veb.tc_2_rx_packets: 0
     veb.tc_3_rx_packets: 0
     veb.tc_4_rx_packets: 0
     veb.tc_5_rx_packets: 0
     veb.tc_6_rx_packets: 0
     veb.tc_7_rx_packets: 0
     port.tx_errors: 0
     port.rx_dropped: 0
     port.rx_crc_errors: 0
     port.rx_length_errors: 0

to. 06. mai 09:39:42 +0200 2021
     rx_packets: 600199835
     rx_errors: 0
     tx_errors: 0
     rx_dropped: 619649
     rx_length_errors: 0
     rx_crc_errors: 0
     veb.tx_errors: 0
     veb.tc_0_rx_packets: 0
     veb.tc_1_rx_packets: 0
     veb.tc_2_rx_packets: 0
     veb.tc_3_rx_packets: 0
     veb.tc_4_rx_packets: 0
     veb.tc_5_rx_packets: 0
     veb.tc_6_rx_packets: 0
     veb.tc_7_rx_packets: 0
     port.tx_errors: 0
     port.rx_dropped: 0
     port.rx_crc_errors: 0
     port.rx_length_errors: 0