#           time             counts unit events
    10.001389158        474 512 257      LLC-loads                                                     (75,00%)
    10.001389158          8 613 408      LLC-load-misses           #    1,82% of all LL-cache hits     (75,00%)
    10.001389158          6 787 138      LLC-stores                                                    (50,00%)
    10.001389158    <not supported>      LLC-prefetches                                              
    20.002012624      1 400 087 839      LLC-loads                                                     (75,00%)
    20.002012624        353 508 429      LLC-load-misses           #   37,72% of all LL-cache hits     (75,00%)
    20.002012624        542 691 746      LLC-stores                                                    (50,00%)
    20.002012624    <not supported>      LLC-prefetches                                              
    30.002817933      3 132 020 875      LLC-loads                                                     (75,00%)
    30.002817933        759 562 795      LLC-load-misses           #   45,51% of all LL-cache hits     (75,00%)
    30.002817933      1 148 683 924      LLC-stores                                                    (50,00%)
    30.002817933    <not supported>      LLC-prefetches                                              
    40.003821322      3 108 446 984      LLC-loads                                                     (75,00%)
    40.003821322        772 418 329      LLC-load-misses           #   38,07% of all LL-cache hits     (75,00%)
    40.003821322      1 119 585 079      LLC-stores                                                    (50,00%)
    40.003821322    <not supported>      LLC-prefetches                                              
    50.004643896      3 269 565 870      LLC-loads                                                     (75,00%)
    50.004643896        810 379 541      LLC-load-misses           #   35,59% of all LL-cache hits     (75,00%)
    50.004643896      1 193 475 490      LLC-stores                                                    (50,00%)
    50.004643896    <not supported>      LLC-prefetches                                              
    60.005429812      3 368 681 687      LLC-loads                                                     (75,00%)
    60.005429812        824 929 213      LLC-load-misses           #   33,55% of all LL-cache hits     (75,00%)
    60.005429812      1 208 746 315      LLC-stores                                                    (50,00%)
    60.005429812    <not supported>      LLC-prefetches                                              
    70.006321461      3 368 247 859      LLC-loads                                                     (74,99%)
    70.006321461        821 549 474      LLC-load-misses           #   31,73% of all LL-cache hits     (75,00%)
    70.006321461      1 205 915 171      LLC-stores                                                    (50,01%)
    70.006321461    <not supported>      LLC-prefetches                                              
    80.007046529      3 100 815 573      LLC-loads                                                     (74,99%)
    80.007046529        761 324 629      LLC-load-misses           #   28,70% of all LL-cache hits     (75,00%)
    80.007046529      1 109 331 889      LLC-stores                                                    (50,01%)
    80.007046529    <not supported>      LLC-prefetches                                              
    90.007817134      3 379 178 379      LLC-loads                                                     (74,99%)
    90.007817134        820 758 433      LLC-load-misses           #   30,03% of all LL-cache hits     (75,00%)
    90.007817134      1 209 003 526      LLC-stores                                                    (50,01%)
    90.007817134    <not supported>      LLC-prefetches                                              
   100.008566194      3 383 488 585      LLC-loads                                                     (74,99%)
   100.008566194        822 768 220      LLC-load-misses           #   29,40% of all LL-cache hits     (75,00%)
   100.008566194      1 208 817 254      LLC-stores                                                    (50,01%)
   100.008566194    <not supported>      LLC-prefetches                                              
   110.009336347      3 143 167 456      LLC-loads                                                     (74,99%)
   110.009336347        775 032 289      LLC-load-misses           #   27,39% of all LL-cache hits     (75,00%)
   110.009336347      1 122 723 645      LLC-stores                                                    (50,01%)
   110.009336347    <not supported>      LLC-prefetches                                              
   120.010046226      3 389 973 722      LLC-loads                                                     (75,00%)
   120.010046226        827 868 358      LLC-load-misses           #   28,78% of all LL-cache hits     (74,99%)
   120.010046226      1 203 099 069      LLC-stores                                                    (50,01%)
   120.010046226    <not supported>      LLC-prefetches                                              
   130.010860131      3 379 216 709      LLC-loads                                                     (75,00%)
   130.010860131        827 033 105      LLC-load-misses           #   28,37% of all LL-cache hits     (74,99%)
   130.010860131      1 200 660 136      LLC-stores                                                    (50,01%)
   130.010860131    <not supported>      LLC-prefetches                                              
   140.011693562      3 082 174 879      LLC-loads                                                     (75,00%)
   140.011693562        761 793 725      LLC-load-misses           #   26,03% of all LL-cache hits     (74,99%)
   140.011693562      1 097 003 433      LLC-stores                                                    (50,01%)
   140.011693562    <not supported>      LLC-prefetches                                              
   150.012623219      3 383 695 038      LLC-loads                                                     (75,00%)
   150.012623219        823 269 848      LLC-load-misses           #   27,84% of all LL-cache hits     (74,99%)
   150.012623219      1 207 865 511      LLC-stores                                                    (50,01%)
   150.012623219    <not supported>      LLC-prefetches                                              
   160.013449363      3 400 250 553      LLC-loads                                                     (75,00%)
   160.013449363        826 741 284      LLC-load-misses           #   27,69% of all LL-cache hits     (75,00%)
   160.013449363      1 210 865 201      LLC-stores                                                    (50,00%)
   160.013449363    <not supported>      LLC-prefetches                                              
   170.014325567      3 377 706 193      LLC-loads                                                     (75,00%)
   170.014325567        825 922 431      LLC-load-misses           #   27,45% of all LL-cache hits     (75,00%)
   170.014325567      1 198 227 878      LLC-stores                                                    (50,00%)
   170.014325567    <not supported>      LLC-prefetches                                              
   180.015034018      2 922 096 852      LLC-loads                                                     (75,00%)
   180.015034018        719 025 258      LLC-load-misses           #   23,94% of all LL-cache hits     (75,00%)
   180.015034018      1 030 039 266      LLC-stores                                                    (50,00%)
   180.015034018    <not supported>      LLC-prefetches                                              
   190.015853295      3 408 324 809      LLC-loads                                                     (75,00%)
   190.015853295        827 115 941      LLC-load-misses           #   27,34% of all LL-cache hits     (75,00%)
   190.015853295      1 218 089 722      LLC-stores                                                    (50,00%)
   190.015853295    <not supported>      LLC-prefetches                                              
   200.016638183      3 394 338 278      LLC-loads                                                     (75,00%)
   200.016638183        826 076 934      LLC-load-misses           #   27,14% of all LL-cache hits     (75,00%)
   200.016638183      1 207 607 030      LLC-stores                                                    (50,00%)
   200.016638183    <not supported>      LLC-prefetches                                              
   210.017455752      2 919 598 248      LLC-loads                                                     (75,00%)
   210.017455752        721 353 503      LLC-load-misses           #   23,75% of all LL-cache hits     (75,00%)
   210.017455752      1 029 877 810      LLC-stores                                                    (50,00%)
   210.017455752    <not supported>      LLC-prefetches                                              
   220.018305185      3 406 438 700      LLC-loads                                                     (75,00%)
   220.018305185        824 930 518      LLC-load-misses           #   27,01% of all LL-cache hits     (75,00%)
   220.018305185      1 216 258 387      LLC-stores                                                    (50,00%)
   220.018305185    <not supported>      LLC-prefetches                                              
   230.019063921      3 375 963 944      LLC-loads                                                     (75,00%)
   230.019063921        821 045 436      LLC-load-misses           #   26,76% of all LL-cache hits     (75,00%)
   230.019063921      1 199 397 842      LLC-stores                                                    (50,00%)
   230.019063921    <not supported>      LLC-prefetches                                              
   240.019888080      3 322 213 773      LLC-loads                                                     (75,00%)
   240.019888080        812 896 084      LLC-load-misses           #   26,40% of all LL-cache hits     (75,00%)
   240.019888080      1 173 118 192      LLC-stores                                                    (50,00%)
   240.019888080    <not supported>      LLC-prefetches                                              
   250.020662722      3 420 474 079      LLC-loads                                                     (75,00%)
   250.020662722        827 706 352      LLC-load-misses           #   26,77% of all LL-cache hits     (75,00%)
   250.020662722      1 218 680 650      LLC-stores                                                    (50,00%)
   250.020662722    <not supported>      LLC-prefetches                                              
#           time             counts unit events
   260.021398333      3 417 324 068      LLC-loads                                                     (75,00%)
   260.021398333        826 818 233      LLC-load-misses           #   26,63% of all LL-cache hits     (75,00%)
   260.021398333      1 213 871 993      LLC-stores                                                    (50,00%)
   260.021398333    <not supported>      LLC-prefetches                                              
   270.022400606      3 407 803 824      LLC-loads                                                     (74,99%)
   270.022400606        828 001 631      LLC-load-misses           #   26,57% of all LL-cache hits     (75,00%)
   270.022400606      1 210 728 221      LLC-stores                                                    (50,01%)
   270.022400606    <not supported>      LLC-prefetches                                              
   280.023198180      3 413 894 502      LLC-loads                                                     (74,99%)
   280.023198180        826 134 706      LLC-load-misses           #   26,42% of all LL-cache hits     (75,00%)
   280.023198180      1 211 693 754      LLC-stores                                                    (50,01%)
   280.023198180    <not supported>      LLC-prefetches                                              
   290.024009650      3 408 811 323      LLC-loads                                                     (74,99%)
   290.024009650        826 364 583      LLC-load-misses           #   26,35% of all LL-cache hits     (75,00%)
   290.024009650      1 212 689 440      LLC-stores                                                    (50,01%)
   290.024009650    <not supported>      LLC-prefetches                                              
   300.000782831      3 297 884 864      LLC-loads                                                     (75,01%)
   300.000782831        809 371 138      LLC-load-misses           #   25,76% of all LL-cache hits     (74,98%)
   300.000782831      1 167 295 716      LLC-stores                                                    (50,01%)
   300.000782831    <not supported>      LLC-prefetches                                              