to. 06. mai 09:43:33 +0200 2021
     rx_packets: 6
     rx_errors: 0
     tx_errors: 0
     rx_dropped: 0
     rx_length_errors: 0
     rx_crc_errors: 0
     veb.tx_errors: 0
     veb.tc_0_rx_packets: 0
     veb.tc_1_rx_packets: 0
     veb.tc_2_rx_packets: 0
     veb.tc_3_rx_packets: 0
     veb.tc_4_rx_packets: 0
     veb.tc_5_rx_packets: 0
     veb.tc_6_rx_packets: 0
     veb.tc_7_rx_packets: 0
     port.tx_errors: 0
     port.rx_dropped: 0
     port.rx_crc_errors: 0
     port.rx_length_errors: 0

to. 06. mai 09:43:43 +0200 2021
     rx_packets: 9
     rx_errors: 0
     tx_errors: 0
     rx_dropped: 0
     rx_length_errors: 0
     rx_crc_errors: 0
     veb.tx_errors: 0
     veb.tc_0_rx_packets: 0
     veb.tc_1_rx_packets: 0
     veb.tc_2_rx_packets: 0
     veb.tc_3_rx_packets: 0
     veb.tc_4_rx_packets: 0
     veb.tc_5_rx_packets: 0
     veb.tc_6_rx_packets: 0
     veb.tc_7_rx_packets: 0
     port.tx_errors: 0
     port.rx_dropped: 0
     port.rx_crc_errors: 0
     port.rx_length_errors: 0

to. 06. mai 09:43:53 +0200 2021
     rx_packets: 13210133
     rx_errors: 0
     tx_errors: 0
     rx_dropped: 0
     rx_length_errors: 0
     rx_crc_errors: 0
     veb.tx_errors: 0
     veb.tc_0_rx_packets: 0
     veb.tc_1_rx_packets: 0
     veb.tc_2_rx_packets: 0
     veb.tc_3_rx_packets: 0
     veb.tc_4_rx_packets: 0
     veb.tc_5_rx_packets: 0
     veb.tc_6_rx_packets: 0
     veb.tc_7_rx_packets: 0
     port.tx_errors: 0
     port.rx_dropped: 0
     port.rx_crc_errors: 0
     port.rx_length_errors: 0

to. 06. mai 09:44:03 +0200 2021
     rx_packets: 32562567
     rx_errors: 0
     tx_errors: 0
     rx_dropped: 18599
     rx_length_errors: 0
     rx_crc_errors: 0
     veb.tx_errors: 0
     veb.tc_0_rx_packets: 0
     veb.tc_1_rx_packets: 0
     veb.tc_2_rx_packets: 0
     veb.tc_3_rx_packets: 0
     veb.tc_4_rx_packets: 0
     veb.tc_5_rx_packets: 0
     veb.tc_6_rx_packets: 0
     veb.tc_7_rx_packets: 0
     port.tx_errors: 0
     port.rx_dropped: 0
     port.rx_crc_errors: 0
     port.rx_length_errors: 0

to. 06. mai 09:44:13 +0200 2021
     rx_packets: 51935189
     rx_errors: 0
     tx_errors: 0
     rx_dropped: 18599
     rx_length_errors: 0
     rx_crc_errors: 0
     veb.tx_errors: 0
     veb.tc_0_rx_packets: 0
     veb.tc_1_rx_packets: 0
     veb.tc_2_rx_packets: 0
     veb.tc_3_rx_packets: 0
     veb.tc_4_rx_packets: 0
     veb.tc_5_rx_packets: 0
     veb.tc_6_rx_packets: 0
     veb.tc_7_rx_packets: 0
     port.tx_errors: 0
     port.rx_dropped: 0
     port.rx_crc_errors: 0
     port.rx_length_errors: 0

to. 06. mai 09:44:23 +0200 2021
     rx_packets: 71306738
     rx_errors: 0
     tx_errors: 0
     rx_dropped: 18599
     rx_length_errors: 0
     rx_crc_errors: 0
     veb.tx_errors: 0
     veb.tc_0_rx_packets: 0
     veb.tc_1_rx_packets: 0
     veb.tc_2_rx_packets: 0
     veb.tc_3_rx_packets: 0
     veb.tc_4_rx_packets: 0
     veb.tc_5_rx_packets: 0
     veb.tc_6_rx_packets: 0
     veb.tc_7_rx_packets: 0
     port.tx_errors: 0
     port.rx_dropped: 0
     port.rx_crc_errors: 0
     port.rx_length_errors: 0

to. 06. mai 09:44:33 +0200 2021
     rx_packets: 90679106
     rx_errors: 0
     tx_errors: 0
     rx_dropped: 18599
     rx_length_errors: 0
     rx_crc_errors: 0
     veb.tx_errors: 0
     veb.tc_0_rx_packets: 0
     veb.tc_1_rx_packets: 0
     veb.tc_2_rx_packets: 0
     veb.tc_3_rx_packets: 0
     veb.tc_4_rx_packets: 0
     veb.tc_5_rx_packets: 0
     veb.tc_6_rx_packets: 0
     veb.tc_7_rx_packets: 0
     port.tx_errors: 0
     port.rx_dropped: 0
     port.rx_crc_errors: 0
     port.rx_length_errors: 0

to. 06. mai 09:44:43 +0200 2021
     rx_packets: 110053246
     rx_errors: 0
     tx_errors: 0
     rx_dropped: 18599
     rx_length_errors: 0
     rx_crc_errors: 0
     veb.tx_errors: 0
     veb.tc_0_rx_packets: 0
     veb.tc_1_rx_packets: 0
     veb.tc_2_rx_packets: 0
     veb.tc_3_rx_packets: 0
     veb.tc_4_rx_packets: 0
     veb.tc_5_rx_packets: 0
     veb.tc_6_rx_packets: 0
     veb.tc_7_rx_packets: 0
     port.tx_errors: 0
     port.rx_dropped: 0
     port.rx_crc_errors: 0
     port.rx_length_errors: 0

to. 06. mai 09:44:53 +0200 2021
     rx_packets: 129398323
     rx_errors: 0
     tx_errors: 0
     rx_dropped: 44706
     rx_length_errors: 0
     rx_crc_errors: 0
     veb.tx_errors: 0
     veb.tc_0_rx_packets: 0
     veb.tc_1_rx_packets: 0
     veb.tc_2_rx_packets: 0
     veb.tc_3_rx_packets: 0
     veb.tc_4_rx_packets: 0
     veb.tc_5_rx_packets: 0
     veb.tc_6_rx_packets: 0
     veb.tc_7_rx_packets: 0
     port.tx_errors: 0
     port.rx_dropped: 0
     port.rx_crc_errors: 0
     port.rx_length_errors: 0

to. 06. mai 09:45:03 +0200 2021
     rx_packets: 148769918
     rx_errors: 0
     tx_errors: 0
     rx_dropped: 44706
     rx_length_errors: 0
     rx_crc_errors: 0
     veb.tx_errors: 0
     veb.tc_0_rx_packets: 0
     veb.tc_1_rx_packets: 0
     veb.tc_2_rx_packets: 0
     veb.tc_3_rx_packets: 0
     veb.tc_4_rx_packets: 0
     veb.tc_5_rx_packets: 0
     veb.tc_6_rx_packets: 0
     veb.tc_7_rx_packets: 0
     port.tx_errors: 0
     port.rx_dropped: 0
     port.rx_crc_errors: 0
     port.rx_length_errors: 0

to. 06. mai 09:45:13 +0200 2021
     rx_packets: 168141059
     rx_errors: 0
     tx_errors: 0
     rx_dropped: 44706
     rx_length_errors: 0
     rx_crc_errors: 0
     veb.tx_errors: 0
     veb.tc_0_rx_packets: 0
     veb.tc_1_rx_packets: 0
     veb.tc_2_rx_packets: 0
     veb.tc_3_rx_packets: 0
     veb.tc_4_rx_packets: 0
     veb.tc_5_rx_packets: 0
     veb.tc_6_rx_packets: 0
     veb.tc_7_rx_packets: 0
     port.tx_errors: 0
     port.rx_dropped: 0
     port.rx_crc_errors: 0
     port.rx_length_errors: 0

to. 06. mai 09:45:23 +0200 2021
     rx_packets: 187512279
     rx_errors: 0
     tx_errors: 0
     rx_dropped: 44706
     rx_length_errors: 0
     rx_crc_errors: 0
     veb.tx_errors: 0
     veb.tc_0_rx_packets: 0
     veb.tc_1_rx_packets: 0
     veb.tc_2_rx_packets: 0
     veb.tc_3_rx_packets: 0
     veb.tc_4_rx_packets: 0
     veb.tc_5_rx_packets: 0
     veb.tc_6_rx_packets: 0
     veb.tc_7_rx_packets: 0
     port.tx_errors: 0
     port.rx_dropped: 0
     port.rx_crc_errors: 0
     port.rx_length_errors: 0

to. 06. mai 09:45:33 +0200 2021
     rx_packets: 206871956
     rx_errors: 0
     tx_errors: 0
     rx_dropped: 56804
     rx_length_errors: 0
     rx_crc_errors: 0
     veb.tx_errors: 0
     veb.tc_0_rx_packets: 0
     veb.tc_1_rx_packets: 0
     veb.tc_2_rx_packets: 0
     veb.tc_3_rx_packets: 0
     veb.tc_4_rx_packets: 0
     veb.tc_5_rx_packets: 0
     veb.tc_6_rx_packets: 0
     veb.tc_7_rx_packets: 0
     port.tx_errors: 0
     port.rx_dropped: 0
     port.rx_crc_errors: 0
     port.rx_length_errors: 0

to. 06. mai 09:45:43 +0200 2021
     rx_packets: 226243672
     rx_errors: 0
     tx_errors: 0
     rx_dropped: 56804
     rx_length_errors: 0
     rx_crc_errors: 0
     veb.tx_errors: 0
     veb.tc_0_rx_packets: 0
     veb.tc_1_rx_packets: 0
     veb.tc_2_rx_packets: 0
     veb.tc_3_rx_packets: 0
     veb.tc_4_rx_packets: 0
     veb.tc_5_rx_packets: 0
     veb.tc_6_rx_packets: 0
     veb.tc_7_rx_packets: 0
     port.tx_errors: 0
     port.rx_dropped: 0
     port.rx_crc_errors: 0
     port.rx_length_errors: 0

to. 06. mai 09:45:53 +0200 2021
     rx_packets: 245615501
     rx_errors: 0
     tx_errors: 0
     rx_dropped: 56804
     rx_length_errors: 0
     rx_crc_errors: 0
     veb.tx_errors: 0
     veb.tc_0_rx_packets: 0
     veb.tc_1_rx_packets: 0
     veb.tc_2_rx_packets: 0
     veb.tc_3_rx_packets: 0
     veb.tc_4_rx_packets: 0
     veb.tc_5_rx_packets: 0
     veb.tc_6_rx_packets: 0
     veb.tc_7_rx_packets: 0
     port.tx_errors: 0
     port.rx_dropped: 0
     port.rx_crc_errors: 0
     port.rx_length_errors: 0

to. 06. mai 09:46:03 +0200 2021
     rx_packets: 264987343
     rx_errors: 0
     tx_errors: 0
     rx_dropped: 56804
     rx_length_errors: 0
     rx_crc_errors: 0
     veb.tx_errors: 0
     veb.tc_0_rx_packets: 0
     veb.tc_1_rx_packets: 0
     veb.tc_2_rx_packets: 0
     veb.tc_3_rx_packets: 0
     veb.tc_4_rx_packets: 0
     veb.tc_5_rx_packets: 0
     veb.tc_6_rx_packets: 0
     veb.tc_7_rx_packets: 0
     port.tx_errors: 0
     port.rx_dropped: 0
     port.rx_crc_errors: 0
     port.rx_length_errors: 0

to. 06. mai 09:46:13 +0200 2021
     rx_packets: 284358774
     rx_errors: 0
     tx_errors: 0
     rx_dropped: 56804
     rx_length_errors: 0
     rx_crc_errors: 0
     veb.tx_errors: 0
     veb.tc_0_rx_packets: 0
     veb.tc_1_rx_packets: 0
     veb.tc_2_rx_packets: 0
     veb.tc_3_rx_packets: 0
     veb.tc_4_rx_packets: 0
     veb.tc_5_rx_packets: 0
     veb.tc_6_rx_packets: 0
     veb.tc_7_rx_packets: 0
     port.tx_errors: 0
     port.rx_dropped: 0
     port.rx_crc_errors: 0
     port.rx_length_errors: 0

to. 06. mai 09:46:23 +0200 2021
     rx_packets: 303718318
     rx_errors: 0
     tx_errors: 0
     rx_dropped: 68973
     rx_length_errors: 0
     rx_crc_errors: 0
     veb.tx_errors: 0
     veb.tc_0_rx_packets: 0
     veb.tc_1_rx_packets: 0
     veb.tc_2_rx_packets: 0
     veb.tc_3_rx_packets: 0
     veb.tc_4_rx_packets: 0
     veb.tc_5_rx_packets: 0
     veb.tc_6_rx_packets: 0
     veb.tc_7_rx_packets: 0
     port.tx_errors: 0
     port.rx_dropped: 0
     port.rx_crc_errors: 0
     port.rx_length_errors: 0

to. 06. mai 09:46:33 +0200 2021
     rx_packets: 323089343
     rx_errors: 0
     tx_errors: 0
     rx_dropped: 68973
     rx_length_errors: 0
     rx_crc_errors: 0
     veb.tx_errors: 0
     veb.tc_0_rx_packets: 0
     veb.tc_1_rx_packets: 0
     veb.tc_2_rx_packets: 0
     veb.tc_3_rx_packets: 0
     veb.tc_4_rx_packets: 0
     veb.tc_5_rx_packets: 0
     veb.tc_6_rx_packets: 0
     veb.tc_7_rx_packets: 0
     port.tx_errors: 0
     port.rx_dropped: 0
     port.rx_crc_errors: 0
     port.rx_length_errors: 0

to. 06. mai 09:46:43 +0200 2021
     rx_packets: 342460902
     rx_errors: 0
     tx_errors: 0
     rx_dropped: 68978
     rx_length_errors: 0
     rx_crc_errors: 0
     veb.tx_errors: 0
     veb.tc_0_rx_packets: 0
     veb.tc_1_rx_packets: 0
     veb.tc_2_rx_packets: 0
     veb.tc_3_rx_packets: 0
     veb.tc_4_rx_packets: 0
     veb.tc_5_rx_packets: 0
     veb.tc_6_rx_packets: 0
     veb.tc_7_rx_packets: 0
     port.tx_errors: 0
     port.rx_dropped: 0
     port.rx_crc_errors: 0
     port.rx_length_errors: 0

to. 06. mai 09:46:53 +0200 2021
     rx_packets: 361833277
     rx_errors: 0
     tx_errors: 0
     rx_dropped: 68978
     rx_length_errors: 0
     rx_crc_errors: 0
     veb.tx_errors: 0
     veb.tc_0_rx_packets: 0
     veb.tc_1_rx_packets: 0
     veb.tc_2_rx_packets: 0
     veb.tc_3_rx_packets: 0
     veb.tc_4_rx_packets: 0
     veb.tc_5_rx_packets: 0
     veb.tc_6_rx_packets: 0
     veb.tc_7_rx_packets: 0
     port.tx_errors: 0
     port.rx_dropped: 0
     port.rx_crc_errors: 0
     port.rx_length_errors: 0

to. 06. mai 09:47:03 +0200 2021
     rx_packets: 381205298
     rx_errors: 0
     tx_errors: 0
     rx_dropped: 68979
     rx_length_errors: 0
     rx_crc_errors: 0
     veb.tx_errors: 0
     veb.tc_0_rx_packets: 0
     veb.tc_1_rx_packets: 0
     veb.tc_2_rx_packets: 0
     veb.tc_3_rx_packets: 0
     veb.tc_4_rx_packets: 0
     veb.tc_5_rx_packets: 0
     veb.tc_6_rx_packets: 0
     veb.tc_7_rx_packets: 0
     port.tx_errors: 0
     port.rx_dropped: 0
     port.rx_crc_errors: 0
     port.rx_length_errors: 0

to. 06. mai 09:47:13 +0200 2021
     rx_packets: 400575813
     rx_errors: 0
     tx_errors: 0
     rx_dropped: 68979
     rx_length_errors: 0
     rx_crc_errors: 0
     veb.tx_errors: 0
     veb.tc_0_rx_packets: 0
     veb.tc_1_rx_packets: 0
     veb.tc_2_rx_packets: 0
     veb.tc_3_rx_packets: 0
     veb.tc_4_rx_packets: 0
     veb.tc_5_rx_packets: 0
     veb.tc_6_rx_packets: 0
     veb.tc_7_rx_packets: 0
     port.tx_errors: 0
     port.rx_dropped: 0
     port.rx_crc_errors: 0
     port.rx_length_errors: 0

to. 06. mai 09:47:23 +0200 2021
     rx_packets: 419947746
     rx_errors: 0
     tx_errors: 0
     rx_dropped: 68979
     rx_length_errors: 0
     rx_crc_errors: 0
     veb.tx_errors: 0
     veb.tc_0_rx_packets: 0
     veb.tc_1_rx_packets: 0
     veb.tc_2_rx_packets: 0
     veb.tc_3_rx_packets: 0
     veb.tc_4_rx_packets: 0
     veb.tc_5_rx_packets: 0
     veb.tc_6_rx_packets: 0
     veb.tc_7_rx_packets: 0
     port.tx_errors: 0
     port.rx_dropped: 0
     port.rx_crc_errors: 0
     port.rx_length_errors: 0

to. 06. mai 09:47:33 +0200 2021
     rx_packets: 439318708
     rx_errors: 0
     tx_errors: 0
     rx_dropped: 68979
     rx_length_errors: 0
     rx_crc_errors: 0
     veb.tx_errors: 0
     veb.tc_0_rx_packets: 0
     veb.tc_1_rx_packets: 0
     veb.tc_2_rx_packets: 0
     veb.tc_3_rx_packets: 0
     veb.tc_4_rx_packets: 0
     veb.tc_5_rx_packets: 0
     veb.tc_6_rx_packets: 0
     veb.tc_7_rx_packets: 0
     port.tx_errors: 0
     port.rx_dropped: 0
     port.rx_crc_errors: 0
     port.rx_length_errors: 0

to. 06. mai 09:47:43 +0200 2021
     rx_packets: 458690562
     rx_errors: 0
     tx_errors: 0
     rx_dropped: 68979
     rx_length_errors: 0
     rx_crc_errors: 0
     veb.tx_errors: 0
     veb.tc_0_rx_packets: 0
     veb.tc_1_rx_packets: 0
     veb.tc_2_rx_packets: 0
     veb.tc_3_rx_packets: 0
     veb.tc_4_rx_packets: 0
     veb.tc_5_rx_packets: 0
     veb.tc_6_rx_packets: 0
     veb.tc_7_rx_packets: 0
     port.tx_errors: 0
     port.rx_dropped: 0
     port.rx_crc_errors: 0
     port.rx_length_errors: 0

to. 06. mai 09:47:53 +0200 2021
     rx_packets: 478062366
     rx_errors: 0
     tx_errors: 0
     rx_dropped: 68979
     rx_length_errors: 0
     rx_crc_errors: 0
     veb.tx_errors: 0
     veb.tc_0_rx_packets: 0
     veb.tc_1_rx_packets: 0
     veb.tc_2_rx_packets: 0
     veb.tc_3_rx_packets: 0
     veb.tc_4_rx_packets: 0
     veb.tc_5_rx_packets: 0
     veb.tc_6_rx_packets: 0
     veb.tc_7_rx_packets: 0
     port.tx_errors: 0
     port.rx_dropped: 0
     port.rx_crc_errors: 0
     port.rx_length_errors: 0

to. 06. mai 09:48:03 +0200 2021
     rx_packets: 497433700
     rx_errors: 0
     tx_errors: 0
     rx_dropped: 68979
     rx_length_errors: 0
     rx_crc_errors: 0
     veb.tx_errors: 0
     veb.tc_0_rx_packets: 0
     veb.tc_1_rx_packets: 0
     veb.tc_2_rx_packets: 0
     veb.tc_3_rx_packets: 0
     veb.tc_4_rx_packets: 0
     veb.tc_5_rx_packets: 0
     veb.tc_6_rx_packets: 0
     veb.tc_7_rx_packets: 0
     port.tx_errors: 0
     port.rx_dropped: 0
     port.rx_crc_errors: 0
     port.rx_length_errors: 0

to. 06. mai 09:48:13 +0200 2021
     rx_packets: 516804976
     rx_errors: 0
     tx_errors: 0
     rx_dropped: 68979
     rx_length_errors: 0
     rx_crc_errors: 0
     veb.tx_errors: 0
     veb.tc_0_rx_packets: 0
     veb.tc_1_rx_packets: 0
     veb.tc_2_rx_packets: 0
     veb.tc_3_rx_packets: 0
     veb.tc_4_rx_packets: 0
     veb.tc_5_rx_packets: 0
     veb.tc_6_rx_packets: 0
     veb.tc_7_rx_packets: 0
     port.tx_errors: 0
     port.rx_dropped: 0
     port.rx_crc_errors: 0
     port.rx_length_errors: 0

to. 06. mai 09:48:23 +0200 2021
     rx_packets: 536177091
     rx_errors: 0
     tx_errors: 0
     rx_dropped: 68979
     rx_length_errors: 0
     rx_crc_errors: 0
     veb.tx_errors: 0
     veb.tc_0_rx_packets: 0
     veb.tc_1_rx_packets: 0
     veb.tc_2_rx_packets: 0
     veb.tc_3_rx_packets: 0
     veb.tc_4_rx_packets: 0
     veb.tc_5_rx_packets: 0
     veb.tc_6_rx_packets: 0
     veb.tc_7_rx_packets: 0
     port.tx_errors: 0
     port.rx_dropped: 0
     port.rx_crc_errors: 0
     port.rx_length_errors: 0