#           time             counts unit events
    10.001376490        474 631 783      LLC-loads                                                     (75,00%)
    10.001376490         11 756 536      LLC-load-misses           #    2,48% of all LL-cache hits     (75,00%)
    10.001376490          6 513 351      LLC-stores                                                    (50,00%)
    10.001376490    <not supported>      LLC-prefetches                                              
    20.002052186      1 298 931 998      LLC-loads                                                     (75,00%)
    20.002052186        314 645 567      LLC-load-misses           #   35,48% of all LL-cache hits     (75,00%)
    20.002052186        486 364 460      LLC-stores                                                    (50,00%)
    20.002052186    <not supported>      LLC-prefetches                                              
    30.002924077      3 104 009 283      LLC-loads                                                     (75,00%)
    30.002924077        752 543 308      LLC-load-misses           #   46,29% of all LL-cache hits     (75,00%)
    30.002924077      1 134 145 859      LLC-stores                                                    (50,00%)
    30.002924077    <not supported>      LLC-prefetches                                              
    40.003728345      3 157 286 204      LLC-loads                                                     (75,00%)
    40.003728345        768 218 069      LLC-load-misses           #   38,24% of all LL-cache hits     (75,00%)
    40.003728345      1 143 910 255      LLC-stores                                                    (50,00%)
    40.003728345    <not supported>      LLC-prefetches                                              
    50.004579511      3 334 197 717      LLC-loads                                                     (75,00%)
    50.004579511        816 475 179      LLC-load-misses           #   35,91% of all LL-cache hits     (75,00%)
    50.004579511      1 205 530 509      LLC-stores                                                    (50,00%)
    50.004579511    <not supported>      LLC-prefetches                                              
    60.005408153      3 360 982 961      LLC-loads                                                     (75,00%)
    60.005408153        819 397 683      LLC-load-misses           #   33,38% of all LL-cache hits     (75,00%)
    60.005408153      1 196 730 780      LLC-stores                                                    (50,00%)
    60.005408153    <not supported>      LLC-prefetches                                              
    70.006177063      3 364 119 822      LLC-loads                                                     (75,00%)
    70.006177063        820 378 281      LLC-load-misses           #   31,74% of all LL-cache hits     (75,00%)
    70.006177063      1 196 536 486      LLC-stores                                                    (50,00%)
    70.006177063    <not supported>      LLC-prefetches                                              
    80.007011722      3 364 459 639      LLC-loads                                                     (75,00%)
    80.007011722        820 507 108      LLC-load-misses           #   30,59% of all LL-cache hits     (75,00%)
    80.007011722      1 194 148 494      LLC-stores                                                    (50,00%)
    80.007011722    <not supported>      LLC-prefetches                                              
    90.007909970      3 371 446 463      LLC-loads                                                     (75,00%)
    90.007909970        819 391 132      LLC-load-misses           #   29,70% of all LL-cache hits     (75,00%)
    90.007909970      1 197 502 209      LLC-stores                                                    (50,00%)
    90.007909970    <not supported>      LLC-prefetches                                              
   100.008923505      3 313 993 992      LLC-loads                                                     (75,00%)
   100.008923505        811 827 630      LLC-load-misses           #   28,85% of all LL-cache hits     (75,00%)
   100.008923505      1 172 445 536      LLC-stores                                                    (50,01%)
   100.008923505    <not supported>      LLC-prefetches                                              
   110.009768068      3 380 033 964      LLC-loads                                                     (74,99%)
   110.009768068        821 312 355      LLC-load-misses           #   28,66% of all LL-cache hits     (75,00%)
   110.009768068      1 203 723 408      LLC-stores                                                    (50,01%)
   110.009768068    <not supported>      LLC-prefetches                                              
   120.010593594      3 368 600 364      LLC-loads                                                     (74,99%)
   120.010593594        824 824 652      LLC-load-misses           #   28,37% of all LL-cache hits     (75,00%)
   120.010593594      1 191 638 566      LLC-stores                                                    (50,01%)
   120.010593594    <not supported>      LLC-prefetches                                              
   130.011426011      3 369 795 830      LLC-loads                                                     (74,99%)
   130.011426011        826 221 657      LLC-load-misses           #   28,07% of all LL-cache hits     (75,00%)
   130.011426011      1 190 092 108      LLC-stores                                                    (50,01%)
   130.011426011    <not supported>      LLC-prefetches                                              
   140.012293254      3 369 529 172      LLC-loads                                                     (74,99%)
   140.012293254        827 906 178      LLC-load-misses           #   27,84% of all LL-cache hits     (75,00%)
   140.012293254      1 184 843 263      LLC-stores                                                    (50,00%)
   140.012293254    <not supported>      LLC-prefetches                                              
   150.012932817      3 370 793 724      LLC-loads                                                     (75,00%)
   150.012932817        824 097 035      LLC-load-misses           #   27,47% of all LL-cache hits     (74,99%)
   150.012932817      1 191 107 131      LLC-stores                                                    (50,01%)
   150.012932817    <not supported>      LLC-prefetches                                              
   160.013776059      3 377 670 013      LLC-loads                                                     (75,00%)
   160.013776059        828 772 742      LLC-load-misses           #   27,41% of all LL-cache hits     (74,99%)
   160.013776059      1 183 967 397      LLC-stores                                                    (50,01%)
   160.013776059    <not supported>      LLC-prefetches                                              
   170.014632495      3 367 185 087      LLC-loads                                                     (75,00%)
   170.014632495        823 780 296      LLC-load-misses           #   27,06% of all LL-cache hits     (74,99%)
   170.014632495      1 187 550 581      LLC-stores                                                    (50,01%)
   170.014632495    <not supported>      LLC-prefetches                                              
   180.015474313      3 375 031 004      LLC-loads                                                     (75,00%)
   180.015474313        828 835 225      LLC-load-misses           #   27,07% of all LL-cache hits     (74,99%)
   180.015474313      1 191 814 651      LLC-stores                                                    (50,01%)
   180.015474313    <not supported>      LLC-prefetches                                              
   190.016323053      3 384 518 848      LLC-loads                                                     (75,00%)
   190.016323053        829 135 210      LLC-load-misses           #   26,93% of all LL-cache hits     (75,00%)
   190.016323053      1 193 420 354      LLC-stores                                                    (50,00%)
   190.016323053    <not supported>      LLC-prefetches                                              
   200.017219730      3 361 274 842      LLC-loads                                                     (75,00%)
   200.017219730        823 373 078      LLC-load-misses           #   26,62% of all LL-cache hits     (75,00%)
   200.017219730      1 188 596 225      LLC-stores                                                    (50,00%)
   200.017219730    <not supported>      LLC-prefetches                                              
   210.018103771      3 388 430 715      LLC-loads                                                     (75,00%)
   210.018103771        830 106 424      LLC-load-misses           #   26,71% of all LL-cache hits     (75,00%)
   210.018103771      1 191 906 984      LLC-stores                                                    (50,00%)
   210.018103771    <not supported>      LLC-prefetches                                              
   220.018866439      3 385 058 704      LLC-loads                                                     (75,00%)
   220.018866439        823 766 083      LLC-load-misses           #   26,40% of all LL-cache hits     (75,00%)
   220.018866439      1 197 431 841      LLC-stores                                                    (50,00%)
   220.018866439    <not supported>      LLC-prefetches                                              
   230.019676405      3 381 199 282      LLC-loads                                                     (75,00%)
   230.019676405        828 245 211      LLC-load-misses           #   26,45% of all LL-cache hits     (75,00%)
   230.019676405      1 190 104 623      LLC-stores                                                    (50,00%)
   230.019676405    <not supported>      LLC-prefetches                                              
   240.020480799      3 388 938 724      LLC-loads                                                     (75,00%)
   240.020480799        824 281 708      LLC-load-misses           #   26,23% of all LL-cache hits     (75,00%)
   240.020480799      1 196 023 247      LLC-stores                                                    (50,00%)
   240.020480799    <not supported>      LLC-prefetches                                              
   250.021280376      3 389 299 254      LLC-loads                                                     (75,00%)
   250.021280376        824 056 372      LLC-load-misses           #   26,14% of all LL-cache hits     (75,00%)
   250.021280376      1 199 689 985      LLC-stores                                                    (50,00%)
   250.021280376    <not supported>      LLC-prefetches                                              
#           time             counts unit events
   260.022034503      3 381 005 825      LLC-loads                                                     (75,00%)
   260.022034503        823 244 584      LLC-load-misses           #   26,04% of all LL-cache hits     (75,00%)
   260.022034503      1 192 988 305      LLC-stores                                                    (50,00%)
   260.022034503    <not supported>      LLC-prefetches                                              
   270.022758098      3 392 095 577      LLC-loads                                                     (75,00%)
   270.022758098        826 326 861      LLC-load-misses           #   26,07% of all LL-cache hits     (75,00%)
   270.022758098      1 195 947 466      LLC-stores                                                    (50,00%)
   270.022758098    <not supported>      LLC-prefetches                                              
   280.023558801      3 396 259 149      LLC-loads                                                     (75,00%)
   280.023558801        826 499 686      LLC-load-misses           #   26,01% of all LL-cache hits     (75,00%)
   280.023558801      1 195 409 206      LLC-stores                                                    (50,00%)
   280.023558801    <not supported>      LLC-prefetches                                              
   290.024326118      3 370 567 557      LLC-loads                                                     (75,00%)
   290.024326118        823 806 236      LLC-load-misses           #   25,87% of all LL-cache hits     (75,00%)
   290.024326118      1 185 960 011      LLC-stores                                                    (50,00%)
   290.024326118    <not supported>      LLC-prefetches                                              
   300.000808876      3 381 144 185      LLC-loads                                                     (74,98%)
   300.000808876        819 731 421      LLC-load-misses           #   25,69% of all LL-cache hits     (74,98%)
   300.000808876      1 194 139 430      LLC-stores                                                    (50,03%)
   300.000808876    <not supported>      LLC-prefetches                                              