6/5/2021 -- 09:43:25 - <Notice> - This is Suricata version 6.0.2 RELEASE running in SYSTEM mode
6/5/2021 -- 09:43:25 - <Info> - CPUs/cores online: 64
6/5/2021 -- 09:43:25 - <Config> - Adding interface ens2f0 from config file
6/5/2021 -- 09:43:25 - <Config> - luajit states preallocated: 128
6/5/2021 -- 09:43:25 - <Config> - 'default' server has 'request-body-minimal-inspect-size' set to 34211 and 'request-body-inspect-window' set to 4092 after randomization.
6/5/2021 -- 09:43:25 - <Config> - 'default' server has 'response-body-minimal-inspect-size' set to 39406 and 'response-body-inspect-window' set to 16140 after randomization.
6/5/2021 -- 09:43:25 - <Config> - SMB stream depth: 0
6/5/2021 -- 09:43:25 - <Config> - Protocol detection and parser disabled for modbus protocol.
6/5/2021 -- 09:43:25 - <Config> - Protocol detection and parser disabled for enip protocol.
6/5/2021 -- 09:43:25 - <Config> - Protocol detection and parser disabled for DNP3.
6/5/2021 -- 09:43:25 - <Info> - Found an MTU of 1500 for 'ens2f0'
6/5/2021 -- 09:43:25 - <Info> - Found an MTU of 1500 for 'ens2f0'
6/5/2021 -- 09:43:25 - <Config> - allocated 262144 bytes of memory for the host hash... 4096 buckets of size 64
6/5/2021 -- 09:43:25 - <Config> - preallocated 1000 hosts of size 136
6/5/2021 -- 09:43:25 - <Config> - host memory usage: 398144 bytes, maximum: 33554432
6/5/2021 -- 09:43:25 - <Config> - Core dump size set to unlimited.
6/5/2021 -- 09:43:25 - <Config> - allocated 3670016 bytes of memory for the defrag hash... 65536 buckets of size 56
6/5/2021 -- 09:43:25 - <Config> - preallocated 65535 defrag trackers of size 160
6/5/2021 -- 09:43:25 - <Config> - defrag memory usage: 14155616 bytes, maximum: 33554432
6/5/2021 -- 09:43:25 - <Config> - flow size 320, memcap allows for 419430 flows. Per hash row in perfect conditions 6
6/5/2021 -- 09:43:25 - <Config> - stream "prealloc-sessions": 2048 (per thread)
6/5/2021 -- 09:43:25 - <Config> - stream "memcap": 67108864
6/5/2021 -- 09:43:25 - <Config> - stream "midstream" session pickups: disabled
6/5/2021 -- 09:43:25 - <Config> - stream "async-oneside": disabled
6/5/2021 -- 09:43:25 - <Config> - stream "checksum-validation": enabled
6/5/2021 -- 09:43:25 - <Config> - stream."inline": disabled
6/5/2021 -- 09:43:25 - <Config> - stream "bypass": disabled
6/5/2021 -- 09:43:25 - <Config> - stream "max-synack-queued": 5
6/5/2021 -- 09:43:25 - <Config> - stream.reassembly "memcap": 268435456
6/5/2021 -- 09:43:25 - <Config> - stream.reassembly "depth": 1048576
6/5/2021 -- 09:43:25 - <Config> - stream.reassembly "toserver-chunk-size": 2654
6/5/2021 -- 09:43:25 - <Config> - stream.reassembly "toclient-chunk-size": 2650
6/5/2021 -- 09:43:25 - <Config> - stream.reassembly.raw: enabled
6/5/2021 -- 09:43:25 - <Config> - stream.reassembly "segment-prealloc": 2048
6/5/2021 -- 09:43:25 - <Info> - fast output device (regular) initialized: fast.log
6/5/2021 -- 09:43:25 - <Info> - eve-log output device (regular) initialized: eve.json
6/5/2021 -- 09:43:25 - <Config> - enabling 'eve-log' module 'alert'
6/5/2021 -- 09:43:25 - <Config> - enabling 'eve-log' module 'anomaly'
6/5/2021 -- 09:43:25 - <Config> - enabling 'eve-log' module 'http'
6/5/2021 -- 09:43:25 - <Config> - enabling 'eve-log' module 'dns'
6/5/2021 -- 09:43:25 - <Config> - eve-log dns version not set, defaulting to version 2
6/5/2021 -- 09:43:25 - <Config> - eve-log dns version not set, defaulting to version 2
6/5/2021 -- 09:43:25 - <Config> - enabling 'eve-log' module 'tls'
6/5/2021 -- 09:43:25 - <Config> - enabling 'eve-log' module 'files'
6/5/2021 -- 09:43:25 - <Config> - enabling 'eve-log' module 'smtp'
6/5/2021 -- 09:43:25 - <Config> - enabling 'eve-log' module 'ftp'
6/5/2021 -- 09:43:25 - <Config> - enabling 'eve-log' module 'rdp'
6/5/2021 -- 09:43:25 - <Config> - enabling 'eve-log' module 'nfs'
6/5/2021 -- 09:43:25 - <Config> - enabling 'eve-log' module 'smb'
6/5/2021 -- 09:43:25 - <Config> - enabling 'eve-log' module 'tftp'
6/5/2021 -- 09:43:25 - <Config> - enabling 'eve-log' module 'ikev2'
6/5/2021 -- 09:43:25 - <Config> - enabling 'eve-log' module 'dcerpc'
6/5/2021 -- 09:43:25 - <Config> - enabling 'eve-log' module 'krb5'
6/5/2021 -- 09:43:25 - <Config> - enabling 'eve-log' module 'snmp'
6/5/2021 -- 09:43:25 - <Config> - enabling 'eve-log' module 'rfb'
6/5/2021 -- 09:43:25 - <Config> - enabling 'eve-log' module 'sip'
6/5/2021 -- 09:43:25 - <Config> - enabling 'eve-log' module 'dhcp'
6/5/2021 -- 09:43:25 - <Config> - enabling 'eve-log' module 'ssh'
6/5/2021 -- 09:43:25 - <Config> - enabling 'eve-log' module 'mqtt'
6/5/2021 -- 09:43:25 - <Config> - enabling 'eve-log' module 'stats'
6/5/2021 -- 09:43:25 - <Config> - enabling 'eve-log' module 'flow'
6/5/2021 -- 09:43:25 - <Info> - stats output device (regular) initialized: stats.log
6/5/2021 -- 09:43:25 - <Config> - Delayed detect disabled
6/5/2021 -- 09:43:25 - <Info> - Running in live mode, activating unix socket
6/5/2021 -- 09:43:25 - <Config> - pattern matchers: MPM: hs, SPM: hs
6/5/2021 -- 09:43:25 - <Config> - grouping: tcp-whitelist (default) 53, 80, 139, 443, 445, 1433, 3306, 3389, 6666, 6667, 8080
6/5/2021 -- 09:43:25 - <Config> - grouping: udp-whitelist (default) 53, 135, 5060
6/5/2021 -- 09:43:25 - <Config> - prefilter engines: MPM
6/5/2021 -- 09:43:25 - <Perf> - using shared mpm ctx' for http_uri
6/5/2021 -- 09:43:25 - <Perf> - using shared mpm ctx' for http_raw_uri
6/5/2021 -- 09:43:25 - <Perf> - using shared mpm ctx' for http_request_line
6/5/2021 -- 09:43:25 - <Perf> - using shared mpm ctx' for http_client_body
6/5/2021 -- 09:43:25 - <Perf> - using shared mpm ctx' for http_response_line
6/5/2021 -- 09:43:25 - <Perf> - using shared mpm ctx' for http_header
6/5/2021 -- 09:43:25 - <Perf> - using shared mpm ctx' for http_header
6/5/2021 -- 09:43:25 - <Perf> - using shared mpm ctx' for http_header_names
6/5/2021 -- 09:43:25 - <Perf> - using shared mpm ctx' for http_header_names
6/5/2021 -- 09:43:25 - <Perf> - using shared mpm ctx' for http_accept
6/5/2021 -- 09:43:25 - <Perf> - using shared mpm ctx' for http_accept_enc
6/5/2021 -- 09:43:25 - <Perf> - using shared mpm ctx' for http_accept_lang
6/5/2021 -- 09:43:25 - <Perf> - using shared mpm ctx' for http_referer
6/5/2021 -- 09:43:25 - <Perf> - using shared mpm ctx' for http_connection
6/5/2021 -- 09:43:25 - <Perf> - using shared mpm ctx' for http_content_len
6/5/2021 -- 09:43:25 - <Perf> - using shared mpm ctx' for http_content_len
6/5/2021 -- 09:43:25 - <Perf> - using shared mpm ctx' for http_content_type
6/5/2021 -- 09:43:25 - <Perf> - using shared mpm ctx' for http_content_type
6/5/2021 -- 09:43:25 - <Perf> - using shared mpm ctx' for http.server
6/5/2021 -- 09:43:25 - <Perf> - using shared mpm ctx' for http.location
6/5/2021 -- 09:43:25 - <Perf> - using shared mpm ctx' for http_protocol
6/5/2021 -- 09:43:25 - <Perf> - using shared mpm ctx' for http_protocol
6/5/2021 -- 09:43:25 - <Perf> - using shared mpm ctx' for http_start
6/5/2021 -- 09:43:25 - <Perf> - using shared mpm ctx' for http_start
6/5/2021 -- 09:43:25 - <Perf> - using shared mpm ctx' for http_raw_header
6/5/2021 -- 09:43:25 - <Perf> - using shared mpm ctx' for http_raw_header
6/5/2021 -- 09:43:25 - <Perf> - using shared mpm ctx' for http_method
6/5/2021 -- 09:43:25 - <Perf> - using shared mpm ctx' for http_cookie
6/5/2021 -- 09:43:25 - <Perf> - using shared mpm ctx' for http_cookie
6/5/2021 -- 09:43:25 - <Perf> - using shared mpm ctx' for file.name
6/5/2021 -- 09:43:25 - <Perf> - using shared mpm ctx' for file.name
6/5/2021 -- 09:43:25 - <Perf> - using shared mpm ctx' for file.name
6/5/2021 -- 09:43:25 - <Perf> - using shared mpm ctx' for file.name
6/5/2021 -- 09:43:25 - <Perf> - using shared mpm ctx' for file.name
6/5/2021 -- 09:43:25 - <Perf> - using shared mpm ctx' for file.name
6/5/2021 -- 09:43:25 - <Perf> - using shared mpm ctx' for file.name
6/5/2021 -- 09:43:25 - <Perf> - using shared mpm ctx' for file.name
6/5/2021 -- 09:43:25 - <Perf> - using shared mpm ctx' for file.name
6/5/2021 -- 09:43:25 - <Perf> - using shared mpm ctx' for file.name
6/5/2021 -- 09:43:25 - <Perf> - using shared mpm ctx' for file.name
6/5/2021 -- 09:43:25 - <Perf> - using shared mpm ctx' for file.magic
6/5/2021 -- 09:43:25 - <Perf> - using shared mpm ctx' for file.magic
6/5/2021 -- 09:43:25 - <Perf> - using shared mpm ctx' for file.magic
6/5/2021 -- 09:43:25 - <Perf> - using shared mpm ctx' for file.magic
6/5/2021 -- 09:43:25 - <Perf> - using shared mpm ctx' for file.magic
6/5/2021 -- 09:43:25 - <Perf> - using shared mpm ctx' for file.magic
6/5/2021 -- 09:43:25 - <Perf> - using shared mpm ctx' for file.magic
6/5/2021 -- 09:43:25 - <Perf> - using shared mpm ctx' for file.magic
6/5/2021 -- 09:43:25 - <Perf> - using shared mpm ctx' for file.magic
6/5/2021 -- 09:43:25 - <Perf> - using shared mpm ctx' for file.magic
6/5/2021 -- 09:43:25 - <Perf> - using shared mpm ctx' for file.magic
6/5/2021 -- 09:43:25 - <Perf> - using shared mpm ctx' for http_user_agent
6/5/2021 -- 09:43:25 - <Perf> - using shared mpm ctx' for http_host
6/5/2021 -- 09:43:25 - <Perf> - using shared mpm ctx' for http_raw_host
6/5/2021 -- 09:43:25 - <Perf> - using shared mpm ctx' for http_stat_msg
6/5/2021 -- 09:43:25 - <Perf> - using shared mpm ctx' for http_stat_code
6/5/2021 -- 09:43:25 - <Perf> - using shared mpm ctx' for http2_header_name
6/5/2021 -- 09:43:25 - <Perf> - using shared mpm ctx' for http2_header_name
6/5/2021 -- 09:43:25 - <Perf> - using shared mpm ctx' for http2_header
6/5/2021 -- 09:43:25 - <Perf> - using shared mpm ctx' for http2_header
6/5/2021 -- 09:43:25 - <Perf> - using shared mpm ctx' for dns_query
6/5/2021 -- 09:43:25 - <Perf> - using shared mpm ctx' for dnp3_data
6/5/2021 -- 09:43:25 - <Perf> - using shared mpm ctx' for dnp3_data
6/5/2021 -- 09:43:25 - <Perf> - using shared mpm ctx' for tls.sni
6/5/2021 -- 09:43:25 - <Perf> - using shared mpm ctx' for tls.cert_issuer
6/5/2021 -- 09:43:25 - <Perf> - using shared mpm ctx' for tls.cert_subject
6/5/2021 -- 09:43:25 - <Perf> - using shared mpm ctx' for tls.cert_serial
6/5/2021 -- 09:43:25 - <Perf> - using shared mpm ctx' for tls.cert_fingerprint
6/5/2021 -- 09:43:25 - <Perf> - using shared mpm ctx' for tls.certs
6/5/2021 -- 09:43:25 - <Perf> - using shared mpm ctx' for ja3.hash
6/5/2021 -- 09:43:25 - <Perf> - using shared mpm ctx' for ja3.string
6/5/2021 -- 09:43:25 - <Perf> - using shared mpm ctx' for ja3s.hash
6/5/2021 -- 09:43:25 - <Perf> - using shared mpm ctx' for ja3s.string
6/5/2021 -- 09:43:25 - <Perf> - using shared mpm ctx' for dce_stub_data
6/5/2021 -- 09:43:25 - <Perf> - using shared mpm ctx' for dce_stub_data
6/5/2021 -- 09:43:25 - <Perf> - using shared mpm ctx' for dce_stub_data
6/5/2021 -- 09:43:25 - <Perf> - using shared mpm ctx' for dce_stub_data
6/5/2021 -- 09:43:25 - <Perf> - using shared mpm ctx' for smb_named_pipe
6/5/2021 -- 09:43:25 - <Perf> - using shared mpm ctx' for smb_share
6/5/2021 -- 09:43:25 - <Perf> - using shared mpm ctx' for ssh.proto
6/5/2021 -- 09:43:25 - <Perf> - using shared mpm ctx' for ssh.proto
6/5/2021 -- 09:43:25 - <Perf> - using shared mpm ctx' for ssh_software
6/5/2021 -- 09:43:25 - <Perf> - using shared mpm ctx' for ssh_software
6/5/2021 -- 09:43:25 - <Perf> - using shared mpm ctx' for ssh.hassh
6/5/2021 -- 09:43:25 - <Perf> - using shared mpm ctx' for ssh.hassh.server
6/5/2021 -- 09:43:25 - <Perf> - using shared mpm ctx' for ssh.hassh.string
6/5/2021 -- 09:43:25 - <Perf> - using shared mpm ctx' for ssh.hassh.server.string
6/5/2021 -- 09:43:25 - <Perf> - using shared mpm ctx' for file_data
6/5/2021 -- 09:43:25 - <Perf> - using shared mpm ctx' for file_data
6/5/2021 -- 09:43:25 - <Perf> - using shared mpm ctx' for file_data
6/5/2021 -- 09:43:25 - <Perf> - using shared mpm ctx' for file_data
6/5/2021 -- 09:43:25 - <Perf> - using shared mpm ctx' for file_data
6/5/2021 -- 09:43:25 - <Perf> - using shared mpm ctx' for file_data
6/5/2021 -- 09:43:25 - <Perf> - using shared mpm ctx' for krb5_cname
6/5/2021 -- 09:43:25 - <Perf> - using shared mpm ctx' for krb5_sname
6/5/2021 -- 09:43:25 - <Perf> - using shared mpm ctx' for sip.method
6/5/2021 -- 09:43:25 - <Perf> - using shared mpm ctx' for sip.uri
6/5/2021 -- 09:43:25 - <Perf> - using shared mpm ctx' for sip.protocol
6/5/2021 -- 09:43:25 - <Perf> - using shared mpm ctx' for sip.protocol
6/5/2021 -- 09:43:25 - <Perf> - using shared mpm ctx' for sip.method
6/5/2021 -- 09:43:25 - <Perf> - using shared mpm ctx' for sip.stat_msg
6/5/2021 -- 09:43:25 - <Perf> - using shared mpm ctx' for sip.request_line
6/5/2021 -- 09:43:25 - <Perf> - using shared mpm ctx' for sip.response_line
6/5/2021 -- 09:43:25 - <Perf> - using shared mpm ctx' for rfb.name
6/5/2021 -- 09:43:25 - <Perf> - using shared mpm ctx' for snmp.community
6/5/2021 -- 09:43:25 - <Perf> - using shared mpm ctx' for snmp.community
6/5/2021 -- 09:43:25 - <Perf> - using shared mpm ctx' for mqtt.connect.clientid
6/5/2021 -- 09:43:25 - <Perf> - using shared mpm ctx' for mqtt.connect.username
6/5/2021 -- 09:43:25 - <Perf> - using shared mpm ctx' for mqtt.connect.password
6/5/2021 -- 09:43:25 - <Perf> - using shared mpm ctx' for mqtt.connect.willtopic
6/5/2021 -- 09:43:25 - <Perf> - using shared mpm ctx' for mqtt.connect.willmessage
6/5/2021 -- 09:43:25 - <Perf> - using shared mpm ctx' for mqtt.publish.topic
6/5/2021 -- 09:43:25 - <Perf> - using shared mpm ctx' for mqtt.publish.message
6/5/2021 -- 09:43:25 - <Perf> - using shared mpm ctx' for mqtt.subscribe.topic
6/5/2021 -- 09:43:25 - <Perf> - using shared mpm ctx' for mqtt.unsubscribe.topic
6/5/2021 -- 09:43:25 - <Perf> - using shared mpm ctx' for icmpv4.hdr
6/5/2021 -- 09:43:25 - <Perf> - using shared mpm ctx' for tcp.hdr
6/5/2021 -- 09:43:25 - <Perf> - using shared mpm ctx' for udp.hdr
6/5/2021 -- 09:43:25 - <Perf> - using shared mpm ctx' for icmpv6.hdr
6/5/2021 -- 09:43:25 - <Perf> - using shared mpm ctx' for ipv4.hdr
6/5/2021 -- 09:43:25 - <Perf> - using shared mpm ctx' for ipv6.hdr
6/5/2021 -- 09:43:25 - <Config> - IP reputation disabled
6/5/2021 -- 09:43:25 - <Config> - Loading rule file: /var/lib/suricata/rules/suricata.rules
6/5/2021 -- 09:43:31 - <Info> - 1 rule files processed. 22556 rules successfully loaded, 0 rules failed
6/5/2021 -- 09:43:31 - <Info> - Threshold config parsed: 0 rule(s) found
6/5/2021 -- 09:43:31 - <Perf> - using shared mpm ctx' for tcp-packet
6/5/2021 -- 09:43:31 - <Perf> - using shared mpm ctx' for tcp-stream
6/5/2021 -- 09:43:31 - <Perf> - using shared mpm ctx' for udp-packet
6/5/2021 -- 09:43:31 - <Perf> - using shared mpm ctx' for other-ip
6/5/2021 -- 09:43:31 - <Info> - 22559 signatures processed. 1280 are IP-only rules, 3868 are inspecting packet payload, 17193 inspect application layer, 105 are decoder event only
6/5/2021 -- 09:43:31 - <Config> - building signature grouping structure, stage 1: preprocessing rules... complete
6/5/2021 -- 09:43:31 - <Perf> - TCP toserver: 41 port groups, 35 unique SGH's, 6 copies
6/5/2021 -- 09:43:31 - <Perf> - TCP toclient: 21 port groups, 21 unique SGH's, 0 copies
6/5/2021 -- 09:43:31 - <Perf> - UDP toserver: 41 port groups, 37 unique SGH's, 4 copies
6/5/2021 -- 09:43:31 - <Perf> - UDP toclient: 21 port groups, 17 unique SGH's, 4 copies
6/5/2021 -- 09:43:31 - <Perf> - OTHER toserver: 254 proto groups, 3 unique SGH's, 251 copies
6/5/2021 -- 09:43:31 - <Perf> - OTHER toclient: 254 proto groups, 0 unique SGH's, 254 copies
6/5/2021 -- 09:43:37 - <Perf> - Unique rule groups: 113
6/5/2021 -- 09:43:37 - <Perf> - Builtin MPM "toserver TCP packet": 26
6/5/2021 -- 09:43:37 - <Perf> - Builtin MPM "toclient TCP packet": 20
6/5/2021 -- 09:43:37 - <Perf> - Builtin MPM "toserver TCP stream": 23
6/5/2021 -- 09:43:37 - <Perf> - Builtin MPM "toclient TCP stream": 21
6/5/2021 -- 09:43:37 - <Perf> - Builtin MPM "toserver UDP packet": 37
6/5/2021 -- 09:43:37 - <Perf> - Builtin MPM "toclient UDP packet": 16
6/5/2021 -- 09:43:37 - <Perf> - Builtin MPM "other IP packet": 2
6/5/2021 -- 09:43:37 - <Perf> - AppLayer MPM "toserver http_uri (http)": 13
6/5/2021 -- 09:43:37 - <Perf> - AppLayer MPM "toserver http_raw_uri (http)": 1
6/5/2021 -- 09:43:37 - <Perf> - AppLayer MPM "toserver http_request_line (http)": 2
6/5/2021 -- 09:43:37 - <Perf> - AppLayer MPM "toserver http_client_body (http)": 5
6/5/2021 -- 09:43:37 - <Perf> - AppLayer MPM "toclient http_response_line (http)": 1
6/5/2021 -- 09:43:37 - <Perf> - AppLayer MPM "toserver http_header (http)": 6
6/5/2021 -- 09:43:37 - <Perf> - AppLayer MPM "toclient http_header (http)": 6
6/5/2021 -- 09:43:37 - <Perf> - AppLayer MPM "toserver http_header_names (http)": 3
6/5/2021 -- 09:43:37 - <Perf> - AppLayer MPM "toclient http_header_names (http)": 3
6/5/2021 -- 09:43:37 - <Perf> - AppLayer MPM "toserver http_accept (http)": 2
6/5/2021 -- 09:43:37 - <Perf> - AppLayer MPM "toserver http_accept_enc (http)": 1
6/5/2021 -- 09:43:37 - <Perf> - AppLayer MPM "toserver http_accept_lang (http)": 1
6/5/2021 -- 09:43:37 - <Perf> - AppLayer MPM "toserver http_referer (http)": 1
6/5/2021 -- 09:43:37 - <Perf> - AppLayer MPM "toserver http_connection (http)": 1
6/5/2021 -- 09:43:37 - <Perf> - AppLayer MPM "toserver http_content_len (http)": 1
6/5/2021 -- 09:43:37 - <Perf> - AppLayer MPM "toclient http_content_len (http)": 1
6/5/2021 -- 09:43:37 - <Perf> - AppLayer MPM "toserver http_content_type (http)": 2
6/5/2021 -- 09:43:37 - <Perf> - AppLayer MPM "toclient http_content_type (http)": 2
6/5/2021 -- 09:43:37 - <Perf> - AppLayer MPM "toclient http.server (http)": 2
6/5/2021 -- 09:43:37 - <Perf> - AppLayer MPM "toclient http.location (http)": 1
6/5/2021 -- 09:43:37 - <Perf> - AppLayer MPM "toserver http_protocol (http)": 1
6/5/2021 -- 09:43:37 - <Perf> - AppLayer MPM "toclient http_protocol (http)": 1
6/5/2021 -- 09:43:37 - <Perf> - AppLayer MPM "toserver http_start (http)": 4
6/5/2021 -- 09:43:37 - <Perf> - AppLayer MPM "toclient http_start (http)": 4
6/5/2021 -- 09:43:37 - <Perf> - AppLayer MPM "toserver http_raw_header (http)": 2
6/5/2021 -- 09:43:37 - <Perf> - AppLayer MPM "toclient http_raw_header (http)": 2
6/5/2021 -- 09:43:37 - <Perf> - AppLayer MPM "toserver http_method (http)": 2
6/5/2021 -- 09:43:37 - <Perf> - AppLayer MPM "toserver http_cookie (http)": 2
6/5/2021 -- 09:43:37 - <Perf> - AppLayer MPM "toclient http_cookie (http)": 2
6/5/2021 -- 09:43:37 - <Perf> - AppLayer MPM "toserver http_user_agent (http)": 5
6/5/2021 -- 09:43:37 - <Perf> - AppLayer MPM "toserver http_host (http)": 1
6/5/2021 -- 09:43:37 - <Perf> - AppLayer MPM "toserver http_host (http)": 1
6/5/2021 -- 09:43:37 - <Perf> - AppLayer MPM "toclient http_stat_code (http)": 1
6/5/2021 -- 09:43:37 - <Perf> - AppLayer MPM "toserver dns_query (dns)": 2
6/5/2021 -- 09:43:37 - <Perf> - AppLayer MPM "toserver dns_query (dns)": 1
6/5/2021 -- 09:43:37 - <Perf> - AppLayer MPM "toserver tls.sni (tls)": 2
6/5/2021 -- 09:43:37 - <Perf> - AppLayer MPM "toserver tls.sni (tls)": 1
6/5/2021 -- 09:43:37 - <Perf> - AppLayer MPM "toclient tls.cert_issuer (tls)": 2
6/5/2021 -- 09:43:37 - <Perf> - AppLayer MPM "toclient tls.cert_subject (tls)": 2
6/5/2021 -- 09:43:37 - <Perf> - AppLayer MPM "toclient tls.cert_serial (tls)": 1
6/5/2021 -- 09:43:37 - <Perf> - AppLayer MPM "toserver ja3.hash (tls)": 1
6/5/2021 -- 09:43:37 - <Perf> - AppLayer MPM "toclient ja3s.hash (tls)": 1
6/5/2021 -- 09:43:37 - <Perf> - AppLayer MPM "toserver ssh.proto (ssh)": 1
6/5/2021 -- 09:43:37 - <Perf> - AppLayer MPM "toclient ssh.proto (ssh)": 1
6/5/2021 -- 09:43:37 - <Perf> - AppLayer MPM "toserver file_data (smtp)": 6
6/5/2021 -- 09:43:37 - <Perf> - AppLayer MPM "toclient file_data (http)": 6
6/5/2021 -- 09:43:37 - <Perf> - AppLayer MPM "toserver file_data (smb)": 6
6/5/2021 -- 09:43:37 - <Perf> - AppLayer MPM "toclient file_data (smb)": 6
6/5/2021 -- 09:43:37 - <Perf> - AppLayer MPM "toserver file_data (http2)": 6
6/5/2021 -- 09:43:37 - <Perf> - AppLayer MPM "toclient file_data (http2)": 6
6/5/2021 -- 09:43:45 - <Config> - AutoFP mode using "Hash" flow load balancer
6/5/2021 -- 09:43:45 - <Info> - Using 1 live device(s).
6/5/2021 -- 09:43:45 - <Config> - Disabling mmaped capture on iface ens2f0
6/5/2021 -- 09:43:45 - <Config> - Using flow cluster mode for AF_PACKET (iface ens2f0)
6/5/2021 -- 09:43:45 - <Config> - Using defrag kernel functionality for AF_PACKET (iface ens2f0)
6/5/2021 -- 09:43:45 - <Perf> - 64 cores, so using 64 threads
6/5/2021 -- 09:43:45 - <Perf> - Using 64 AF_PACKET threads for interface ens2f0
6/5/2021 -- 09:43:45 - <Perf> - ens2f0: disabling gro offloading
6/5/2021 -- 09:43:45 - <Perf> - ens2f0: disabling tso offloading
6/5/2021 -- 09:43:45 - <Perf> - ens2f0: disabling gso offloading
6/5/2021 -- 09:43:45 - <Perf> - ens2f0: disabling sg offloading
6/5/2021 -- 09:43:45 - <Config> - using 1 flow manager threads
6/5/2021 -- 09:43:45 - <Config> - using 1 flow recycler threads
6/5/2021 -- 09:43:45 - <Info> - Running in live mode, activating unix socket
6/5/2021 -- 09:43:45 - <Info> - Using unix socket file '/var/run/suricata/suricata-command.socket'
6/5/2021 -- 09:43:45 - <Notice> - all 128 packet processing threads, 4 management threads initialized, engine started.
6/5/2021 -- 09:43:47 - <Info> - All AFP capture threads are running.
6/5/2021 -- 09:44:08 - <Notice> - Flow emergency mode entered...
6/5/2021 -- 09:44:18 - <Notice> - Flow emergency mode over, back to normal... unsetting FLOW_EMERGENCY bit (ts.tv_sec: 1620287058, ts.tv_usec:315049) flow_spare_q status(): 79% flows at the queue
6/5/2021 -- 09:44:18 - <Notice> - Flow emergency mode entered...
6/5/2021 -- 09:48:36 - <Notice> - Signal Received.  Stopping engine.
6/5/2021 -- 09:48:36 - <Perf> - 0 new flows, 0 established flows were timed out, 0 flows in closed state
6/5/2021 -- 09:48:37 - <Info> - time elapsed 291.877s
6/5/2021 -- 09:48:40 - <Perf> - 1503920 flows processed
6/5/2021 -- 09:48:40 - <Perf> - (RX#01-ens2f0) Kernel: Packets 9021565, dropped 209734
6/5/2021 -- 09:48:41 - <Perf> - AutoFP - Total flow handler queues - 64
6/5/2021 -- 09:48:41 - <Perf> - (RX#02-ens2f0) Kernel: Packets 8889867, dropped 196181
6/5/2021 -- 09:48:41 - <Perf> - AutoFP - Total flow handler queues - 64
6/5/2021 -- 09:48:41 - <Perf> - (RX#03-ens2f0) Kernel: Packets 8762439, dropped 206426
6/5/2021 -- 09:48:41 - <Perf> - AutoFP - Total flow handler queues - 64
6/5/2021 -- 09:48:41 - <Perf> - (RX#04-ens2f0) Kernel: Packets 9021076, dropped 210866
6/5/2021 -- 09:48:41 - <Perf> - AutoFP - Total flow handler queues - 64
6/5/2021 -- 09:48:41 - <Perf> - (RX#05-ens2f0) Kernel: Packets 8945664, dropped 218399
6/5/2021 -- 09:48:41 - <Perf> - AutoFP - Total flow handler queues - 64
6/5/2021 -- 09:48:41 - <Perf> - (RX#06-ens2f0) Kernel: Packets 8892214, dropped 210831
6/5/2021 -- 09:48:41 - <Perf> - AutoFP - Total flow handler queues - 64
6/5/2021 -- 09:48:41 - <Perf> - (RX#07-ens2f0) Kernel: Packets 8806070, dropped 199753
6/5/2021 -- 09:48:41 - <Perf> - AutoFP - Total flow handler queues - 64
6/5/2021 -- 09:48:41 - <Perf> - (RX#08-ens2f0) Kernel: Packets 9005300, dropped 218102
6/5/2021 -- 09:48:41 - <Perf> - AutoFP - Total flow handler queues - 64
6/5/2021 -- 09:48:41 - <Perf> - (RX#09-ens2f0) Kernel: Packets 8713534, dropped 218704
6/5/2021 -- 09:48:41 - <Perf> - AutoFP - Total flow handler queues - 64
6/5/2021 -- 09:48:41 - <Perf> - (RX#10-ens2f0) Kernel: Packets 8749780, dropped 219522
6/5/2021 -- 09:48:41 - <Perf> - AutoFP - Total flow handler queues - 64
6/5/2021 -- 09:48:41 - <Perf> - (RX#11-ens2f0) Kernel: Packets 8990863, dropped 219159
6/5/2021 -- 09:48:41 - <Perf> - AutoFP - Total flow handler queues - 64
6/5/2021 -- 09:48:41 - <Perf> - (RX#12-ens2f0) Kernel: Packets 8872456, dropped 213479
6/5/2021 -- 09:48:41 - <Perf> - AutoFP - Total flow handler queues - 64
6/5/2021 -- 09:48:41 - <Perf> - (RX#13-ens2f0) Kernel: Packets 8842790, dropped 211264
6/5/2021 -- 09:48:41 - <Perf> - AutoFP - Total flow handler queues - 64
6/5/2021 -- 09:48:41 - <Perf> - (RX#14-ens2f0) Kernel: Packets 8829791, dropped 222454
6/5/2021 -- 09:48:41 - <Perf> - AutoFP - Total flow handler queues - 64
6/5/2021 -- 09:48:41 - <Perf> - (RX#15-ens2f0) Kernel: Packets 8899362, dropped 218818
6/5/2021 -- 09:48:41 - <Perf> - AutoFP - Total flow handler queues - 64
6/5/2021 -- 09:48:41 - <Perf> - (RX#16-ens2f0) Kernel: Packets 9077086, dropped 222365
6/5/2021 -- 09:48:41 - <Perf> - AutoFP - Total flow handler queues - 64
6/5/2021 -- 09:48:41 - <Perf> - (RX#17-ens2f0) Kernel: Packets 9003245, dropped 238183
6/5/2021 -- 09:48:41 - <Perf> - AutoFP - Total flow handler queues - 64
6/5/2021 -- 09:48:41 - <Perf> - (RX#18-ens2f0) Kernel: Packets 9007114, dropped 213439
6/5/2021 -- 09:48:41 - <Perf> - AutoFP - Total flow handler queues - 64
6/5/2021 -- 09:48:41 - <Perf> - (RX#19-ens2f0) Kernel: Packets 8834226, dropped 226000
6/5/2021 -- 09:48:41 - <Perf> - AutoFP - Total flow handler queues - 64
6/5/2021 -- 09:48:41 - <Perf> - (RX#20-ens2f0) Kernel: Packets 8902012, dropped 228078
6/5/2021 -- 09:48:41 - <Perf> - AutoFP - Total flow handler queues - 64
6/5/2021 -- 09:48:41 - <Perf> - (RX#21-ens2f0) Kernel: Packets 9020908, dropped 229277
6/5/2021 -- 09:48:41 - <Perf> - AutoFP - Total flow handler queues - 64
6/5/2021 -- 09:48:41 - <Perf> - (RX#22-ens2f0) Kernel: Packets 9133462, dropped 230721
6/5/2021 -- 09:48:41 - <Perf> - AutoFP - Total flow handler queues - 64
6/5/2021 -- 09:48:41 - <Perf> - (RX#23-ens2f0) Kernel: Packets 8943995, dropped 241007
6/5/2021 -- 09:48:41 - <Perf> - AutoFP - Total flow handler queues - 64
6/5/2021 -- 09:48:41 - <Perf> - (RX#24-ens2f0) Kernel: Packets 8897618, dropped 233604
6/5/2021 -- 09:48:41 - <Perf> - AutoFP - Total flow handler queues - 64
6/5/2021 -- 09:48:41 - <Perf> - (RX#25-ens2f0) Kernel: Packets 9088901, dropped 243794
6/5/2021 -- 09:48:41 - <Perf> - AutoFP - Total flow handler queues - 64
6/5/2021 -- 09:48:41 - <Perf> - (RX#26-ens2f0) Kernel: Packets 9028936, dropped 255085
6/5/2021 -- 09:48:41 - <Perf> - AutoFP - Total flow handler queues - 64
6/5/2021 -- 09:48:41 - <Perf> - (RX#27-ens2f0) Kernel: Packets 9018264, dropped 243099
6/5/2021 -- 09:48:41 - <Perf> - AutoFP - Total flow handler queues - 64
6/5/2021 -- 09:48:41 - <Perf> - (RX#28-ens2f0) Kernel: Packets 9014284, dropped 244067
6/5/2021 -- 09:48:41 - <Perf> - AutoFP - Total flow handler queues - 64
6/5/2021 -- 09:48:41 - <Perf> - (RX#29-ens2f0) Kernel: Packets 8922644, dropped 246483
6/5/2021 -- 09:48:41 - <Perf> - AutoFP - Total flow handler queues - 64
6/5/2021 -- 09:48:41 - <Perf> - (RX#30-ens2f0) Kernel: Packets 8836067, dropped 239553
6/5/2021 -- 09:48:42 - <Perf> - AutoFP - Total flow handler queues - 64
6/5/2021 -- 09:48:42 - <Perf> - (RX#31-ens2f0) Kernel: Packets 8834929, dropped 242417
6/5/2021 -- 09:48:42 - <Perf> - AutoFP - Total flow handler queues - 64
6/5/2021 -- 09:48:42 - <Perf> - (RX#32-ens2f0) Kernel: Packets 9062454, dropped 255382
6/5/2021 -- 09:48:42 - <Perf> - AutoFP - Total flow handler queues - 64
6/5/2021 -- 09:48:42 - <Perf> - (RX#33-ens2f0) Kernel: Packets 9378699, dropped 280705
6/5/2021 -- 09:48:42 - <Perf> - AutoFP - Total flow handler queues - 64
6/5/2021 -- 09:48:42 - <Perf> - (RX#34-ens2f0) Kernel: Packets 8819693, dropped 236895
6/5/2021 -- 09:48:42 - <Perf> - AutoFP - Total flow handler queues - 64
6/5/2021 -- 09:48:42 - <Perf> - (RX#35-ens2f0) Kernel: Packets 8901371, dropped 246050
6/5/2021 -- 09:48:42 - <Perf> - AutoFP - Total flow handler queues - 64
6/5/2021 -- 09:48:42 - <Perf> - (RX#36-ens2f0) Kernel: Packets 8898884, dropped 250750
6/5/2021 -- 09:48:42 - <Perf> - AutoFP - Total flow handler queues - 64
6/5/2021 -- 09:48:42 - <Perf> - (RX#37-ens2f0) Kernel: Packets 9039654, dropped 275860
6/5/2021 -- 09:48:42 - <Perf> - AutoFP - Total flow handler queues - 64
6/5/2021 -- 09:48:42 - <Perf> - (RX#38-ens2f0) Kernel: Packets 8997677, dropped 261381
6/5/2021 -- 09:48:42 - <Perf> - AutoFP - Total flow handler queues - 64
6/5/2021 -- 09:48:42 - <Perf> - (RX#39-ens2f0) Kernel: Packets 8979576, dropped 270603
6/5/2021 -- 09:48:42 - <Perf> - AutoFP - Total flow handler queues - 64
6/5/2021 -- 09:48:42 - <Perf> - (RX#40-ens2f0) Kernel: Packets 9108471, dropped 283211
6/5/2021 -- 09:48:42 - <Perf> - AutoFP - Total flow handler queues - 64
6/5/2021 -- 09:48:42 - <Perf> - (RX#41-ens2f0) Kernel: Packets 8965946, dropped 278287
6/5/2021 -- 09:48:42 - <Perf> - AutoFP - Total flow handler queues - 64
6/5/2021 -- 09:48:42 - <Perf> - (RX#42-ens2f0) Kernel: Packets 8968949, dropped 263434
6/5/2021 -- 09:48:42 - <Perf> - AutoFP - Total flow handler queues - 64
6/5/2021 -- 09:48:42 - <Perf> - (RX#43-ens2f0) Kernel: Packets 8836917, dropped 273946
6/5/2021 -- 09:48:42 - <Perf> - AutoFP - Total flow handler queues - 64
6/5/2021 -- 09:48:42 - <Perf> - (RX#44-ens2f0) Kernel: Packets 9066126, dropped 279725
6/5/2021 -- 09:48:42 - <Perf> - AutoFP - Total flow handler queues - 64
6/5/2021 -- 09:48:42 - <Perf> - (RX#45-ens2f0) Kernel: Packets 8900036, dropped 278701
6/5/2021 -- 09:48:42 - <Perf> - AutoFP - Total flow handler queues - 64
6/5/2021 -- 09:48:42 - <Perf> - (RX#46-ens2f0) Kernel: Packets 8957823, dropped 283033
6/5/2021 -- 09:48:42 - <Perf> - AutoFP - Total flow handler queues - 64
6/5/2021 -- 09:48:42 - <Perf> - (RX#47-ens2f0) Kernel: Packets 8908130, dropped 274114
6/5/2021 -- 09:48:42 - <Perf> - AutoFP - Total flow handler queues - 64
6/5/2021 -- 09:48:42 - <Perf> - (RX#48-ens2f0) Kernel: Packets 9026174, dropped 299486
6/5/2021 -- 09:48:42 - <Perf> - AutoFP - Total flow handler queues - 64
6/5/2021 -- 09:48:42 - <Perf> - (RX#49-ens2f0) Kernel: Packets 8914134, dropped 302845
6/5/2021 -- 09:48:42 - <Perf> - AutoFP - Total flow handler queues - 64
6/5/2021 -- 09:48:42 - <Perf> - (RX#50-ens2f0) Kernel: Packets 9058403, dropped 302141
6/5/2021 -- 09:48:42 - <Perf> - AutoFP - Total flow handler queues - 64
6/5/2021 -- 09:48:42 - <Perf> - (RX#51-ens2f0) Kernel: Packets 8917939, dropped 305331
6/5/2021 -- 09:48:42 - <Perf> - AutoFP - Total flow handler queues - 64
6/5/2021 -- 09:48:42 - <Perf> - (RX#52-ens2f0) Kernel: Packets 9186094, dropped 313123
6/5/2021 -- 09:48:42 - <Perf> - AutoFP - Total flow handler queues - 64
6/5/2021 -- 09:48:42 - <Perf> - (RX#53-ens2f0) Kernel: Packets 8962732, dropped 319541
6/5/2021 -- 09:48:42 - <Perf> - AutoFP - Total flow handler queues - 64
6/5/2021 -- 09:48:42 - <Perf> - (RX#54-ens2f0) Kernel: Packets 9086170, dropped 313992
6/5/2021 -- 09:48:42 - <Perf> - AutoFP - Total flow handler queues - 64
6/5/2021 -- 09:48:42 - <Perf> - (RX#55-ens2f0) Kernel: Packets 9089232, dropped 336422
6/5/2021 -- 09:48:42 - <Perf> - AutoFP - Total flow handler queues - 64
6/5/2021 -- 09:48:42 - <Perf> - (RX#56-ens2f0) Kernel: Packets 8796293, dropped 333483
6/5/2021 -- 09:48:42 - <Perf> - AutoFP - Total flow handler queues - 64
6/5/2021 -- 09:48:42 - <Perf> - (RX#57-ens2f0) Kernel: Packets 9021707, dropped 336180
6/5/2021 -- 09:48:42 - <Perf> - AutoFP - Total flow handler queues - 64
6/5/2021 -- 09:48:42 - <Perf> - (RX#58-ens2f0) Kernel: Packets 8952091, dropped 355948
6/5/2021 -- 09:48:42 - <Perf> - AutoFP - Total flow handler queues - 64
6/5/2021 -- 09:48:42 - <Perf> - (RX#59-ens2f0) Kernel: Packets 9047554, dropped 348503
6/5/2021 -- 09:48:42 - <Perf> - AutoFP - Total flow handler queues - 64
6/5/2021 -- 09:48:42 - <Perf> - (RX#60-ens2f0) Kernel: Packets 9170111, dropped 385768
6/5/2021 -- 09:48:43 - <Perf> - AutoFP - Total flow handler queues - 64
6/5/2021 -- 09:48:43 - <Perf> - (RX#61-ens2f0) Kernel: Packets 8936524, dropped 386874
6/5/2021 -- 09:48:43 - <Perf> - AutoFP - Total flow handler queues - 64
6/5/2021 -- 09:48:43 - <Perf> - (RX#62-ens2f0) Kernel: Packets 8762780, dropped 401986
6/5/2021 -- 09:48:43 - <Perf> - AutoFP - Total flow handler queues - 64
6/5/2021 -- 09:48:43 - <Perf> - (RX#63-ens2f0) Kernel: Packets 8963701, dropped 432940
6/5/2021 -- 09:48:43 - <Perf> - AutoFP - Total flow handler queues - 64
6/5/2021 -- 09:48:43 - <Perf> - (RX#64-ens2f0) Kernel: Packets 9112946, dropped 531042
6/5/2021 -- 09:48:43 - <Perf> - AutoFP - Total flow handler queues - 64
6/5/2021 -- 09:48:43 - <Info> - Alerts: 264160
6/5/2021 -- 09:48:43 - <Perf> - ippair memory usage: 414144 bytes, maximum: 16777216
6/5/2021 -- 09:48:43 - <Perf> - host memory usage: 398144 bytes, maximum: 33554432
6/5/2021 -- 09:48:44 - <Info> - cleaning up signature grouping structure... complete
6/5/2021 -- 09:48:44 - <Notice> - Stats for 'ens2f0':  pkts: 573601453, drop: 17268546 (3.01%), invalid chksum: 0
6/5/2021 -- 09:48:44 - <Perf> - ens2f0: restoring gro offloading
6/5/2021 -- 09:48:44 - <Perf> - ens2f0: restoring tso offloading
6/5/2021 -- 09:48:44 - <Perf> - ens2f0: restoring gso offloading
6/5/2021 -- 09:48:44 - <Perf> - ens2f0: restoring sg offloading
6/5/2021 -- 09:48:44 - <Perf> - Cleaning up Hyperscan global scratch
6/5/2021 -- 09:48:44 - <Perf> - Clearing Hyperscan database cache
