to. 06. mai 10:43:25 +0200 2021
     rx_packets: 36272882
     rx_errors: 0
     tx_errors: 0
     rx_dropped: 29624
     rx_length_errors: 0
     rx_crc_errors: 0
     veb.tx_errors: 0
     veb.tc_0_rx_packets: 0
     veb.tc_1_rx_packets: 0
     veb.tc_2_rx_packets: 0
     veb.tc_3_rx_packets: 0
     veb.tc_4_rx_packets: 0
     veb.tc_5_rx_packets: 0
     veb.tc_6_rx_packets: 0
     veb.tc_7_rx_packets: 0
     port.tx_errors: 0
     port.rx_dropped: 0
     port.rx_crc_errors: 0
     port.rx_length_errors: 0

to. 06. mai 10:43:35 +0200 2021
     rx_packets: 38296827
     rx_errors: 0
     tx_errors: 0
     rx_dropped: 29624
     rx_length_errors: 0
     rx_crc_errors: 0
     veb.tx_errors: 0
     veb.tc_0_rx_packets: 0
     veb.tc_1_rx_packets: 0
     veb.tc_2_rx_packets: 0
     veb.tc_3_rx_packets: 0
     veb.tc_4_rx_packets: 0
     veb.tc_5_rx_packets: 0
     veb.tc_6_rx_packets: 0
     veb.tc_7_rx_packets: 0
     port.tx_errors: 0
     port.rx_dropped: 0
     port.rx_crc_errors: 0
     port.rx_length_errors: 0

to. 06. mai 10:43:45 +0200 2021
     rx_packets: 57656329
     rx_errors: 0
     tx_errors: 0
     rx_dropped: 34640
     rx_length_errors: 0
     rx_crc_errors: 0
     veb.tx_errors: 0
     veb.tc_0_rx_packets: 0
     veb.tc_1_rx_packets: 0
     veb.tc_2_rx_packets: 0
     veb.tc_3_rx_packets: 0
     veb.tc_4_rx_packets: 0
     veb.tc_5_rx_packets: 0
     veb.tc_6_rx_packets: 0
     veb.tc_7_rx_packets: 0
     port.tx_errors: 0
     port.rx_dropped: 0
     port.rx_crc_errors: 0
     port.rx_length_errors: 0

to. 06. mai 10:43:55 +0200 2021
     rx_packets: 77024786
     rx_errors: 0
     tx_errors: 0
     rx_dropped: 34640
     rx_length_errors: 0
     rx_crc_errors: 0
     veb.tx_errors: 0
     veb.tc_0_rx_packets: 0
     veb.tc_1_rx_packets: 0
     veb.tc_2_rx_packets: 0
     veb.tc_3_rx_packets: 0
     veb.tc_4_rx_packets: 0
     veb.tc_5_rx_packets: 0
     veb.tc_6_rx_packets: 0
     veb.tc_7_rx_packets: 0
     port.tx_errors: 0
     port.rx_dropped: 0
     port.rx_crc_errors: 0
     port.rx_length_errors: 0

to. 06. mai 10:44:05 +0200 2021
     rx_packets: 96392149
     rx_errors: 0
     tx_errors: 0
     rx_dropped: 34640
     rx_length_errors: 0
     rx_crc_errors: 0
     veb.tx_errors: 0
     veb.tc_0_rx_packets: 0
     veb.tc_1_rx_packets: 0
     veb.tc_2_rx_packets: 0
     veb.tc_3_rx_packets: 0
     veb.tc_4_rx_packets: 0
     veb.tc_5_rx_packets: 0
     veb.tc_6_rx_packets: 0
     veb.tc_7_rx_packets: 0
     port.tx_errors: 0
     port.rx_dropped: 0
     port.rx_crc_errors: 0
     port.rx_length_errors: 0

to. 06. mai 10:44:15 +0200 2021
     rx_packets: 115761172
     rx_errors: 0
     tx_errors: 0
     rx_dropped: 34640
     rx_length_errors: 0
     rx_crc_errors: 0
     veb.tx_errors: 0
     veb.tc_0_rx_packets: 0
     veb.tc_1_rx_packets: 0
     veb.tc_2_rx_packets: 0
     veb.tc_3_rx_packets: 0
     veb.tc_4_rx_packets: 0
     veb.tc_5_rx_packets: 0
     veb.tc_6_rx_packets: 0
     veb.tc_7_rx_packets: 0
     port.tx_errors: 0
     port.rx_dropped: 0
     port.rx_crc_errors: 0
     port.rx_length_errors: 0

to. 06. mai 10:44:25 +0200 2021
     rx_packets: 135122674
     rx_errors: 0
     tx_errors: 0
     rx_dropped: 42933
     rx_length_errors: 0
     rx_crc_errors: 0
     veb.tx_errors: 0
     veb.tc_0_rx_packets: 0
     veb.tc_1_rx_packets: 0
     veb.tc_2_rx_packets: 0
     veb.tc_3_rx_packets: 0
     veb.tc_4_rx_packets: 0
     veb.tc_5_rx_packets: 0
     veb.tc_6_rx_packets: 0
     veb.tc_7_rx_packets: 0
     port.tx_errors: 0
     port.rx_dropped: 0
     port.rx_crc_errors: 0
     port.rx_length_errors: 0

to. 06. mai 10:44:35 +0200 2021
     rx_packets: 154492705
     rx_errors: 0
     tx_errors: 0
     rx_dropped: 42933
     rx_length_errors: 0
     rx_crc_errors: 0
     veb.tx_errors: 0
     veb.tc_0_rx_packets: 0
     veb.tc_1_rx_packets: 0
     veb.tc_2_rx_packets: 0
     veb.tc_3_rx_packets: 0
     veb.tc_4_rx_packets: 0
     veb.tc_5_rx_packets: 0
     veb.tc_6_rx_packets: 0
     veb.tc_7_rx_packets: 0
     port.tx_errors: 0
     port.rx_dropped: 0
     port.rx_crc_errors: 0
     port.rx_length_errors: 0

to. 06. mai 10:44:45 +0200 2021
     rx_packets: 173863902
     rx_errors: 0
     tx_errors: 0
     rx_dropped: 42933
     rx_length_errors: 0
     rx_crc_errors: 0
     veb.tx_errors: 0
     veb.tc_0_rx_packets: 0
     veb.tc_1_rx_packets: 0
     veb.tc_2_rx_packets: 0
     veb.tc_3_rx_packets: 0
     veb.tc_4_rx_packets: 0
     veb.tc_5_rx_packets: 0
     veb.tc_6_rx_packets: 0
     veb.tc_7_rx_packets: 0
     port.tx_errors: 0
     port.rx_dropped: 0
     port.rx_crc_errors: 0
     port.rx_length_errors: 0

to. 06. mai 10:44:55 +0200 2021
     rx_packets: 193234631
     rx_errors: 0
     tx_errors: 0
     rx_dropped: 42955
     rx_length_errors: 0
     rx_crc_errors: 0
     veb.tx_errors: 0
     veb.tc_0_rx_packets: 0
     veb.tc_1_rx_packets: 0
     veb.tc_2_rx_packets: 0
     veb.tc_3_rx_packets: 0
     veb.tc_4_rx_packets: 0
     veb.tc_5_rx_packets: 0
     veb.tc_6_rx_packets: 0
     veb.tc_7_rx_packets: 0
     port.tx_errors: 0
     port.rx_dropped: 0
     port.rx_crc_errors: 0
     port.rx_length_errors: 0

to. 06. mai 10:45:05 +0200 2021
     rx_packets: 212597721
     rx_errors: 0
     tx_errors: 0
     rx_dropped: 51299
     rx_length_errors: 0
     rx_crc_errors: 0
     veb.tx_errors: 0
     veb.tc_0_rx_packets: 0
     veb.tc_1_rx_packets: 0
     veb.tc_2_rx_packets: 0
     veb.tc_3_rx_packets: 0
     veb.tc_4_rx_packets: 0
     veb.tc_5_rx_packets: 0
     veb.tc_6_rx_packets: 0
     veb.tc_7_rx_packets: 0
     port.tx_errors: 0
     port.rx_dropped: 0
     port.rx_crc_errors: 0
     port.rx_length_errors: 0

to. 06. mai 10:45:15 +0200 2021
     rx_packets: 231960189
     rx_errors: 0
     tx_errors: 0
     rx_dropped: 60065
     rx_length_errors: 0
     rx_crc_errors: 0
     veb.tx_errors: 0
     veb.tc_0_rx_packets: 0
     veb.tc_1_rx_packets: 0
     veb.tc_2_rx_packets: 0
     veb.tc_3_rx_packets: 0
     veb.tc_4_rx_packets: 0
     veb.tc_5_rx_packets: 0
     veb.tc_6_rx_packets: 0
     veb.tc_7_rx_packets: 0
     port.tx_errors: 0
     port.rx_dropped: 0
     port.rx_crc_errors: 0
     port.rx_length_errors: 0

to. 06. mai 10:45:25 +0200 2021
     rx_packets: 251330299
     rx_errors: 0
     tx_errors: 0
     rx_dropped: 60073
     rx_length_errors: 0
     rx_crc_errors: 0
     veb.tx_errors: 0
     veb.tc_0_rx_packets: 0
     veb.tc_1_rx_packets: 0
     veb.tc_2_rx_packets: 0
     veb.tc_3_rx_packets: 0
     veb.tc_4_rx_packets: 0
     veb.tc_5_rx_packets: 0
     veb.tc_6_rx_packets: 0
     veb.tc_7_rx_packets: 0
     port.tx_errors: 0
     port.rx_dropped: 0
     port.rx_crc_errors: 0
     port.rx_length_errors: 0

to. 06. mai 10:45:35 +0200 2021
     rx_packets: 270700535
     rx_errors: 0
     tx_errors: 0
     rx_dropped: 60073
     rx_length_errors: 0
     rx_crc_errors: 0
     veb.tx_errors: 0
     veb.tc_0_rx_packets: 0
     veb.tc_1_rx_packets: 0
     veb.tc_2_rx_packets: 0
     veb.tc_3_rx_packets: 0
     veb.tc_4_rx_packets: 0
     veb.tc_5_rx_packets: 0
     veb.tc_6_rx_packets: 0
     veb.tc_7_rx_packets: 0
     port.tx_errors: 0
     port.rx_dropped: 0
     port.rx_crc_errors: 0
     port.rx_length_errors: 0

to. 06. mai 10:45:45 +0200 2021
     rx_packets: 290070348
     rx_errors: 0
     tx_errors: 0
     rx_dropped: 60073
     rx_length_errors: 0
     rx_crc_errors: 0
     veb.tx_errors: 0
     veb.tc_0_rx_packets: 0
     veb.tc_1_rx_packets: 0
     veb.tc_2_rx_packets: 0
     veb.tc_3_rx_packets: 0
     veb.tc_4_rx_packets: 0
     veb.tc_5_rx_packets: 0
     veb.tc_6_rx_packets: 0
     veb.tc_7_rx_packets: 0
     port.tx_errors: 0
     port.rx_dropped: 0
     port.rx_crc_errors: 0
     port.rx_length_errors: 0

to. 06. mai 10:45:55 +0200 2021
     rx_packets: 309414994
     rx_errors: 0
     tx_errors: 0
     rx_dropped: 85724
     rx_length_errors: 0
     rx_crc_errors: 0
     veb.tx_errors: 0
     veb.tc_0_rx_packets: 0
     veb.tc_1_rx_packets: 0
     veb.tc_2_rx_packets: 0
     veb.tc_3_rx_packets: 0
     veb.tc_4_rx_packets: 0
     veb.tc_5_rx_packets: 0
     veb.tc_6_rx_packets: 0
     veb.tc_7_rx_packets: 0
     port.tx_errors: 0
     port.rx_dropped: 0
     port.rx_crc_errors: 0
     port.rx_length_errors: 0

to. 06. mai 10:46:05 +0200 2021
     rx_packets: 328777596
     rx_errors: 0
     tx_errors: 0
     rx_dropped: 92794
     rx_length_errors: 0
     rx_crc_errors: 0
     veb.tx_errors: 0
     veb.tc_0_rx_packets: 0
     veb.tc_1_rx_packets: 0
     veb.tc_2_rx_packets: 0
     veb.tc_3_rx_packets: 0
     veb.tc_4_rx_packets: 0
     veb.tc_5_rx_packets: 0
     veb.tc_6_rx_packets: 0
     veb.tc_7_rx_packets: 0
     port.tx_errors: 0
     port.rx_dropped: 0
     port.rx_crc_errors: 0
     port.rx_length_errors: 0

to. 06. mai 10:46:15 +0200 2021
     rx_packets: 348147739
     rx_errors: 0
     tx_errors: 0
     rx_dropped: 92794
     rx_length_errors: 0
     rx_crc_errors: 0
     veb.tx_errors: 0
     veb.tc_0_rx_packets: 0
     veb.tc_1_rx_packets: 0
     veb.tc_2_rx_packets: 0
     veb.tc_3_rx_packets: 0
     veb.tc_4_rx_packets: 0
     veb.tc_5_rx_packets: 0
     veb.tc_6_rx_packets: 0
     veb.tc_7_rx_packets: 0
     port.tx_errors: 0
     port.rx_dropped: 0
     port.rx_crc_errors: 0
     port.rx_length_errors: 0

to. 06. mai 10:46:25 +0200 2021
     rx_packets: 367516268
     rx_errors: 0
     tx_errors: 0
     rx_dropped: 92829
     rx_length_errors: 0
     rx_crc_errors: 0
     veb.tx_errors: 0
     veb.tc_0_rx_packets: 0
     veb.tc_1_rx_packets: 0
     veb.tc_2_rx_packets: 0
     veb.tc_3_rx_packets: 0
     veb.tc_4_rx_packets: 0
     veb.tc_5_rx_packets: 0
     veb.tc_6_rx_packets: 0
     veb.tc_7_rx_packets: 0
     port.tx_errors: 0
     port.rx_dropped: 0
     port.rx_crc_errors: 0
     port.rx_length_errors: 0

to. 06. mai 10:46:35 +0200 2021
     rx_packets: 386883739
     rx_errors: 0
     tx_errors: 0
     rx_dropped: 92829
     rx_length_errors: 0
     rx_crc_errors: 0
     veb.tx_errors: 0
     veb.tc_0_rx_packets: 0
     veb.tc_1_rx_packets: 0
     veb.tc_2_rx_packets: 0
     veb.tc_3_rx_packets: 0
     veb.tc_4_rx_packets: 0
     veb.tc_5_rx_packets: 0
     veb.tc_6_rx_packets: 0
     veb.tc_7_rx_packets: 0
     port.tx_errors: 0
     port.rx_dropped: 0
     port.rx_crc_errors: 0
     port.rx_length_errors: 0

to. 06. mai 10:46:45 +0200 2021
     rx_packets: 406252671
     rx_errors: 0
     tx_errors: 0
     rx_dropped: 92829
     rx_length_errors: 0
     rx_crc_errors: 0
     veb.tx_errors: 0
     veb.tc_0_rx_packets: 0
     veb.tc_1_rx_packets: 0
     veb.tc_2_rx_packets: 0
     veb.tc_3_rx_packets: 0
     veb.tc_4_rx_packets: 0
     veb.tc_5_rx_packets: 0
     veb.tc_6_rx_packets: 0
     veb.tc_7_rx_packets: 0
     port.tx_errors: 0
     port.rx_dropped: 0
     port.rx_crc_errors: 0
     port.rx_length_errors: 0

to. 06. mai 10:46:55 +0200 2021
     rx_packets: 425621737
     rx_errors: 0
     tx_errors: 0
     rx_dropped: 92829
     rx_length_errors: 0
     rx_crc_errors: 0
     veb.tx_errors: 0
     veb.tc_0_rx_packets: 0
     veb.tc_1_rx_packets: 0
     veb.tc_2_rx_packets: 0
     veb.tc_3_rx_packets: 0
     veb.tc_4_rx_packets: 0
     veb.tc_5_rx_packets: 0
     veb.tc_6_rx_packets: 0
     veb.tc_7_rx_packets: 0
     port.tx_errors: 0
     port.rx_dropped: 0
     port.rx_crc_errors: 0
     port.rx_length_errors: 0

to. 06. mai 10:47:05 +0200 2021
     rx_packets: 444983660
     rx_errors: 0
     tx_errors: 0
     rx_dropped: 101061
     rx_length_errors: 0
     rx_crc_errors: 0
     veb.tx_errors: 0
     veb.tc_0_rx_packets: 0
     veb.tc_1_rx_packets: 0
     veb.tc_2_rx_packets: 0
     veb.tc_3_rx_packets: 0
     veb.tc_4_rx_packets: 0
     veb.tc_5_rx_packets: 0
     veb.tc_6_rx_packets: 0
     veb.tc_7_rx_packets: 0
     port.tx_errors: 0
     port.rx_dropped: 0
     port.rx_crc_errors: 0
     port.rx_length_errors: 0

to. 06. mai 10:47:15 +0200 2021
     rx_packets: 464353535
     rx_errors: 0
     tx_errors: 0
     rx_dropped: 101061
     rx_length_errors: 0
     rx_crc_errors: 0
     veb.tx_errors: 0
     veb.tc_0_rx_packets: 0
     veb.tc_1_rx_packets: 0
     veb.tc_2_rx_packets: 0
     veb.tc_3_rx_packets: 0
     veb.tc_4_rx_packets: 0
     veb.tc_5_rx_packets: 0
     veb.tc_6_rx_packets: 0
     veb.tc_7_rx_packets: 0
     port.tx_errors: 0
     port.rx_dropped: 0
     port.rx_crc_errors: 0
     port.rx_length_errors: 0

to. 06. mai 10:47:25 +0200 2021
     rx_packets: 483724858
     rx_errors: 0
     tx_errors: 0
     rx_dropped: 101063
     rx_length_errors: 0
     rx_crc_errors: 0
     veb.tx_errors: 0
     veb.tc_0_rx_packets: 0
     veb.tc_1_rx_packets: 0
     veb.tc_2_rx_packets: 0
     veb.tc_3_rx_packets: 0
     veb.tc_4_rx_packets: 0
     veb.tc_5_rx_packets: 0
     veb.tc_6_rx_packets: 0
     veb.tc_7_rx_packets: 0
     port.tx_errors: 0
     port.rx_dropped: 0
     port.rx_crc_errors: 0
     port.rx_length_errors: 0

to. 06. mai 10:47:35 +0200 2021
     rx_packets: 502941551
     rx_errors: 0
     tx_errors: 0
     rx_dropped: 256071
     rx_length_errors: 0
     rx_crc_errors: 0
     veb.tx_errors: 0
     veb.tc_0_rx_packets: 0
     veb.tc_1_rx_packets: 0
     veb.tc_2_rx_packets: 0
     veb.tc_3_rx_packets: 0
     veb.tc_4_rx_packets: 0
     veb.tc_5_rx_packets: 0
     veb.tc_6_rx_packets: 0
     veb.tc_7_rx_packets: 0
     port.tx_errors: 0
     port.rx_dropped: 0
     port.rx_crc_errors: 0
     port.rx_length_errors: 0

to. 06. mai 10:47:45 +0200 2021
     rx_packets: 522240211
     rx_errors: 0
     tx_errors: 0
     rx_dropped: 328166
     rx_length_errors: 0
     rx_crc_errors: 0
     veb.tx_errors: 0
     veb.tc_0_rx_packets: 0
     veb.tc_1_rx_packets: 0
     veb.tc_2_rx_packets: 0
     veb.tc_3_rx_packets: 0
     veb.tc_4_rx_packets: 0
     veb.tc_5_rx_packets: 0
     veb.tc_6_rx_packets: 0
     veb.tc_7_rx_packets: 0
     port.tx_errors: 0
     port.rx_dropped: 0
     port.rx_crc_errors: 0
     port.rx_length_errors: 0

to. 06. mai 10:47:55 +0200 2021
     rx_packets: 541609434
     rx_errors: 0
     tx_errors: 0
     rx_dropped: 328166
     rx_length_errors: 0
     rx_crc_errors: 0
     veb.tx_errors: 0
     veb.tc_0_rx_packets: 0
     veb.tc_1_rx_packets: 0
     veb.tc_2_rx_packets: 0
     veb.tc_3_rx_packets: 0
     veb.tc_4_rx_packets: 0
     veb.tc_5_rx_packets: 0
     veb.tc_6_rx_packets: 0
     veb.tc_7_rx_packets: 0
     port.tx_errors: 0
     port.rx_dropped: 0
     port.rx_crc_errors: 0
     port.rx_length_errors: 0

to. 06. mai 10:48:05 +0200 2021
     rx_packets: 560980374
     rx_errors: 0
     tx_errors: 0
     rx_dropped: 328186
     rx_length_errors: 0
     rx_crc_errors: 0
     veb.tx_errors: 0
     veb.tc_0_rx_packets: 0
     veb.tc_1_rx_packets: 0
     veb.tc_2_rx_packets: 0
     veb.tc_3_rx_packets: 0
     veb.tc_4_rx_packets: 0
     veb.tc_5_rx_packets: 0
     veb.tc_6_rx_packets: 0
     veb.tc_7_rx_packets: 0
     port.tx_errors: 0
     port.rx_dropped: 0
     port.rx_crc_errors: 0
     port.rx_length_errors: 0

to. 06. mai 10:48:15 +0200 2021
     rx_packets: 580350687
     rx_errors: 0
     tx_errors: 0
     rx_dropped: 328186
     rx_length_errors: 0
     rx_crc_errors: 0
     veb.tx_errors: 0
     veb.tc_0_rx_packets: 0
     veb.tc_1_rx_packets: 0
     veb.tc_2_rx_packets: 0
     veb.tc_3_rx_packets: 0
     veb.tc_4_rx_packets: 0
     veb.tc_5_rx_packets: 0
     veb.tc_6_rx_packets: 0
     veb.tc_7_rx_packets: 0
     port.tx_errors: 0
     port.rx_dropped: 0
     port.rx_crc_errors: 0
     port.rx_length_errors: 0